2025-01-18 18:36:25,263 - root - INFO - Setup seed: 1231312
2025-01-18 18:36:25,324 - root - INFO - Using device: cuda
2025-01-18 18:36:25,361 - root - INFO - Visualization of transformation saved to /media/sdb/ddh/Big-HW/output/train_22/visualization/transformation.png
2025-01-18 18:36:25,368 - root - INFO - Training samples: 2520, Testing samples: 372
2025-01-18 18:36:25,368 - root - INFO - Classes: ['paper', 'rock', 'scissors']
2025-01-18 18:36:25,368 - root - INFO - Training set class distribution:
2025-01-18 18:36:25,368 - root - INFO - paper: 840
2025-01-18 18:36:25,368 - root - INFO - rock: 840
2025-01-18 18:36:25,369 - root - INFO - scissors: 840
2025-01-18 18:36:25,369 - root - INFO - Testing set class distribution:
2025-01-18 18:36:25,369 - root - INFO - paper: 124
2025-01-18 18:36:25,369 - root - INFO - rock: 124
2025-01-18 18:36:25,369 - root - INFO - scissors: 124
2025-01-18 18:36:34,922 - root - INFO - Epoch 1/100, Loss: 0.5373812375702199
2025-01-18 18:36:36,102 - root - INFO - Accuracy after epoch 1: 87.09677419354838%
2025-01-18 18:36:36,104 - root - INFO - Confusion Matrix:
2025-01-18 18:36:36,105 - root - INFO - 
[[104  12   8]
 [ 10  98  16]
 [  2   0 122]]
2025-01-18 18:36:44,861 - root - INFO - Epoch 2/100, Loss: 0.03624761123224928
2025-01-18 18:36:46,026 - root - INFO - Accuracy after epoch 2: 85.21505376344086%
2025-01-18 18:36:46,028 - root - INFO - Confusion Matrix:
2025-01-18 18:36:46,029 - root - INFO - 
[[105   9  10]
 [  6 103  15]
 [ 11   4 109]]
2025-01-18 18:36:54,984 - root - INFO - Epoch 3/100, Loss: 0.0021977567612339044
2025-01-18 18:36:56,171 - root - INFO - Accuracy after epoch 3: 86.55913978494624%
2025-01-18 18:36:56,173 - root - INFO - Confusion Matrix:
2025-01-18 18:36:56,173 - root - INFO - 
[[109   3  12]
 [  9 101  14]
 [ 12   0 112]]
2025-01-18 18:37:05,181 - root - INFO - Epoch 4/100, Loss: 0.002796236051087558
2025-01-18 18:37:06,374 - root - INFO - Accuracy after epoch 4: 84.94623655913979%
2025-01-18 18:37:06,376 - root - INFO - Confusion Matrix:
2025-01-18 18:37:06,377 - root - INFO - 
[[ 95   3  26]
 [  6 102  16]
 [  5   0 119]]
2025-01-18 18:37:15,328 - root - INFO - Epoch 5/100, Loss: 0.000522522410216845
2025-01-18 18:37:16,518 - root - INFO - Accuracy after epoch 5: 86.82795698924731%
2025-01-18 18:37:16,520 - root - INFO - Confusion Matrix:
2025-01-18 18:37:16,520 - root - INFO - 
[[105   5  14]
 [  5 104  15]
 [ 10   0 114]]
2025-01-18 18:37:25,498 - root - INFO - Epoch 6/100, Loss: 0.008786284802965118
2025-01-18 18:37:26,689 - root - INFO - Accuracy after epoch 6: 86.82795698924731%
2025-01-18 18:37:26,691 - root - INFO - Confusion Matrix:
2025-01-18 18:37:26,691 - root - INFO - 
[[104   8  12]
 [  9  99  16]
 [  4   0 120]]
2025-01-18 18:37:35,712 - root - INFO - Epoch 7/100, Loss: 0.036942620505468295
2025-01-18 18:37:36,871 - root - INFO - Accuracy after epoch 7: 85.21505376344086%
2025-01-18 18:37:36,873 - root - INFO - Confusion Matrix:
2025-01-18 18:37:36,873 - root - INFO - 
[[107   9   8]
 [  8  98  18]
 [ 10   2 112]]
2025-01-18 18:37:45,972 - root - INFO - Epoch 8/100, Loss: 0.0021077594144247986
2025-01-18 18:37:47,127 - root - INFO - Accuracy after epoch 8: 90.05376344086021%
2025-01-18 18:37:47,128 - root - INFO - Confusion Matrix:
2025-01-18 18:37:47,129 - root - INFO - 
[[111   6   7]
 [  2 108  14]
 [  8   0 116]]
2025-01-18 18:37:55,428 - root - INFO - Epoch 9/100, Loss: 0.002031769843057778
2025-01-18 18:37:56,574 - root - INFO - Accuracy after epoch 9: 88.44086021505376%
2025-01-18 18:37:56,576 - root - INFO - Confusion Matrix:
2025-01-18 18:37:56,576 - root - INFO - 
[[114   4   6]
 [  2 110  12]
 [ 19   0 105]]
2025-01-18 18:38:05,049 - root - INFO - Epoch 10/100, Loss: 5.0894994408504546e-05
2025-01-18 18:38:06,212 - root - INFO - Accuracy after epoch 10: 88.44086021505376%
2025-01-18 18:38:06,214 - root - INFO - Confusion Matrix:
2025-01-18 18:38:06,214 - root - INFO - 
[[110   6   8]
 [  1 113  10]
 [ 17   1 106]]
2025-01-18 18:38:15,184 - root - INFO - Epoch 11/100, Loss: 2.216624446044272e-05
2025-01-18 18:38:16,337 - root - INFO - Accuracy after epoch 11: 91.12903225806451%
2025-01-18 18:38:16,339 - root - INFO - Confusion Matrix:
2025-01-18 18:38:16,339 - root - INFO - 
[[113   4   7]
 [  1 114   9]
 [ 11   1 112]]
2025-01-18 18:38:25,296 - root - INFO - Epoch 12/100, Loss: 2.6943277803335277e-05
2025-01-18 18:38:26,488 - root - INFO - Accuracy after epoch 12: 88.97849462365592%
2025-01-18 18:38:26,490 - root - INFO - Confusion Matrix:
2025-01-18 18:38:26,490 - root - INFO - 
[[111   3  10]
 [  3 109  12]
 [ 13   0 111]]
2025-01-18 18:38:35,460 - root - INFO - Epoch 13/100, Loss: 4.97803798743886e-06
2025-01-18 18:38:36,653 - root - INFO - Accuracy after epoch 13: 88.97849462365592%
2025-01-18 18:38:36,655 - root - INFO - Confusion Matrix:
2025-01-18 18:38:36,655 - root - INFO - 
[[112   3   9]
 [  1 112  11]
 [ 16   1 107]]
2025-01-18 18:38:45,708 - root - INFO - Epoch 14/100, Loss: 7.535696713599055e-06
2025-01-18 18:38:46,947 - root - INFO - Accuracy after epoch 14: 88.70967741935483%
2025-01-18 18:38:46,949 - root - INFO - Confusion Matrix:
2025-01-18 18:38:46,949 - root - INFO - 
[[106   6  12]
 [  2 110  12]
 [ 10   0 114]]
2025-01-18 18:38:56,180 - root - INFO - Epoch 15/100, Loss: 4.340419696895386e-06
2025-01-18 18:38:57,338 - root - INFO - Accuracy after epoch 15: 88.97849462365592%
2025-01-18 18:38:57,339 - root - INFO - Confusion Matrix:
2025-01-18 18:38:57,340 - root - INFO - 
[[109   4  11]
 [  3 110  11]
 [ 12   0 112]]
2025-01-18 18:39:06,371 - root - INFO - Epoch 16/100, Loss: 9.325111155118414e-06
2025-01-18 18:39:07,529 - root - INFO - Accuracy after epoch 16: 87.63440860215054%
2025-01-18 18:39:07,530 - root - INFO - Confusion Matrix:
2025-01-18 18:39:07,530 - root - INFO - 
[[115   2   7]
 [  3 109  12]
 [ 22   0 102]]
2025-01-18 18:39:16,586 - root - INFO - Epoch 17/100, Loss: 7.175262480275823e-06
2025-01-18 18:39:17,753 - root - INFO - Accuracy after epoch 17: 88.44086021505376%
2025-01-18 18:39:17,755 - root - INFO - Confusion Matrix:
2025-01-18 18:39:17,755 - root - INFO - 
[[110   8   6]
 [  2 111  11]
 [ 16   0 108]]
2025-01-18 18:39:26,629 - root - INFO - Epoch 18/100, Loss: 3.6643578351731543e-06
2025-01-18 18:39:27,784 - root - INFO - Accuracy after epoch 18: 86.82795698924731%
2025-01-18 18:39:27,785 - root - INFO - Confusion Matrix:
2025-01-18 18:39:27,785 - root - INFO - 
[[111   4   9]
 [  4 107  13]
 [ 19   0 105]]
2025-01-18 18:39:36,549 - root - INFO - Epoch 19/100, Loss: 6.753812442703819e-06
2025-01-18 18:39:37,700 - root - INFO - Accuracy after epoch 19: 90.3225806451613%
2025-01-18 18:39:37,702 - root - INFO - Confusion Matrix:
2025-01-18 18:39:37,702 - root - INFO - 
[[113   3   8]
 [  4 111   9]
 [ 12   0 112]]
2025-01-18 18:39:46,420 - root - INFO - Epoch 20/100, Loss: 6.597684605634377e-06
2025-01-18 18:39:47,573 - root - INFO - Accuracy after epoch 20: 88.97849462365592%
2025-01-18 18:39:47,575 - root - INFO - Confusion Matrix:
2025-01-18 18:39:47,575 - root - INFO - 
[[115   2   7]
 [  2 113   9]
 [ 21   0 103]]
2025-01-18 18:39:56,400 - root - INFO - Epoch 21/100, Loss: 2.4187030404203476e-06
2025-01-18 18:39:57,553 - root - INFO - Accuracy after epoch 21: 87.63440860215054%
2025-01-18 18:39:57,554 - root - INFO - Confusion Matrix:
2025-01-18 18:39:57,554 - root - INFO - 
[[110   4  10]
 [  4 110  10]
 [ 18   0 106]]
2025-01-18 18:40:06,432 - root - INFO - Epoch 22/100, Loss: 1.1419678110618144e-06
2025-01-18 18:40:07,585 - root - INFO - Accuracy after epoch 22: 89.24731182795699%
2025-01-18 18:40:07,587 - root - INFO - Confusion Matrix:
2025-01-18 18:40:07,587 - root - INFO - 
[[115   2   7]
 [  4 110  10]
 [ 17   0 107]]
2025-01-18 18:40:16,324 - root - INFO - Epoch 23/100, Loss: 7.977843748937887e-07
2025-01-18 18:40:17,477 - root - INFO - Accuracy after epoch 23: 88.97849462365592%
2025-01-18 18:40:17,479 - root - INFO - Confusion Matrix:
2025-01-18 18:40:17,479 - root - INFO - 
[[110   4  10]
 [  3 109  12]
 [ 12   0 112]]
2025-01-18 18:40:26,180 - root - INFO - Epoch 24/100, Loss: 1.2625623760625012e-06
2025-01-18 18:40:27,328 - root - INFO - Accuracy after epoch 24: 89.78494623655914%
2025-01-18 18:40:27,329 - root - INFO - Confusion Matrix:
2025-01-18 18:40:27,329 - root - INFO - 
[[111   5   8]
 [  2 112  10]
 [ 13   0 111]]
2025-01-18 18:40:36,101 - root - INFO - Epoch 25/100, Loss: 9.001815066604968e-07
2025-01-18 18:40:37,267 - root - INFO - Accuracy after epoch 25: 86.82795698924731%
2025-01-18 18:40:37,269 - root - INFO - Confusion Matrix:
2025-01-18 18:40:37,269 - root - INFO - 
[[112   5   7]
 [  5 106  13]
 [ 19   0 105]]
2025-01-18 18:40:46,072 - root - INFO - Epoch 26/100, Loss: 6.784102788454445e-07
2025-01-18 18:40:47,229 - root - INFO - Accuracy after epoch 26: 89.24731182795699%
2025-01-18 18:40:47,230 - root - INFO - Confusion Matrix:
2025-01-18 18:40:47,231 - root - INFO - 
[[111   3  10]
 [  3 110  11]
 [ 13   0 111]]
2025-01-18 18:40:56,012 - root - INFO - Epoch 27/100, Loss: 5.418682037502778e-07
2025-01-18 18:40:57,162 - root - INFO - Accuracy after epoch 27: 89.78494623655914%
2025-01-18 18:40:57,164 - root - INFO - Confusion Matrix:
2025-01-18 18:40:57,164 - root - INFO - 
[[111   7   6]
 [  1 113  10]
 [ 14   0 110]]
2025-01-18 18:41:05,941 - root - INFO - Epoch 28/100, Loss: 8.178466446520684e-07
2025-01-18 18:41:07,103 - root - INFO - Accuracy after epoch 28: 88.70967741935483%
2025-01-18 18:41:07,104 - root - INFO - Confusion Matrix:
2025-01-18 18:41:07,104 - root - INFO - 
[[107   7  10]
 [  3 111  10]
 [ 12   0 112]]
2025-01-18 18:41:15,950 - root - INFO - Epoch 29/100, Loss: 6.105389939943476e-07
2025-01-18 18:41:17,110 - root - INFO - Accuracy after epoch 29: 88.97849462365592%
2025-01-18 18:41:17,112 - root - INFO - Confusion Matrix:
2025-01-18 18:41:17,112 - root - INFO - 
[[113   4   7]
 [  2 110  12]
 [ 16   0 108]]
2025-01-18 18:41:25,926 - root - INFO - Epoch 30/100, Loss: 6.042986165719464e-06
2025-01-18 18:41:27,087 - root - INFO - Accuracy after epoch 30: 87.90322580645162%
2025-01-18 18:41:27,088 - root - INFO - Confusion Matrix:
2025-01-18 18:41:27,088 - root - INFO - 
[[115   4   5]
 [  2 112  10]
 [ 24   0 100]]
2025-01-18 18:41:35,909 - root - INFO - Epoch 31/100, Loss: 8.629305392105919e-07
2025-01-18 18:41:37,073 - root - INFO - Accuracy after epoch 31: 88.70967741935483%
2025-01-18 18:41:37,074 - root - INFO - Confusion Matrix:
2025-01-18 18:41:37,074 - root - INFO - 
[[114   5   5]
 [  4 107  13]
 [ 15   0 109]]
2025-01-18 18:41:45,839 - root - INFO - Epoch 32/100, Loss: 1.1527281686822174e-06
2025-01-18 18:41:47,004 - root - INFO - Accuracy after epoch 32: 87.63440860215054%
2025-01-18 18:41:47,006 - root - INFO - Confusion Matrix:
2025-01-18 18:41:47,006 - root - INFO - 
[[106   6  12]
 [  1 113  10]
 [ 17   0 107]]
2025-01-18 18:41:55,884 - root - INFO - Epoch 33/100, Loss: 4.986960963872543e-07
2025-01-18 18:41:57,098 - root - INFO - Accuracy after epoch 33: 87.09677419354838%
2025-01-18 18:41:57,100 - root - INFO - Confusion Matrix:
2025-01-18 18:41:57,100 - root - INFO - 
[[112   4   8]
 [  2 111  11]
 [ 23   0 101]]
2025-01-18 18:42:05,849 - root - INFO - Epoch 34/100, Loss: 7.710126713562019e-07
2025-01-18 18:42:07,009 - root - INFO - Accuracy after epoch 34: 88.70967741935483%
2025-01-18 18:42:07,010 - root - INFO - Confusion Matrix:
2025-01-18 18:42:07,010 - root - INFO - 
[[114   4   6]
 [  4 109  11]
 [ 17   0 107]]
2025-01-18 18:42:15,777 - root - INFO - Epoch 35/100, Loss: 1.0030137331638157e-06
2025-01-18 18:42:16,937 - root - INFO - Accuracy after epoch 35: 86.55913978494624%
2025-01-18 18:42:16,938 - root - INFO - Confusion Matrix:
2025-01-18 18:42:16,939 - root - INFO - 
[[111   6   7]
 [  3 110  11]
 [ 23   0 101]]
2025-01-18 18:42:25,735 - root - INFO - Epoch 36/100, Loss: 4.2792374706452583e-07
2025-01-18 18:42:26,891 - root - INFO - Accuracy after epoch 36: 89.51612903225806%
2025-01-18 18:42:26,892 - root - INFO - Confusion Matrix:
2025-01-18 18:42:26,892 - root - INFO - 
[[115   1   8]
 [  5 108  11]
 [ 14   0 110]]
2025-01-18 18:42:35,655 - root - INFO - Epoch 37/100, Loss: 3.391041705495162e-07
2025-01-18 18:42:36,821 - root - INFO - Accuracy after epoch 37: 87.36559139784946%
2025-01-18 18:42:36,822 - root - INFO - Confusion Matrix:
2025-01-18 18:42:36,823 - root - INFO - 
[[110   4  10]
 [  4 109  11]
 [ 18   0 106]]
2025-01-18 18:42:45,604 - root - INFO - Epoch 38/100, Loss: 4.21874068562352e-07
2025-01-18 18:42:46,761 - root - INFO - Accuracy after epoch 38: 88.97849462365592%
2025-01-18 18:42:46,762 - root - INFO - Confusion Matrix:
2025-01-18 18:42:46,763 - root - INFO - 
[[114   2   8]
 [  4 111   9]
 [ 18   0 106]]
2025-01-18 18:42:55,607 - root - INFO - Epoch 39/100, Loss: 1.0201291225087061e-06
2025-01-18 18:42:56,767 - root - INFO - Accuracy after epoch 39: 87.90322580645162%
2025-01-18 18:42:56,768 - root - INFO - Confusion Matrix:
2025-01-18 18:42:56,768 - root - INFO - 
[[111   5   8]
 [  4 109  11]
 [ 17   0 107]]
2025-01-18 18:43:05,535 - root - INFO - Epoch 40/100, Loss: 4.888358890474662e-07
2025-01-18 18:43:06,697 - root - INFO - Accuracy after epoch 40: 85.75268817204301%
2025-01-18 18:43:06,699 - root - INFO - Confusion Matrix:
2025-01-18 18:43:06,699 - root - INFO - 
[[109   3  12]
 [  7 103  14]
 [ 17   0 107]]
2025-01-18 18:43:15,124 - root - INFO - Epoch 41/100, Loss: 3.445715078187894e-07
2025-01-18 18:43:16,274 - root - INFO - Accuracy after epoch 41: 89.24731182795699%
2025-01-18 18:43:16,275 - root - INFO - Confusion Matrix:
2025-01-18 18:43:16,276 - root - INFO - 
[[112   4   8]
 [  2 112  10]
 [ 16   0 108]]
2025-01-18 18:43:25,002 - root - INFO - Epoch 42/100, Loss: 4.0090636471068897e-07
2025-01-18 18:43:26,169 - root - INFO - Accuracy after epoch 42: 89.24731182795699%
2025-01-18 18:43:26,171 - root - INFO - Confusion Matrix:
2025-01-18 18:43:26,171 - root - INFO - 
[[112   3   9]
 [  4 112   8]
 [ 16   0 108]]
2025-01-18 18:43:34,984 - root - INFO - Epoch 43/100, Loss: 1.9264478857146471e-07
2025-01-18 18:43:36,139 - root - INFO - Accuracy after epoch 43: 88.44086021505376%
2025-01-18 18:43:36,140 - root - INFO - Confusion Matrix:
2025-01-18 18:43:36,140 - root - INFO - 
[[111   6   7]
 [  2 112  10]
 [ 18   0 106]]
2025-01-18 18:43:44,981 - root - INFO - Epoch 44/100, Loss: 7.787375203642024e-07
2025-01-18 18:43:46,142 - root - INFO - Accuracy after epoch 44: 87.90322580645162%
2025-01-18 18:43:46,143 - root - INFO - Confusion Matrix:
2025-01-18 18:43:46,143 - root - INFO - 
[[112   2  10]
 [  4 110  10]
 [ 18   1 105]]
