2025-01-18 15:41:16,191 - root - INFO - Setup seed: 1231312
2025-01-18 15:41:16,253 - root - INFO - Using device: cuda
2025-01-18 15:41:16,291 - root - INFO - Visualization of transformation saved to /media/sdb/ddh/Big-HW/output/train_21/visualization/transformation.png
2025-01-18 15:41:16,299 - root - INFO - Training samples: 2520, Testing samples: 372
2025-01-18 15:41:16,299 - root - INFO - Classes: ['paper', 'rock', 'scissors']
2025-01-18 15:41:16,299 - root - INFO - Training set class distribution:
2025-01-18 15:41:16,299 - root - INFO - paper: 840
2025-01-18 15:41:16,299 - root - INFO - rock: 840
2025-01-18 15:41:16,299 - root - INFO - scissors: 840
2025-01-18 15:41:16,300 - root - INFO - Testing set class distribution:
2025-01-18 15:41:16,300 - root - INFO - paper: 124
2025-01-18 15:41:16,300 - root - INFO - rock: 124
2025-01-18 15:41:16,300 - root - INFO - scissors: 124
2025-01-18 15:41:25,599 - root - INFO - Epoch 1/100, Loss: 0.536572738597759
2025-01-18 15:41:26,801 - root - INFO - Accuracy after epoch 1: 89.78494623655914%
2025-01-18 15:41:26,804 - root - INFO - Confusion Matrix:
2025-01-18 15:41:26,804 - root - INFO - 
[[118   5   1]
 [ 12  95  17]
 [  3   0 121]]
2025-01-18 15:41:35,726 - root - INFO - Epoch 2/100, Loss: 0.02765370235237576
2025-01-18 15:41:36,881 - root - INFO - Accuracy after epoch 2: 86.02150537634408%
2025-01-18 15:41:36,883 - root - INFO - Confusion Matrix:
2025-01-18 15:41:36,883 - root - INFO - 
[[ 93  18  13]
 [  2 107  15]
 [  2   2 120]]
2025-01-18 15:41:45,625 - root - INFO - Epoch 3/100, Loss: 0.01475542480698153
2025-01-18 15:41:46,778 - root - INFO - Accuracy after epoch 3: 88.97849462365592%
2025-01-18 15:41:46,780 - root - INFO - Confusion Matrix:
2025-01-18 15:41:46,781 - root - INFO - 
[[108   7   9]
 [  0 112  12]
 [  8   5 111]]
2025-01-18 15:41:55,501 - root - INFO - Epoch 4/100, Loss: 0.009480155026111891
2025-01-18 15:41:56,651 - root - INFO - Accuracy after epoch 4: 90.59139784946237%
2025-01-18 15:41:56,653 - root - INFO - Confusion Matrix:
2025-01-18 15:41:56,653 - root - INFO - 
[[113   4   7]
 [  2 109  13]
 [  9   0 115]]
2025-01-18 15:42:05,613 - root - INFO - Epoch 5/100, Loss: 0.005349388317824113
2025-01-18 15:42:06,787 - root - INFO - Accuracy after epoch 5: 89.24731182795699%
2025-01-18 15:42:06,789 - root - INFO - Confusion Matrix:
2025-01-18 15:42:06,790 - root - INFO - 
[[114   2   8]
 [  7 102  15]
 [  8   0 116]]
2025-01-18 15:42:15,558 - root - INFO - Epoch 6/100, Loss: 0.015055000191776781
2025-01-18 15:42:16,712 - root - INFO - Accuracy after epoch 6: 87.09677419354838%
2025-01-18 15:42:16,713 - root - INFO - Confusion Matrix:
2025-01-18 15:42:16,714 - root - INFO - 
[[113  11   0]
 [  1 111  12]
 [ 21   3 100]]
2025-01-18 15:42:25,491 - root - INFO - Epoch 7/100, Loss: 0.014980726074977782
2025-01-18 15:42:26,639 - root - INFO - Accuracy after epoch 7: 90.3225806451613%
2025-01-18 15:42:26,641 - root - INFO - Confusion Matrix:
2025-01-18 15:42:26,641 - root - INFO - 
[[121   3   0]
 [  4 108  12]
 [ 17   0 107]]
2025-01-18 15:42:35,412 - root - INFO - Epoch 8/100, Loss: 0.001992919248938437
2025-01-18 15:42:36,571 - root - INFO - Accuracy after epoch 8: 89.51612903225806%
2025-01-18 15:42:36,573 - root - INFO - Confusion Matrix:
2025-01-18 15:42:36,573 - root - INFO - 
[[107   4  13]
 [  3 107  14]
 [  3   2 119]]
2025-01-18 15:42:45,427 - root - INFO - Epoch 9/100, Loss: 0.0009267132328136217
2025-01-18 15:42:46,624 - root - INFO - Accuracy after epoch 9: 90.05376344086021%
2025-01-18 15:42:46,626 - root - INFO - Confusion Matrix:
2025-01-18 15:42:46,626 - root - INFO - 
[[116   4   4]
 [  9 102  13]
 [  7   0 117]]
2025-01-18 15:42:55,593 - root - INFO - Epoch 10/100, Loss: 0.00011860683816726134
2025-01-18 15:42:56,742 - root - INFO - Accuracy after epoch 10: 87.09677419354838%
2025-01-18 15:42:56,744 - root - INFO - Confusion Matrix:
2025-01-18 15:42:56,744 - root - INFO - 
[[112   4   8]
 [  8 101  15]
 [ 12   1 111]]
2025-01-18 15:43:05,684 - root - INFO - Epoch 11/100, Loss: 4.4702100302524214e-05
2025-01-18 15:43:06,868 - root - INFO - Accuracy after epoch 11: 88.97849462365592%
2025-01-18 15:43:06,869 - root - INFO - Confusion Matrix:
2025-01-18 15:43:06,870 - root - INFO - 
[[113   4   7]
 [  8 102  14]
 [  8   0 116]]
2025-01-18 15:43:15,778 - root - INFO - Epoch 12/100, Loss: 0.00026624103366402763
2025-01-18 15:43:16,969 - root - INFO - Accuracy after epoch 12: 87.90322580645162%
2025-01-18 15:43:16,970 - root - INFO - Confusion Matrix:
2025-01-18 15:43:16,971 - root - INFO - 
[[112   4   8]
 [  6 105  13]
 [ 11   3 110]]
2025-01-18 15:43:25,989 - root - INFO - Epoch 13/100, Loss: 5.682189306169577e-05
2025-01-18 15:43:27,148 - root - INFO - Accuracy after epoch 13: 88.17204301075269%
2025-01-18 15:43:27,149 - root - INFO - Confusion Matrix:
2025-01-18 15:43:27,149 - root - INFO - 
[[111   3  10]
 [  8 103  13]
 [  9   1 114]]
2025-01-18 15:43:36,118 - root - INFO - Epoch 14/100, Loss: 0.00034447000480715645
2025-01-18 15:43:37,306 - root - INFO - Accuracy after epoch 14: 78.2258064516129%
2025-01-18 15:43:37,308 - root - INFO - Confusion Matrix:
2025-01-18 15:43:37,308 - root - INFO - 
[[ 82  32  10]
 [  1 109  14]
 [ 10  14 100]]
2025-01-18 15:43:46,260 - root - INFO - Epoch 15/100, Loss: 0.026067598861512258
2025-01-18 15:43:47,455 - root - INFO - Accuracy after epoch 15: 83.06451612903226%
2025-01-18 15:43:47,457 - root - INFO - Confusion Matrix:
2025-01-18 15:43:47,457 - root - INFO - 
[[103   9  12]
 [  1 109  14]
 [ 17  10  97]]
2025-01-18 15:43:56,378 - root - INFO - Epoch 16/100, Loss: 0.02960833306252005
2025-01-18 15:43:57,569 - root - INFO - Accuracy after epoch 16: 88.70967741935483%
2025-01-18 15:43:57,570 - root - INFO - Confusion Matrix:
2025-01-18 15:43:57,570 - root - INFO - 
[[110   0  14]
 [  5 107  12]
 [ 11   0 113]]
2025-01-18 15:44:06,502 - root - INFO - Epoch 17/100, Loss: 0.041041377829839264
2025-01-18 15:44:07,691 - root - INFO - Accuracy after epoch 17: 88.17204301075269%
2025-01-18 15:44:07,693 - root - INFO - Confusion Matrix:
2025-01-18 15:44:07,693 - root - INFO - 
[[109   0  15]
 [ 12  99  13]
 [  1   3 120]]
2025-01-18 15:44:16,665 - root - INFO - Epoch 18/100, Loss: 0.008725386429333959
2025-01-18 15:44:17,855 - root - INFO - Accuracy after epoch 18: 89.24731182795699%
2025-01-18 15:44:17,857 - root - INFO - Confusion Matrix:
2025-01-18 15:44:17,857 - root - INFO - 
[[112   5   7]
 [  1 109  14]
 [ 12   1 111]]
2025-01-18 15:44:26,794 - root - INFO - Epoch 19/100, Loss: 0.00020210430278704762
2025-01-18 15:44:27,986 - root - INFO - Accuracy after epoch 19: 88.97849462365592%
2025-01-18 15:44:27,988 - root - INFO - Confusion Matrix:
2025-01-18 15:44:27,988 - root - INFO - 
[[106  10   8]
 [  0 116   8]
 [ 12   3 109]]
2025-01-18 15:44:36,894 - root - INFO - Epoch 20/100, Loss: 0.013142210432009468
2025-01-18 15:44:38,084 - root - INFO - Accuracy after epoch 20: 87.09677419354838%
2025-01-18 15:44:38,086 - root - INFO - Confusion Matrix:
2025-01-18 15:44:38,086 - root - INFO - 
[[ 99  13  12]
 [  2 108  14]
 [  7   0 117]]
2025-01-18 15:44:46,927 - root - INFO - Epoch 21/100, Loss: 0.0052572521262573
2025-01-18 15:44:48,083 - root - INFO - Accuracy after epoch 21: 90.86021505376344%
2025-01-18 15:44:48,084 - root - INFO - Confusion Matrix:
2025-01-18 15:44:48,084 - root - INFO - 
[[117   2   5]
 [  3 113   8]
 [ 16   0 108]]
2025-01-18 15:44:56,827 - root - INFO - Epoch 22/100, Loss: 0.01055170705989171
2025-01-18 15:44:57,982 - root - INFO - Accuracy after epoch 22: 85.21505376344086%
2025-01-18 15:44:57,983 - root - INFO - Confusion Matrix:
2025-01-18 15:44:57,983 - root - INFO - 
[[ 98   9  17]
 [  4 115   5]
 [  9  11 104]]
2025-01-18 15:45:06,917 - root - INFO - Epoch 23/100, Loss: 0.0012951134343934098
2025-01-18 15:45:08,104 - root - INFO - Accuracy after epoch 23: 88.44086021505376%
2025-01-18 15:45:08,105 - root - INFO - Confusion Matrix:
2025-01-18 15:45:08,106 - root - INFO - 
[[111   1  12]
 [  5 112   7]
 [ 15   3 106]]
2025-01-18 15:45:17,029 - root - INFO - Epoch 24/100, Loss: 0.0006526583773089141
2025-01-18 15:45:18,220 - root - INFO - Accuracy after epoch 24: 87.36559139784946%
2025-01-18 15:45:18,222 - root - INFO - Confusion Matrix:
2025-01-18 15:45:18,222 - root - INFO - 
[[105   7  12]
 [  4 114   6]
 [ 15   3 106]]
2025-01-18 15:45:27,152 - root - INFO - Epoch 25/100, Loss: 0.00010291646650577214
2025-01-18 15:45:28,340 - root - INFO - Accuracy after epoch 25: 88.17204301075269%
2025-01-18 15:45:28,342 - root - INFO - Confusion Matrix:
2025-01-18 15:45:28,342 - root - INFO - 
[[110   7   7]
 [  5 111   8]
 [ 16   1 107]]
2025-01-18 15:45:37,317 - root - INFO - Epoch 26/100, Loss: 5.833661570750598e-05
2025-01-18 15:45:38,508 - root - INFO - Accuracy after epoch 26: 89.51612903225806%
2025-01-18 15:45:38,510 - root - INFO - Confusion Matrix:
2025-01-18 15:45:38,510 - root - INFO - 
[[110   4  10]
 [  3 114   7]
 [ 14   1 109]]
2025-01-18 15:45:47,364 - root - INFO - Epoch 27/100, Loss: 0.0022244185752823263
2025-01-18 15:45:48,530 - root - INFO - Accuracy after epoch 27: 89.24731182795699%
2025-01-18 15:45:48,532 - root - INFO - Confusion Matrix:
2025-01-18 15:45:48,532 - root - INFO - 
[[110   2  12]
 [  2 113   9]
 [ 12   3 109]]
2025-01-18 15:45:57,394 - root - INFO - Epoch 28/100, Loss: 4.572026811664015e-05
2025-01-18 15:45:58,547 - root - INFO - Accuracy after epoch 28: 90.3225806451613%
2025-01-18 15:45:58,548 - root - INFO - Confusion Matrix:
2025-01-18 15:45:58,548 - root - INFO - 
[[117   0   7]
 [  5 111   8]
 [ 15   1 108]]
2025-01-18 15:46:07,513 - root - INFO - Epoch 29/100, Loss: 0.00012170690659295955
2025-01-18 15:46:08,702 - root - INFO - Accuracy after epoch 29: 89.24731182795699%
2025-01-18 15:46:08,703 - root - INFO - Confusion Matrix:
2025-01-18 15:46:08,703 - root - INFO - 
[[113   0  11]
 [  4 109  11]
 [ 13   1 110]]
2025-01-18 15:46:17,643 - root - INFO - Epoch 30/100, Loss: 2.5223173322160798e-05
2025-01-18 15:46:18,835 - root - INFO - Accuracy after epoch 30: 90.3225806451613%
2025-01-18 15:46:18,837 - root - INFO - Confusion Matrix:
2025-01-18 15:46:18,837 - root - INFO - 
[[115   0   9]
 [  4 111   9]
 [ 13   1 110]]
2025-01-18 15:46:27,881 - root - INFO - Epoch 31/100, Loss: 1.86060975899345e-05
2025-01-18 15:46:29,070 - root - INFO - Accuracy after epoch 31: 90.86021505376344%
2025-01-18 15:46:29,071 - root - INFO - Confusion Matrix:
2025-01-18 15:46:29,071 - root - INFO - 
[[118   0   6]
 [  4 109  11]
 [ 12   1 111]]
2025-01-18 15:46:37,993 - root - INFO - Epoch 32/100, Loss: 1.2071471259545728e-05
2025-01-18 15:46:39,179 - root - INFO - Accuracy after epoch 32: 89.51612903225806%
2025-01-18 15:46:39,180 - root - INFO - Confusion Matrix:
2025-01-18 15:46:39,180 - root - INFO - 
[[114   0  10]
 [  3 111  10]
 [ 12   4 108]]
2025-01-18 15:46:48,103 - root - INFO - Epoch 33/100, Loss: 1.7888953081290764e-05
2025-01-18 15:46:49,293 - root - INFO - Accuracy after epoch 33: 89.51612903225806%
2025-01-18 15:46:49,295 - root - INFO - Confusion Matrix:
2025-01-18 15:46:49,295 - root - INFO - 
[[114   1   9]
 [  4 112   8]
 [ 14   3 107]]
2025-01-18 15:46:58,205 - root - INFO - Epoch 34/100, Loss: 5.229871803998597e-06
2025-01-18 15:46:59,391 - root - INFO - Accuracy after epoch 34: 89.78494623655914%
2025-01-18 15:46:59,393 - root - INFO - Confusion Matrix:
2025-01-18 15:46:59,393 - root - INFO - 
[[115   0   9]
 [  2 111  11]
 [ 11   5 108]]
2025-01-18 15:47:08,281 - root - INFO - Epoch 35/100, Loss: 2.4776324554923636e-06
2025-01-18 15:47:09,467 - root - INFO - Accuracy after epoch 35: 90.3225806451613%
2025-01-18 15:47:09,469 - root - INFO - Confusion Matrix:
2025-01-18 15:47:09,469 - root - INFO - 
[[114   0  10]
 [  3 114   7]
 [ 14   2 108]]
2025-01-18 15:47:18,289 - root - INFO - Epoch 36/100, Loss: 5.6580748515389785e-06
2025-01-18 15:47:19,476 - root - INFO - Accuracy after epoch 36: 88.70967741935483%
2025-01-18 15:47:19,477 - root - INFO - Confusion Matrix:
2025-01-18 15:47:19,477 - root - INFO - 
[[110   1  13]
 [  6 109   9]
 [ 11   2 111]]
2025-01-18 15:47:28,324 - root - INFO - Epoch 37/100, Loss: 1.6658134692239695e-06
2025-01-18 15:47:29,485 - root - INFO - Accuracy after epoch 37: 89.24731182795699%
2025-01-18 15:47:29,486 - root - INFO - Confusion Matrix:
2025-01-18 15:47:29,486 - root - INFO - 
[[110   0  14]
 [  3 113   8]
 [ 11   4 109]]
2025-01-18 15:47:38,420 - root - INFO - Epoch 38/100, Loss: 4.382171357676674e-06
2025-01-18 15:47:39,608 - root - INFO - Accuracy after epoch 38: 89.24731182795699%
2025-01-18 15:47:39,609 - root - INFO - Confusion Matrix:
2025-01-18 15:47:39,610 - root - INFO - 
[[113   1  10]
 [  3 114   7]
 [ 16   3 105]]
2025-01-18 15:47:48,524 - root - INFO - Epoch 39/100, Loss: 3.467888745996945e-05
2025-01-18 15:47:49,682 - root - INFO - Accuracy after epoch 39: 88.97849462365592%
2025-01-18 15:47:49,683 - root - INFO - Confusion Matrix:
2025-01-18 15:47:49,684 - root - INFO - 
[[115   0   9]
 [  7 107  10]
 [ 14   1 109]]
2025-01-18 15:47:58,561 - root - INFO - Epoch 40/100, Loss: 1.6505387170548075e-06
2025-01-18 15:47:59,715 - root - INFO - Accuracy after epoch 40: 88.97849462365592%
2025-01-18 15:47:59,717 - root - INFO - Confusion Matrix:
2025-01-18 15:47:59,717 - root - INFO - 
[[114   0  10]
 [  6 107  11]
 [ 13   1 110]]
2025-01-18 15:48:08,786 - root - INFO - Epoch 41/100, Loss: 4.610616004021179e-06
2025-01-18 15:48:09,937 - root - INFO - Accuracy after epoch 41: 89.78494623655914%
2025-01-18 15:48:09,938 - root - INFO - Confusion Matrix:
2025-01-18 15:48:09,938 - root - INFO - 
[[114   0  10]
 [  5 109  10]
 [ 12   1 111]]
2025-01-18 15:48:18,798 - root - INFO - Epoch 42/100, Loss: 9.354456329812007e-05
2025-01-18 15:48:19,951 - root - INFO - Accuracy after epoch 42: 89.78494623655914%
2025-01-18 15:48:19,953 - root - INFO - Confusion Matrix:
2025-01-18 15:48:19,953 - root - INFO - 
[[116   0   8]
 [  6 111   7]
 [ 14   3 107]]
2025-01-18 15:48:28,825 - root - INFO - Epoch 43/100, Loss: 0.0001558239750803302
2025-01-18 15:48:29,976 - root - INFO - Accuracy after epoch 43: 89.78494623655914%
2025-01-18 15:48:29,977 - root - INFO - Confusion Matrix:
2025-01-18 15:48:29,978 - root - INFO - 
[[118   0   6]
 [  8 109   7]
 [ 16   1 107]]
2025-01-18 15:48:38,856 - root - INFO - Epoch 44/100, Loss: 0.00035257857371954516
2025-01-18 15:48:40,008 - root - INFO - Accuracy after epoch 44: 88.17204301075269%
2025-01-18 15:48:40,010 - root - INFO - Confusion Matrix:
2025-01-18 15:48:40,010 - root - INFO - 
[[114   1   9]
 [  4 110  10]
 [ 15   5 104]]
2025-01-18 15:48:48,872 - root - INFO - Epoch 45/100, Loss: 6.137616753498776e-06
2025-01-18 15:48:50,025 - root - INFO - Accuracy after epoch 45: 88.17204301075269%
2025-01-18 15:48:50,027 - root - INFO - Confusion Matrix:
2025-01-18 15:48:50,027 - root - INFO - 
[[110   2  12]
 [  4 111   9]
 [ 17   0 107]]
2025-01-18 15:48:58,891 - root - INFO - Epoch 46/100, Loss: 5.6296842816524006e-06
2025-01-18 15:49:00,041 - root - INFO - Accuracy after epoch 46: 87.90322580645162%
2025-01-18 15:49:00,042 - root - INFO - Confusion Matrix:
2025-01-18 15:49:00,043 - root - INFO - 
[[113   1  10]
 [  5 108  11]
 [ 16   2 106]]
2025-01-18 15:49:08,939 - root - INFO - Epoch 47/100, Loss: 3.104816743237645e-06
2025-01-18 15:49:10,091 - root - INFO - Accuracy after epoch 47: 90.05376344086021%
2025-01-18 15:49:10,092 - root - INFO - Confusion Matrix:
2025-01-18 15:49:10,092 - root - INFO - 
[[118   0   6]
 [  5 109  10]
 [ 15   1 108]]
2025-01-18 15:49:18,903 - root - INFO - Epoch 48/100, Loss: 1.128978674524713e-05
2025-01-18 15:49:20,055 - root - INFO - Accuracy after epoch 48: 88.97849462365592%
2025-01-18 15:49:20,056 - root - INFO - Confusion Matrix:
2025-01-18 15:49:20,056 - root - INFO - 
[[114   0  10]
 [  4 109  11]
 [ 16   0 108]]
2025-01-18 15:49:28,738 - root - INFO - Epoch 49/100, Loss: 1.0728351164762462e-05
2025-01-18 15:49:29,895 - root - INFO - Accuracy after epoch 49: 88.44086021505376%
2025-01-18 15:49:29,896 - root - INFO - Confusion Matrix:
2025-01-18 15:49:29,897 - root - INFO - 
[[114   1   9]
 [  7 106  11]
 [ 15   0 109]]
2025-01-18 15:49:38,559 - root - INFO - Epoch 50/100, Loss: 1.0597728785447274e-06
2025-01-18 15:49:39,712 - root - INFO - Accuracy after epoch 50: 88.44086021505376%
2025-01-18 15:49:39,713 - root - INFO - Confusion Matrix:
2025-01-18 15:49:39,713 - root - INFO - 
[[114   1   9]
 [  5 108  11]
 [ 17   0 107]]
2025-01-18 15:49:48,435 - root - INFO - Epoch 51/100, Loss: 4.62664138716544e-07
2025-01-18 15:49:49,598 - root - INFO - Accuracy after epoch 51: 88.44086021505376%
2025-01-18 15:49:49,599 - root - INFO - Confusion Matrix:
2025-01-18 15:49:49,599 - root - INFO - 
[[113   1  10]
 [  6 108  10]
 [ 16   0 108]]
2025-01-18 15:49:58,324 - root - INFO - Epoch 52/100, Loss: 5.461149238414729e-06
2025-01-18 15:49:59,479 - root - INFO - Accuracy after epoch 52: 89.24731182795699%
2025-01-18 15:49:59,480 - root - INFO - Confusion Matrix:
2025-01-18 15:49:59,481 - root - INFO - 
[[113   2   9]
 [  3 111  10]
 [ 15   1 108]]
2025-01-18 15:50:08,226 - root - INFO - Epoch 53/100, Loss: 1.2010583893656764e-06
2025-01-18 15:50:09,413 - root - INFO - Accuracy after epoch 53: 88.70967741935483%
2025-01-18 15:50:09,414 - root - INFO - Confusion Matrix:
2025-01-18 15:50:09,415 - root - INFO - 
[[114   0  10]
 [  7 109   8]
 [ 16   1 107]]
2025-01-18 15:50:18,299 - root - INFO - Epoch 54/100, Loss: 3.204095626596626e-06
2025-01-18 15:50:19,491 - root - INFO - Accuracy after epoch 54: 88.97849462365592%
2025-01-18 15:50:19,492 - root - INFO - Confusion Matrix:
2025-01-18 15:50:19,493 - root - INFO - 
[[115   0   9]
 [  4 110  10]
 [ 17   1 106]]
2025-01-18 15:50:28,595 - root - INFO - Epoch 55/100, Loss: 7.706572497456343e-07
2025-01-18 15:50:29,783 - root - INFO - Accuracy after epoch 55: 87.63440860215054%
2025-01-18 15:50:29,785 - root - INFO - Confusion Matrix:
2025-01-18 15:50:29,785 - root - INFO - 
[[114   0  10]
 [  6 109   9]
 [ 19   2 103]]
2025-01-18 15:50:38,651 - root - INFO - Epoch 56/100, Loss: 1.8423468173998345e-06
2025-01-18 15:50:39,803 - root - INFO - Accuracy after epoch 56: 89.24731182795699%
2025-01-18 15:50:39,804 - root - INFO - Confusion Matrix:
2025-01-18 15:50:39,805 - root - INFO - 
[[114   1   9]
 [  7 110   7]
 [ 15   1 108]]
2025-01-18 15:50:48,677 - root - INFO - Epoch 57/100, Loss: 1.9051312148979548e-06
2025-01-18 15:50:49,859 - root - INFO - Accuracy after epoch 57: 88.97849462365592%
2025-01-18 15:50:49,860 - root - INFO - Confusion Matrix:
2025-01-18 15:50:49,860 - root - INFO - 
[[113   1  10]
 [  4 110  10]
 [ 16   0 108]]
2025-01-18 15:50:58,676 - root - INFO - Epoch 58/100, Loss: 1.291544275606611e-06
2025-01-18 15:50:59,828 - root - INFO - Accuracy after epoch 58: 88.44086021505376%
2025-01-18 15:50:59,829 - root - INFO - Confusion Matrix:
2025-01-18 15:50:59,829 - root - INFO - 
[[112   2  10]
 [  4 110  10]
 [ 17   0 107]]
2025-01-18 15:51:08,626 - root - INFO - Epoch 59/100, Loss: 8.903687929584232e-07
2025-01-18 15:51:09,779 - root - INFO - Accuracy after epoch 59: 89.51612903225806%
2025-01-18 15:51:09,780 - root - INFO - Confusion Matrix:
2025-01-18 15:51:09,780 - root - INFO - 
[[113   0  11]
 [  4 110  10]
 [ 14   0 110]]
2025-01-18 15:51:18,495 - root - INFO - Epoch 60/100, Loss: 1.4757741885772488e-06
2025-01-18 15:51:19,712 - root - INFO - Accuracy after epoch 60: 89.24731182795699%
2025-01-18 15:51:19,714 - root - INFO - Confusion Matrix:
2025-01-18 15:51:19,714 - root - INFO - 
[[114   0  10]
 [  4 110  10]
 [ 16   0 108]]
2025-01-18 15:51:28,655 - root - INFO - Epoch 61/100, Loss: 6.91577952457965e-07
2025-01-18 15:51:29,806 - root - INFO - Accuracy after epoch 61: 89.78494623655914%
2025-01-18 15:51:29,808 - root - INFO - Confusion Matrix:
2025-01-18 15:51:29,808 - root - INFO - 
[[116   0   8]
 [  6 108  10]
 [ 14   0 110]]
2025-01-18 15:51:38,579 - root - INFO - Epoch 62/100, Loss: 7.102581557184306e-07
2025-01-18 15:51:39,728 - root - INFO - Accuracy after epoch 62: 90.86021505376344%
2025-01-18 15:51:39,729 - root - INFO - Confusion Matrix:
2025-01-18 15:51:39,730 - root - INFO - 
[[114   0  10]
 [  2 113   9]
 [ 13   0 111]]
2025-01-18 15:51:48,490 - root - INFO - Epoch 63/100, Loss: 7.608567529236703e-07
2025-01-18 15:51:49,658 - root - INFO - Accuracy after epoch 63: 88.97849462365592%
2025-01-18 15:51:49,660 - root - INFO - Confusion Matrix:
2025-01-18 15:51:49,660 - root - INFO - 
[[115   0   9]
 [  4 109  11]
 [ 17   0 107]]
2025-01-18 15:51:58,387 - root - INFO - Epoch 64/100, Loss: 5.573227139141459e-07
2025-01-18 15:51:59,544 - root - INFO - Accuracy after epoch 64: 88.97849462365592%
2025-01-18 15:51:59,545 - root - INFO - Confusion Matrix:
2025-01-18 15:51:59,545 - root - INFO - 
[[113   1  10]
 [  4 110  10]
 [ 16   0 108]]
2025-01-18 15:52:08,443 - root - INFO - Epoch 65/100, Loss: 2.15890803757937e-06
2025-01-18 15:52:09,595 - root - INFO - Accuracy after epoch 65: 88.97849462365592%
2025-01-18 15:52:09,597 - root - INFO - Confusion Matrix:
2025-01-18 15:52:09,597 - root - INFO - 
[[114   1   9]
 [  6 108  10]
 [ 15   0 109]]
2025-01-18 15:52:18,389 - root - INFO - Epoch 66/100, Loss: 8.107372160591188e-07
2025-01-18 15:52:19,543 - root - INFO - Accuracy after epoch 66: 89.24731182795699%
2025-01-18 15:52:19,544 - root - INFO - Confusion Matrix:
2025-01-18 15:52:19,545 - root - INFO - 
[[113   0  11]
 [  5 109  10]
 [ 14   0 110]]
2025-01-18 15:52:28,306 - root - INFO - Epoch 67/100, Loss: 1.5572596586786567e-06
2025-01-18 15:52:29,461 - root - INFO - Accuracy after epoch 67: 87.36559139784946%
2025-01-18 15:52:29,463 - root - INFO - Confusion Matrix:
2025-01-18 15:52:29,463 - root - INFO - 
[[111   2  11]
 [  7 108   9]
 [ 18   0 106]]
2025-01-18 15:52:38,210 - root - INFO - Epoch 68/100, Loss: 3.328394972658709e-07
2025-01-18 15:52:39,363 - root - INFO - Accuracy after epoch 68: 90.05376344086021%
2025-01-18 15:52:39,365 - root - INFO - Confusion Matrix:
2025-01-18 15:52:39,365 - root - INFO - 
[[116   1   7]
 [  4 110  10]
 [ 15   0 109]]
2025-01-18 15:52:48,111 - root - INFO - Epoch 69/100, Loss: 3.317040398696914e-07
2025-01-18 15:52:49,267 - root - INFO - Accuracy after epoch 69: 89.24731182795699%
2025-01-18 15:52:49,268 - root - INFO - Confusion Matrix:
2025-01-18 15:52:49,268 - root - INFO - 
[[114   0  10]
 [  6 109   9]
 [ 15   0 109]]
2025-01-18 15:52:58,066 - root - INFO - Epoch 70/100, Loss: 6.058727100443913e-07
2025-01-18 15:52:59,233 - root - INFO - Accuracy after epoch 70: 89.78494623655914%
2025-01-18 15:52:59,234 - root - INFO - Confusion Matrix:
2025-01-18 15:52:59,234 - root - INFO - 
[[115   0   9]
 [  6 109   9]
 [ 14   0 110]]
2025-01-18 15:53:08,034 - root - INFO - Epoch 71/100, Loss: 3.5079183425556484e-07
2025-01-18 15:53:09,240 - root - INFO - Accuracy after epoch 71: 89.24731182795699%
2025-01-18 15:53:09,242 - root - INFO - Confusion Matrix:
2025-01-18 15:53:09,242 - root - INFO - 
[[113   0  11]
 [  5 111   8]
 [ 16   0 108]]
2025-01-18 15:53:18,008 - root - INFO - Epoch 72/100, Loss: 1.9172419737606627e-07
2025-01-18 15:53:19,173 - root - INFO - Accuracy after epoch 72: 89.51612903225806%
2025-01-18 15:53:19,174 - root - INFO - Confusion Matrix:
2025-01-18 15:53:19,175 - root - INFO - 
[[111   1  12]
 [  5 110   9]
 [ 12   0 112]]
2025-01-18 15:53:28,043 - root - INFO - Epoch 73/100, Loss: 3.4124259027210725e-07
2025-01-18 15:53:29,216 - root - INFO - Accuracy after epoch 73: 88.70967741935483%
2025-01-18 15:53:29,217 - root - INFO - Confusion Matrix:
2025-01-18 15:53:29,217 - root - INFO - 
[[111   1  12]
 [  3 111  10]
 [ 16   0 108]]
2025-01-18 15:53:38,174 - root - INFO - Epoch 74/100, Loss: 8.963276333556265e-07
2025-01-18 15:53:39,336 - root - INFO - Accuracy after epoch 74: 89.78494623655914%
2025-01-18 15:53:39,338 - root - INFO - Confusion Matrix:
2025-01-18 15:53:39,338 - root - INFO - 
[[113   1  10]
 [  5 110   9]
 [ 13   0 111]]
2025-01-18 15:53:48,016 - root - INFO - Epoch 75/100, Loss: 7.988518402633883e-05
2025-01-18 15:53:49,178 - root - INFO - Accuracy after epoch 75: 89.24731182795699%
2025-01-18 15:53:49,180 - root - INFO - Confusion Matrix:
2025-01-18 15:53:49,180 - root - INFO - 
[[118   1   5]
 [  3 111  10]
 [ 20   1 103]]
2025-01-18 15:53:57,819 - root - INFO - Epoch 76/100, Loss: 0.12638108027192005
2025-01-18 15:53:58,975 - root - INFO - Accuracy after epoch 76: 88.17204301075269%
2025-01-18 15:53:58,977 - root - INFO - Confusion Matrix:
2025-01-18 15:53:58,977 - root - INFO - 
[[122   1   1]
 [  2 102  20]
 [  8  12 104]]
2025-01-18 15:54:07,833 - root - INFO - Epoch 77/100, Loss: 0.0653465921847844
2025-01-18 15:54:08,993 - root - INFO - Accuracy after epoch 77: 70.16129032258064%
2025-01-18 15:54:08,995 - root - INFO - Confusion Matrix:
2025-01-18 15:54:08,995 - root - INFO - 
[[ 56  27  41]
 [  2 105  17]
 [  3  21 100]]
2025-01-18 15:54:17,841 - root - INFO - Epoch 78/100, Loss: 0.02207856702330153
2025-01-18 15:54:18,999 - root - INFO - Accuracy after epoch 78: 90.05376344086021%
2025-01-18 15:54:19,000 - root - INFO - Confusion Matrix:
2025-01-18 15:54:19,000 - root - INFO - 
[[124   0   0]
 [  5 105  14]
 [ 12   6 106]]
2025-01-18 15:54:27,865 - root - INFO - Epoch 79/100, Loss: 0.048366712893634985
2025-01-18 15:54:29,062 - root - INFO - Accuracy after epoch 79: 87.90322580645162%
2025-01-18 15:54:29,064 - root - INFO - Confusion Matrix:
2025-01-18 15:54:29,064 - root - INFO - 
[[114   0  10]
 [  3 101  20]
 [  3   9 112]]
2025-01-18 15:54:37,839 - root - INFO - Epoch 80/100, Loss: 0.04848848620084576
2025-01-18 15:54:38,999 - root - INFO - Accuracy after epoch 80: 90.05376344086021%
2025-01-18 15:54:39,000 - root - INFO - Confusion Matrix:
2025-01-18 15:54:39,000 - root - INFO - 
[[119   3   2]
 [  2 104  18]
 [  8   4 112]]
2025-01-18 15:54:47,755 - root - INFO - Epoch 81/100, Loss: 0.01301191116334985
2025-01-18 15:54:48,912 - root - INFO - Accuracy after epoch 81: 88.70967741935483%
2025-01-18 15:54:48,913 - root - INFO - Confusion Matrix:
2025-01-18 15:54:48,913 - root - INFO - 
[[114   5   5]
 [  5 106  13]
 [ 10   4 110]]
2025-01-18 15:54:57,637 - root - INFO - Epoch 82/100, Loss: 0.00807213920264185
2025-01-18 15:54:58,792 - root - INFO - Accuracy after epoch 82: 89.51612903225806%
2025-01-18 15:54:58,793 - root - INFO - Confusion Matrix:
2025-01-18 15:54:58,793 - root - INFO - 
[[116   3   5]
 [  5 110   9]
 [ 14   3 107]]
2025-01-18 15:55:07,505 - root - INFO - Epoch 83/100, Loss: 0.003596100157430903
2025-01-18 15:55:08,656 - root - INFO - Accuracy after epoch 83: 88.44086021505376%
2025-01-18 15:55:08,658 - root - INFO - Confusion Matrix:
2025-01-18 15:55:08,658 - root - INFO - 
[[123   0   1]
 [  8 105  11]
 [ 21   2 101]]
2025-01-18 15:55:17,385 - root - INFO - Epoch 84/100, Loss: 0.0012562900078430563
2025-01-18 15:55:18,540 - root - INFO - Accuracy after epoch 84: 88.70967741935483%
2025-01-18 15:55:18,541 - root - INFO - Confusion Matrix:
2025-01-18 15:55:18,542 - root - INFO - 
[[109   6   9]
 [  2 110  12]
 [  5   8 111]]
2025-01-18 15:55:27,295 - root - INFO - Epoch 85/100, Loss: 5.223398838158472e-05
2025-01-18 15:55:28,449 - root - INFO - Accuracy after epoch 85: 91.12903225806451%
2025-01-18 15:55:28,450 - root - INFO - Confusion Matrix:
2025-01-18 15:55:28,450 - root - INFO - 
[[118   2   4]
 [  2 109  13]
 [  5   7 112]]
2025-01-18 15:55:37,181 - root - INFO - Epoch 86/100, Loss: 1.5632503674622706e-05
2025-01-18 15:55:38,332 - root - INFO - Accuracy after epoch 86: 91.66666666666667%
2025-01-18 15:55:38,334 - root - INFO - Confusion Matrix:
2025-01-18 15:55:38,334 - root - INFO - 
[[119   1   4]
 [  2 110  12]
 [  8   4 112]]
2025-01-18 15:55:47,143 - root - INFO - Epoch 87/100, Loss: 0.026704166125268634
2025-01-18 15:55:48,314 - root - INFO - Accuracy after epoch 87: 81.45161290322581%
2025-01-18 15:55:48,315 - root - INFO - Confusion Matrix:
2025-01-18 15:55:48,315 - root - INFO - 
[[102   8  14]
 [  4 108  12]
 [  6  25  93]]
2025-01-18 15:55:57,036 - root - INFO - Epoch 88/100, Loss: 0.0390528258092386
2025-01-18 15:55:58,188 - root - INFO - Accuracy after epoch 88: 82.79569892473118%
2025-01-18 15:55:58,190 - root - INFO - Confusion Matrix:
2025-01-18 15:55:58,190 - root - INFO - 
[[ 97  11  16]
 [  6 110   8]
 [  7  16 101]]
2025-01-18 15:56:06,904 - root - INFO - Epoch 89/100, Loss: 0.025276175242939465
2025-01-18 15:56:08,057 - root - INFO - Accuracy after epoch 89: 88.17204301075269%
2025-01-18 15:56:08,058 - root - INFO - Confusion Matrix:
2025-01-18 15:56:08,058 - root - INFO - 
[[117   0   7]
 [  8 103  13]
 [ 14   2 108]]
2025-01-18 15:56:16,895 - root - INFO - Epoch 90/100, Loss: 0.020090513151206822
2025-01-18 15:56:18,049 - root - INFO - Accuracy after epoch 90: 86.55913978494624%
2025-01-18 15:56:18,051 - root - INFO - Confusion Matrix:
2025-01-18 15:56:18,051 - root - INFO - 
[[114   4   6]
 [  5 104  15]
 [ 11   9 104]]
2025-01-18 15:56:26,809 - root - INFO - Epoch 91/100, Loss: 0.02076258056455867
2025-01-18 15:56:27,963 - root - INFO - Accuracy after epoch 91: 83.60215053763442%
2025-01-18 15:56:27,964 - root - INFO - Confusion Matrix:
2025-01-18 15:56:27,964 - root - INFO - 
[[101  11  12]
 [  4 101  19]
 [  3  12 109]]
2025-01-18 15:56:36,826 - root - INFO - Epoch 92/100, Loss: 0.003251135417787571
2025-01-18 15:56:37,992 - root - INFO - Accuracy after epoch 92: 86.29032258064517%
2025-01-18 15:56:37,993 - root - INFO - Confusion Matrix:
2025-01-18 15:56:37,994 - root - INFO - 
[[106   9   9]
 [  3 108  13]
 [  8   9 107]]
2025-01-18 15:56:46,805 - root - INFO - Epoch 93/100, Loss: 0.0003770102492540236
2025-01-18 15:56:47,955 - root - INFO - Accuracy after epoch 93: 87.36559139784946%
2025-01-18 15:56:47,956 - root - INFO - Confusion Matrix:
2025-01-18 15:56:47,957 - root - INFO - 
[[109  10   5]
 [  4 109  11]
 [ 11   6 107]]
2025-01-18 15:56:56,703 - root - INFO - Epoch 94/100, Loss: 0.00023288468115649128
2025-01-18 15:56:57,865 - root - INFO - Accuracy after epoch 94: 86.82795698924731%
2025-01-18 15:56:57,866 - root - INFO - Confusion Matrix:
2025-01-18 15:56:57,866 - root - INFO - 
[[110   8   6]
 [  3 109  12]
 [ 12   8 104]]
2025-01-18 15:57:06,591 - root - INFO - Epoch 95/100, Loss: 9.13915009513329e-05
2025-01-18 15:57:07,747 - root - INFO - Accuracy after epoch 95: 86.02150537634408%
2025-01-18 15:57:07,749 - root - INFO - Confusion Matrix:
2025-01-18 15:57:07,749 - root - INFO - 
[[108   9   7]
 [  2 108  14]
 [  9  11 104]]
2025-01-18 15:57:16,505 - root - INFO - Epoch 96/100, Loss: 0.00013035423677949042
2025-01-18 15:57:17,665 - root - INFO - Accuracy after epoch 96: 88.44086021505376%
2025-01-18 15:57:17,666 - root - INFO - Confusion Matrix:
2025-01-18 15:57:17,666 - root - INFO - 
[[115   6   3]
 [  4 109  11]
 [ 11   8 105]]
2025-01-18 15:57:26,425 - root - INFO - Epoch 97/100, Loss: 1.8427351867154444e-05
2025-01-18 15:57:27,584 - root - INFO - Accuracy after epoch 97: 86.29032258064517%
2025-01-18 15:57:27,585 - root - INFO - Confusion Matrix:
2025-01-18 15:57:27,585 - root - INFO - 
[[107  10   7]
 [  3 108  13]
 [ 11   7 106]]
2025-01-18 15:57:36,313 - root - INFO - Epoch 98/100, Loss: 3.3068231387482683e-05
2025-01-18 15:57:37,469 - root - INFO - Accuracy after epoch 98: 89.51612903225806%
2025-01-18 15:57:37,470 - root - INFO - Confusion Matrix:
2025-01-18 15:57:37,470 - root - INFO - 
[[115   8   1]
 [  1 110  13]
 [ 12   4 108]]
2025-01-18 15:57:46,224 - root - INFO - Epoch 99/100, Loss: 4.339955446622843e-06
2025-01-18 15:57:47,376 - root - INFO - Accuracy after epoch 99: 88.70967741935483%
2025-01-18 15:57:47,378 - root - INFO - Confusion Matrix:
2025-01-18 15:57:47,378 - root - INFO - 
[[112   7   5]
 [  4 109  11]
 [  7   8 109]]
2025-01-18 15:57:56,110 - root - INFO - Epoch 100/100, Loss: 7.412347643167308e-06
2025-01-18 15:57:57,264 - root - INFO - Accuracy after epoch 100: 88.17204301075269%
2025-01-18 15:57:57,266 - root - INFO - Confusion Matrix:
2025-01-18 15:57:57,266 - root - INFO - 
[[112   6   6]
 [  3 110  11]
 [ 13   5 106]]
