2025-01-18 23:56:25,203 - root - INFO - Setup seed: 1231312
2025-01-18 23:56:25,265 - root - INFO - Using device: cuda
2025-01-18 23:56:25,303 - root - INFO - Visualization of transformation saved to /media/sdb/ddh/Big-HW/output/train_31/visualization/transformation.png
2025-01-18 23:56:25,310 - root - INFO - Training samples: 2520, Testing samples: 372
2025-01-18 23:56:25,310 - root - INFO - Classes: ['paper', 'rock', 'scissors']
2025-01-18 23:56:25,311 - root - INFO - Training set class distribution:
2025-01-18 23:56:25,311 - root - INFO - paper: 840
2025-01-18 23:56:25,311 - root - INFO - rock: 840
2025-01-18 23:56:25,311 - root - INFO - scissors: 840
2025-01-18 23:56:25,311 - root - INFO - Testing set class distribution:
2025-01-18 23:56:25,311 - root - INFO - paper: 124
2025-01-18 23:56:25,311 - root - INFO - rock: 124
2025-01-18 23:56:25,311 - root - INFO - scissors: 124
2025-01-18 23:56:25,668 - root - INFO - Current learning rate: 0.001
2025-01-18 23:56:34,924 - root - INFO - Epoch 1/20, Loss: 2.2191460881900937
2025-01-18 23:56:36,139 - root - INFO - Accuracy after epoch 1: 71.50537634408602%
2025-01-18 23:56:36,142 - root - INFO - Confusion Matrix:
2025-01-18 23:56:36,142 - root - INFO - 
[[ 68  15  41]
 [ 12  93  19]
 [  0  19 105]]
2025-01-18 23:56:36,142 - root - INFO - Current learning rate: 0.001
2025-01-18 23:56:45,206 - root - INFO - Epoch 2/20, Loss: 0.05024183441330738
2025-01-18 23:56:46,405 - root - INFO - Accuracy after epoch 2: 80.64516129032258%
2025-01-18 23:56:46,407 - root - INFO - Confusion Matrix:
2025-01-18 23:56:46,407 - root - INFO - 
[[111   3  10]
 [ 12  97  15]
 [ 14  18  92]]
2025-01-18 23:56:46,407 - root - INFO - Current learning rate: 0.001
2025-01-18 23:56:55,498 - root - INFO - Epoch 3/20, Loss: 0.008911470203259607
2025-01-18 23:56:56,711 - root - INFO - Accuracy after epoch 3: 83.06451612903226%
2025-01-18 23:56:56,713 - root - INFO - Confusion Matrix:
2025-01-18 23:56:56,714 - root - INFO - 
[[103   7  14]
 [  5 105  14]
 [ 12  11 101]]
2025-01-18 23:56:56,714 - root - INFO - Current learning rate: 0.001
2025-01-18 23:57:05,860 - root - INFO - Epoch 4/20, Loss: 0.0055274951652641395
2025-01-18 23:57:07,054 - root - INFO - Accuracy after epoch 4: 85.48387096774194%
2025-01-18 23:57:07,056 - root - INFO - Confusion Matrix:
2025-01-18 23:57:07,056 - root - INFO - 
[[105   3  16]
 [  2 107  15]
 [ 10   8 106]]
2025-01-18 23:57:07,056 - root - INFO - Current learning rate: 0.001
2025-01-18 23:57:16,101 - root - INFO - Epoch 5/20, Loss: 0.0029814935680198824
2025-01-18 23:57:17,299 - root - INFO - Accuracy after epoch 5: 83.60215053763442%
2025-01-18 23:57:17,301 - root - INFO - Confusion Matrix:
2025-01-18 23:57:17,301 - root - INFO - 
[[104   8  12]
 [  7 103  14]
 [ 10  10 104]]
2025-01-18 23:57:17,301 - root - INFO - Current learning rate: 0.0001
2025-01-18 23:57:26,349 - root - INFO - Epoch 6/20, Loss: 0.0018124939051170868
2025-01-18 23:57:27,543 - root - INFO - Accuracy after epoch 6: 85.48387096774194%
2025-01-18 23:57:27,546 - root - INFO - Confusion Matrix:
2025-01-18 23:57:27,546 - root - INFO - 
[[113   2   9]
 [  6 103  15]
 [ 14   8 102]]
2025-01-18 23:57:27,546 - root - INFO - Current learning rate: 0.0001
2025-01-18 23:57:36,611 - root - INFO - Epoch 7/20, Loss: 0.0013539474381058759
2025-01-18 23:57:37,800 - root - INFO - Accuracy after epoch 7: 87.63440860215054%
2025-01-18 23:57:37,801 - root - INFO - Confusion Matrix:
2025-01-18 23:57:37,802 - root - INFO - 
[[113   4   7]
 [  6 105  13]
 [ 11   5 108]]
2025-01-18 23:57:37,802 - root - INFO - Current learning rate: 0.0001
2025-01-18 23:57:46,926 - root - INFO - Epoch 8/20, Loss: 0.001059445195453377
2025-01-18 23:57:48,118 - root - INFO - Accuracy after epoch 8: 86.29032258064517%
2025-01-18 23:57:48,120 - root - INFO - Confusion Matrix:
2025-01-18 23:57:48,120 - root - INFO - 
[[109   6   9]
 [  4 107  13]
 [ 11   8 105]]
2025-01-18 23:57:48,120 - root - INFO - Current learning rate: 0.0001
2025-01-18 23:57:57,177 - root - INFO - Epoch 9/20, Loss: 0.0012988175637209552
2025-01-18 23:57:58,363 - root - INFO - Accuracy after epoch 9: 85.21505376344086%
2025-01-18 23:57:58,365 - root - INFO - Confusion Matrix:
2025-01-18 23:57:58,365 - root - INFO - 
[[111   3  10]
 [  5 102  17]
 [ 10  10 104]]
2025-01-18 23:57:58,365 - root - INFO - Current learning rate: 0.0001
2025-01-18 23:58:07,426 - root - INFO - Epoch 10/20, Loss: 0.001088839528372635
2025-01-18 23:58:08,615 - root - INFO - Accuracy after epoch 10: 86.29032258064517%
2025-01-18 23:58:08,617 - root - INFO - Confusion Matrix:
2025-01-18 23:58:08,617 - root - INFO - 
[[115   1   8]
 [  7 103  14]
 [ 13   8 103]]
2025-01-18 23:58:08,617 - root - INFO - Current learning rate: 1e-05
2025-01-18 23:58:17,675 - root - INFO - Epoch 11/20, Loss: 0.0007702988487501818
2025-01-18 23:58:18,863 - root - INFO - Accuracy after epoch 11: 85.21505376344086%
2025-01-18 23:58:18,864 - root - INFO - Confusion Matrix:
2025-01-18 23:58:18,865 - root - INFO - 
[[110   4  10]
 [  7 103  14]
 [ 11   9 104]]
2025-01-18 23:58:18,865 - root - INFO - Current learning rate: 1e-05
2025-01-18 23:58:27,931 - root - INFO - Epoch 12/20, Loss: 0.001311923389188957
2025-01-18 23:58:29,125 - root - INFO - Accuracy after epoch 12: 83.87096774193549%
2025-01-18 23:58:29,126 - root - INFO - Confusion Matrix:
2025-01-18 23:58:29,127 - root - INFO - 
[[109   3  12]
 [  5 105  14]
 [ 15  11  98]]
2025-01-18 23:58:29,127 - root - INFO - Current learning rate: 1e-05
2025-01-18 23:58:38,126 - root - INFO - Epoch 13/20, Loss: 0.0007506195654082437
2025-01-18 23:58:39,317 - root - INFO - Accuracy after epoch 13: 84.6774193548387%
2025-01-18 23:58:39,318 - root - INFO - Confusion Matrix:
2025-01-18 23:58:39,318 - root - INFO - 
[[110   2  12]
 [  5 105  14]
 [ 15   9 100]]
2025-01-18 23:58:39,319 - root - INFO - Current learning rate: 1e-05
2025-01-18 23:58:48,327 - root - INFO - Epoch 14/20, Loss: 0.0008251568312827451
2025-01-18 23:58:49,513 - root - INFO - Accuracy after epoch 14: 84.94623655913979%
2025-01-18 23:58:49,515 - root - INFO - Confusion Matrix:
2025-01-18 23:58:49,515 - root - INFO - 
[[109   4  11]
 [  6 105  13]
 [ 13   9 102]]
2025-01-18 23:58:49,515 - root - INFO - Current learning rate: 1e-05
2025-01-18 23:58:58,559 - root - INFO - Epoch 15/20, Loss: 0.0006455179958996994
2025-01-18 23:58:59,710 - root - INFO - Accuracy after epoch 15: 84.94623655913979%
2025-01-18 23:58:59,712 - root - INFO - Confusion Matrix:
2025-01-18 23:58:59,712 - root - INFO - 
[[115   2   7]
 [  8 102  14]
 [ 16   9  99]]
2025-01-18 23:58:59,712 - root - INFO - Current learning rate: 1e-05
2025-01-18 23:59:08,626 - root - INFO - Epoch 16/20, Loss: 0.0007901514310808263
2025-01-18 23:59:09,774 - root - INFO - Accuracy after epoch 16: 87.36559139784946%
2025-01-18 23:59:09,775 - root - INFO - Confusion Matrix:
2025-01-18 23:59:09,775 - root - INFO - 
[[113   2   9]
 [  4 108  12]
 [ 12   8 104]]
2025-01-18 23:59:09,775 - root - INFO - Current learning rate: 1e-05
2025-01-18 23:59:18,763 - root - INFO - Epoch 17/20, Loss: 0.0007069392257430473
2025-01-18 23:59:19,915 - root - INFO - Accuracy after epoch 17: 83.87096774193549%
2025-01-18 23:59:19,917 - root - INFO - Confusion Matrix:
2025-01-18 23:59:19,917 - root - INFO - 
[[108   3  13]
 [  6 104  14]
 [ 12  12 100]]
2025-01-18 23:59:19,917 - root - INFO - Current learning rate: 1e-05
2025-01-18 23:59:29,094 - root - INFO - Epoch 18/20, Loss: 0.0007095025044414981
2025-01-18 23:59:30,249 - root - INFO - Accuracy after epoch 18: 84.40860215053763%
2025-01-18 23:59:30,250 - root - INFO - Confusion Matrix:
2025-01-18 23:59:30,250 - root - INFO - 
[[110   5   9]
 [  6 106  12]
 [ 13  13  98]]
2025-01-18 23:59:30,250 - root - INFO - Current learning rate: 1e-05
2025-01-18 23:59:39,278 - root - INFO - Epoch 19/20, Loss: 0.000806190050142608
2025-01-18 23:59:40,436 - root - INFO - Accuracy after epoch 19: 86.02150537634408%
2025-01-18 23:59:40,437 - root - INFO - Confusion Matrix:
2025-01-18 23:59:40,438 - root - INFO - 
[[111   3  10]
 [  6 105  13]
 [ 11   9 104]]
2025-01-18 23:59:40,438 - root - INFO - Current learning rate: 1e-05
2025-01-18 23:59:49,601 - root - INFO - Epoch 20/20, Loss: 0.0008563411773346022
2025-01-18 23:59:50,758 - root - INFO - Accuracy after epoch 20: 84.94623655913979%
2025-01-18 23:59:50,759 - root - INFO - Confusion Matrix:
2025-01-18 23:59:50,759 - root - INFO - 
[[112   2  10]
 [  6 104  14]
 [ 15   9 100]]
2025-01-18 23:59:50,883 - root - INFO - Learning rate plot saved to /media/sdb/ddh/Big-HW/output/train_31/visualization/learning_rate.png
2025-01-18 23:59:50,978 - root - INFO - Loss plot saved to /media/sdb/ddh/Big-HW/output/train_31/visualization/loss.png
2025-01-18 23:59:51,086 - root - INFO - Accuracy plot saved to /media/sdb/ddh/Big-HW/output/train_31/visualization/accuracy.png
