2025-01-18 18:43:53,545 - root - INFO - Setup seed: 1231312
2025-01-18 18:43:53,601 - root - INFO - Using device: cuda
2025-01-18 18:43:53,615 - root - INFO - Visualization of transformation saved to /media/sdb/ddh/Big-HW/output/train_23/visualization/transformation.png
2025-01-18 18:43:53,622 - root - INFO - Training samples: 2520, Testing samples: 372
2025-01-18 18:43:53,622 - root - INFO - Classes: ['paper', 'rock', 'scissors']
2025-01-18 18:43:53,622 - root - INFO - Training set class distribution:
2025-01-18 18:43:53,622 - root - INFO - paper: 840
2025-01-18 18:43:53,622 - root - INFO - rock: 840
2025-01-18 18:43:53,622 - root - INFO - scissors: 840
2025-01-18 18:43:53,623 - root - INFO - Testing set class distribution:
2025-01-18 18:43:53,623 - root - INFO - paper: 124
2025-01-18 18:43:53,623 - root - INFO - rock: 124
2025-01-18 18:43:53,623 - root - INFO - scissors: 124
2025-01-18 18:44:03,095 - root - INFO - Epoch 1/100, Loss: 1.6380460118945641
2025-01-18 18:44:04,280 - root - INFO - Accuracy after epoch 1: 78.76344086021506%
2025-01-18 18:44:04,283 - root - INFO - Confusion Matrix:
2025-01-18 18:44:04,283 - root - INFO - 
[[ 81  24  19]
 [  0 111  13]
 [  2  21 101]]
2025-01-18 18:44:13,160 - root - INFO - Epoch 2/100, Loss: 0.02438143322751209
2025-01-18 18:44:14,335 - root - INFO - Accuracy after epoch 2: 84.13978494623656%
2025-01-18 18:44:14,337 - root - INFO - Confusion Matrix:
2025-01-18 18:44:14,337 - root - INFO - 
[[100  14  10]
 [  1 112  11]
 [  3  20 101]]
2025-01-18 18:44:23,199 - root - INFO - Epoch 3/100, Loss: 0.006603260446469523
2025-01-18 18:44:24,360 - root - INFO - Accuracy after epoch 3: 90.3225806451613%
2025-01-18 18:44:24,362 - root - INFO - Confusion Matrix:
2025-01-18 18:44:24,362 - root - INFO - 
[[113   6   5]
 [  0 111  13]
 [ 11   1 112]]
2025-01-18 18:44:33,207 - root - INFO - Epoch 4/100, Loss: 0.0021533376939375177
2025-01-18 18:44:34,368 - root - INFO - Accuracy after epoch 4: 90.59139784946237%
2025-01-18 18:44:34,370 - root - INFO - Confusion Matrix:
2025-01-18 18:44:34,371 - root - INFO - 
[[114   6   4]
 [  2 110  12]
 [ 11   0 113]]
2025-01-18 18:44:43,187 - root - INFO - Epoch 5/100, Loss: 0.001082735584129261
2025-01-18 18:44:44,348 - root - INFO - Accuracy after epoch 5: 90.3225806451613%
2025-01-18 18:44:44,350 - root - INFO - Confusion Matrix:
2025-01-18 18:44:44,350 - root - INFO - 
[[111   4   9]
 [  3 110  11]
 [  9   0 115]]
2025-01-18 18:44:53,413 - root - INFO - Epoch 6/100, Loss: 0.00560152779710538
2025-01-18 18:44:54,612 - root - INFO - Accuracy after epoch 6: 82.79569892473118%
2025-01-18 18:44:54,614 - root - INFO - Confusion Matrix:
2025-01-18 18:44:54,614 - root - INFO - 
[[ 96  17  11]
 [  0 113  11]
 [ 20   5  99]]
2025-01-18 18:45:03,593 - root - INFO - Epoch 7/100, Loss: 0.0028335843451230496
2025-01-18 18:45:04,765 - root - INFO - Accuracy after epoch 7: 81.72043010752688%
2025-01-18 18:45:04,767 - root - INFO - Confusion Matrix:
2025-01-18 18:45:04,767 - root - INFO - 
[[ 92  16  16]
 [  0 113  11]
 [ 21   4  99]]
2025-01-18 18:45:13,595 - root - INFO - Epoch 8/100, Loss: 0.0024130469432345272
2025-01-18 18:45:14,755 - root - INFO - Accuracy after epoch 8: 87.09677419354838%
2025-01-18 18:45:14,757 - root - INFO - Confusion Matrix:
2025-01-18 18:45:14,757 - root - INFO - 
[[119   1   4]
 [  1 109  14]
 [ 28   0  96]]
2025-01-18 18:45:23,741 - root - INFO - Epoch 9/100, Loss: 0.028939618986430417
2025-01-18 18:45:24,947 - root - INFO - Accuracy after epoch 9: 82.25806451612904%
2025-01-18 18:45:24,949 - root - INFO - Confusion Matrix:
2025-01-18 18:45:24,949 - root - INFO - 
[[ 90  10  24]
 [  5 106  13]
 [  0  14 110]]
