2025-01-18 23:45:01,767 - root - INFO - Setup seed: 1231312
2025-01-18 23:45:01,828 - root - INFO - Using device: cuda
2025-01-18 23:45:01,865 - root - INFO - Visualization of transformation saved to /media/sdb/ddh/Big-HW/output/train_30/visualization/transformation.png
2025-01-18 23:45:01,872 - root - INFO - Training samples: 2520, Testing samples: 372
2025-01-18 23:45:01,872 - root - INFO - Classes: ['paper', 'rock', 'scissors']
2025-01-18 23:45:01,873 - root - INFO - Training set class distribution:
2025-01-18 23:45:01,873 - root - INFO - paper: 840
2025-01-18 23:45:01,873 - root - INFO - rock: 840
2025-01-18 23:45:01,873 - root - INFO - scissors: 840
2025-01-18 23:45:01,873 - root - INFO - Testing set class distribution:
2025-01-18 23:45:01,873 - root - INFO - paper: 124
2025-01-18 23:45:01,873 - root - INFO - rock: 124
2025-01-18 23:45:01,873 - root - INFO - scissors: 124
2025-01-18 23:45:02,111 - root - INFO - Current learning rate: 0.001
2025-01-18 23:45:11,272 - root - INFO - Epoch 1/20, Loss: 0.6328719310606888
2025-01-18 23:45:12,463 - root - INFO - Accuracy after epoch 1: 88.17204301075269%
2025-01-18 23:45:12,466 - root - INFO - Confusion Matrix:
2025-01-18 23:45:12,467 - root - INFO - 
[[107   7  10]
 [  2 108  14]
 [ 11   0 113]]
2025-01-18 23:45:12,467 - root - INFO - Current learning rate: 0.001
2025-01-18 23:45:21,661 - root - INFO - Epoch 2/20, Loss: 0.007603431075569714
2025-01-18 23:45:22,826 - root - INFO - Accuracy after epoch 2: 85.21505376344086%
2025-01-18 23:45:22,828 - root - INFO - Confusion Matrix:
2025-01-18 23:45:22,828 - root - INFO - 
[[110   1  13]
 [  4 106  14]
 [ 23   0 101]]
2025-01-18 23:45:22,828 - root - INFO - Current learning rate: 0.001
2025-01-18 23:45:31,908 - root - INFO - Epoch 3/20, Loss: 0.010681886707441409
2025-01-18 23:45:33,068 - root - INFO - Accuracy after epoch 3: 89.51612903225806%
2025-01-18 23:45:33,069 - root - INFO - Confusion Matrix:
2025-01-18 23:45:33,070 - root - INFO - 
[[111   5   8]
 [  2 115   7]
 [ 16   1 107]]
2025-01-18 23:45:33,070 - root - INFO - Current learning rate: 0.001
2025-01-18 23:45:42,078 - root - INFO - Epoch 4/20, Loss: 0.0047071782343975225
2025-01-18 23:45:43,236 - root - INFO - Accuracy after epoch 4: 86.02150537634408%
2025-01-18 23:45:43,238 - root - INFO - Confusion Matrix:
2025-01-18 23:45:43,238 - root - INFO - 
[[100  11  13]
 [  0 112  12]
 [ 16   0 108]]
2025-01-18 23:45:43,238 - root - INFO - Current learning rate: 0.001
2025-01-18 23:45:52,305 - root - INFO - Epoch 5/20, Loss: 0.0005669215092145546
2025-01-18 23:45:53,476 - root - INFO - Accuracy after epoch 5: 88.70967741935483%
2025-01-18 23:45:53,478 - root - INFO - Confusion Matrix:
2025-01-18 23:45:53,478 - root - INFO - 
[[109   6   9]
 [  0 113  11]
 [ 16   0 108]]
2025-01-18 23:45:53,478 - root - INFO - Current learning rate: 0.0001
2025-01-18 23:46:02,536 - root - INFO - Epoch 6/20, Loss: 0.0002083888609802993
2025-01-18 23:46:03,700 - root - INFO - Accuracy after epoch 6: 90.86021505376344%
2025-01-18 23:46:03,702 - root - INFO - Confusion Matrix:
2025-01-18 23:46:03,702 - root - INFO - 
[[115   3   6]
 [  0 113  11]
 [ 14   0 110]]
2025-01-18 23:46:03,702 - root - INFO - Current learning rate: 0.0001
2025-01-18 23:46:12,495 - root - INFO - Epoch 7/20, Loss: 0.0002339172636461223
2025-01-18 23:46:13,657 - root - INFO - Accuracy after epoch 7: 88.44086021505376%
2025-01-18 23:46:13,660 - root - INFO - Confusion Matrix:
2025-01-18 23:46:13,660 - root - INFO - 
[[109   5  10]
 [  0 113  11]
 [ 17   0 107]]
2025-01-18 23:46:13,660 - root - INFO - Current learning rate: 0.0001
2025-01-18 23:46:22,476 - root - INFO - Epoch 8/20, Loss: 0.0005586886312973743
2025-01-18 23:46:23,639 - root - INFO - Accuracy after epoch 8: 90.86021505376344%
2025-01-18 23:46:23,641 - root - INFO - Confusion Matrix:
2025-01-18 23:46:23,641 - root - INFO - 
[[115   3   6]
 [  0 113  11]
 [ 14   0 110]]
2025-01-18 23:46:23,641 - root - INFO - Current learning rate: 0.0001
2025-01-18 23:46:32,431 - root - INFO - Epoch 9/20, Loss: 0.00027533098770468714
2025-01-18 23:46:33,594 - root - INFO - Accuracy after epoch 9: 90.59139784946237%
2025-01-18 23:46:33,596 - root - INFO - Confusion Matrix:
2025-01-18 23:46:33,597 - root - INFO - 
[[115   2   7]
 [  0 111  13]
 [ 13   0 111]]
2025-01-18 23:46:33,597 - root - INFO - Current learning rate: 0.0001
2025-01-18 23:46:42,428 - root - INFO - Epoch 10/20, Loss: 0.0002078684489408514
2025-01-18 23:46:43,581 - root - INFO - Accuracy after epoch 10: 91.12903225806451%
2025-01-18 23:46:43,583 - root - INFO - Confusion Matrix:
2025-01-18 23:46:43,583 - root - INFO - 
[[112   2  10]
 [  1 114   9]
 [ 11   0 113]]
2025-01-18 23:46:43,583 - root - INFO - Current learning rate: 1e-05
2025-01-18 23:46:52,417 - root - INFO - Epoch 11/20, Loss: 0.0002283460078707563
2025-01-18 23:46:53,583 - root - INFO - Accuracy after epoch 11: 88.70967741935483%
2025-01-18 23:46:53,585 - root - INFO - Confusion Matrix:
2025-01-18 23:46:53,585 - root - INFO - 
[[109   4  11]
 [  0 113  11]
 [ 16   0 108]]
2025-01-18 23:46:53,585 - root - INFO - Current learning rate: 1e-05
2025-01-18 23:47:02,427 - root - INFO - Epoch 12/20, Loss: 0.00024098916194045068
2025-01-18 23:47:03,587 - root - INFO - Accuracy after epoch 12: 89.78494623655914%
2025-01-18 23:47:03,588 - root - INFO - Confusion Matrix:
2025-01-18 23:47:03,588 - root - INFO - 
[[109   4  11]
 [  0 114  10]
 [ 13   0 111]]
2025-01-18 23:47:03,588 - root - INFO - Current learning rate: 1e-05
2025-01-18 23:47:12,384 - root - INFO - Epoch 13/20, Loss: 0.0001475139537824707
2025-01-18 23:47:13,551 - root - INFO - Accuracy after epoch 13: 88.97849462365592%
2025-01-18 23:47:13,553 - root - INFO - Confusion Matrix:
2025-01-18 23:47:13,553 - root - INFO - 
[[108   4  12]
 [  0 115   9]
 [ 16   0 108]]
2025-01-18 23:47:13,553 - root - INFO - Current learning rate: 1e-05
2025-01-18 23:47:22,340 - root - INFO - Epoch 14/20, Loss: 0.00015640651687319888
2025-01-18 23:47:23,503 - root - INFO - Accuracy after epoch 14: 89.24731182795699%
2025-01-18 23:47:23,505 - root - INFO - Confusion Matrix:
2025-01-18 23:47:23,505 - root - INFO - 
[[109   3  12]
 [  0 111  13]
 [ 12   0 112]]
2025-01-18 23:47:23,505 - root - INFO - Current learning rate: 1e-05
2025-01-18 23:47:32,321 - root - INFO - Epoch 15/20, Loss: 0.00017023687277160899
2025-01-18 23:47:33,487 - root - INFO - Accuracy after epoch 15: 88.17204301075269%
2025-01-18 23:47:33,489 - root - INFO - Confusion Matrix:
2025-01-18 23:47:33,489 - root - INFO - 
[[106   8  10]
 [  1 111  12]
 [ 13   0 111]]
2025-01-18 23:47:33,489 - root - INFO - Current learning rate: 1e-05
2025-01-18 23:47:42,397 - root - INFO - Epoch 16/20, Loss: 0.00020457516754930434
2025-01-18 23:47:43,592 - root - INFO - Accuracy after epoch 16: 89.51612903225806%
2025-01-18 23:47:43,594 - root - INFO - Confusion Matrix:
2025-01-18 23:47:43,595 - root - INFO - 
[[109   3  12]
 [  0 112  12]
 [ 12   0 112]]
2025-01-18 23:47:43,595 - root - INFO - Current learning rate: 1e-05
2025-01-18 23:47:52,565 - root - INFO - Epoch 17/20, Loss: 0.00020246886855072917
2025-01-18 23:47:53,762 - root - INFO - Accuracy after epoch 17: 90.05376344086021%
2025-01-18 23:47:53,763 - root - INFO - Confusion Matrix:
2025-01-18 23:47:53,763 - root - INFO - 
[[112   3   9]
 [  0 113  11]
 [ 14   0 110]]
2025-01-18 23:47:53,763 - root - INFO - Current learning rate: 1e-05
2025-01-18 23:48:02,811 - root - INFO - Epoch 18/20, Loss: 0.00020428303448366195
2025-01-18 23:48:03,972 - root - INFO - Accuracy after epoch 18: 89.78494623655914%
2025-01-18 23:48:03,974 - root - INFO - Confusion Matrix:
2025-01-18 23:48:03,974 - root - INFO - 
[[107   5  12]
 [  0 113  11]
 [ 10   0 114]]
2025-01-18 23:48:03,974 - root - INFO - Current learning rate: 1e-05
2025-01-18 23:48:13,055 - root - INFO - Epoch 19/20, Loss: 0.00023575222640150208
2025-01-18 23:48:14,250 - root - INFO - Accuracy after epoch 19: 88.97849462365592%
2025-01-18 23:48:14,252 - root - INFO - Confusion Matrix:
2025-01-18 23:48:14,252 - root - INFO - 
[[113   4   7]
 [  0 112  12]
 [ 18   0 106]]
2025-01-18 23:48:14,252 - root - INFO - Current learning rate: 1e-05
2025-01-18 23:48:23,244 - root - INFO - Epoch 20/20, Loss: 0.0001350591458883829
2025-01-18 23:48:24,440 - root - INFO - Accuracy after epoch 20: 88.97849462365592%
2025-01-18 23:48:24,442 - root - INFO - Confusion Matrix:
2025-01-18 23:48:24,442 - root - INFO - 
[[108   4  12]
 [  1 112  11]
 [ 13   0 111]]
2025-01-18 23:48:24,570 - root - INFO - Learning rate plot saved to /media/sdb/ddh/Big-HW/output/train_30/visualization/learning_rate.png
2025-01-18 23:48:24,676 - root - INFO - Loss plot saved to /media/sdb/ddh/Big-HW/output/train_30/visualization/loss.png
2025-01-18 23:48:24,784 - root - INFO - Accuracy plot saved to /media/sdb/ddh/Big-HW/output/train_30/visualization/accuracy.png
