2025-01-18 18:54:14,961 - root - INFO - Setup seed: 1231312
2025-01-18 18:54:15,019 - root - INFO - Using device: cuda
2025-01-18 18:54:15,034 - root - INFO - Visualization of transformation saved to /media/sdb/ddh/Big-HW/output/train_25/visualization/transformation.png
2025-01-18 18:54:15,041 - root - INFO - Training samples: 2520, Testing samples: 372
2025-01-18 18:54:15,041 - root - INFO - Classes: ['paper', 'rock', 'scissors']
2025-01-18 18:54:15,042 - root - INFO - Training set class distribution:
2025-01-18 18:54:15,042 - root - INFO - paper: 840
2025-01-18 18:54:15,042 - root - INFO - rock: 840
2025-01-18 18:54:15,042 - root - INFO - scissors: 840
2025-01-18 18:54:15,042 - root - INFO - Testing set class distribution:
2025-01-18 18:54:15,042 - root - INFO - paper: 124
2025-01-18 18:54:15,042 - root - INFO - rock: 124
2025-01-18 18:54:15,042 - root - INFO - scissors: 124
2025-01-18 18:54:15,375 - root - INFO - Current learning rate: 0.001
2025-01-18 18:54:25,027 - root - INFO - Epoch 1/20, Loss: 1.5826554401200028
2025-01-18 18:54:26,244 - root - INFO - Accuracy after epoch 1: 75.80645161290323%
2025-01-18 18:54:26,247 - root - INFO - Confusion Matrix:
2025-01-18 18:54:26,247 - root - INFO - 
[[ 82  27  15]
 [  0 111  13]
 [  8  27  89]]
2025-01-18 18:54:26,247 - root - INFO - Current learning rate: 0.001
2025-01-18 18:54:35,497 - root - INFO - Epoch 2/20, Loss: 0.014850934250486567
2025-01-18 18:54:36,694 - root - INFO - Accuracy after epoch 2: 82.79569892473118%
2025-01-18 18:54:36,696 - root - INFO - Confusion Matrix:
2025-01-18 18:54:36,697 - root - INFO - 
[[107   1  16]
 [  9 100  15]
 [ 23   0 101]]
2025-01-18 18:54:36,697 - root - INFO - Current learning rate: 0.001
2025-01-18 18:54:45,842 - root - INFO - Epoch 3/20, Loss: 0.0036929888320870142
2025-01-18 18:54:47,037 - root - INFO - Accuracy after epoch 3: 83.33333333333333%
2025-01-18 18:54:47,039 - root - INFO - Confusion Matrix:
2025-01-18 18:54:47,039 - root - INFO - 
[[106   5  13]
 [  3 107  14]
 [ 27   0  97]]
2025-01-18 18:54:47,039 - root - INFO - Current learning rate: 0.001
2025-01-18 18:54:56,149 - root - INFO - Epoch 4/20, Loss: 0.0046765067131270335
2025-01-18 18:54:57,342 - root - INFO - Accuracy after epoch 4: 83.60215053763442%
2025-01-18 18:54:57,344 - root - INFO - Confusion Matrix:
2025-01-18 18:54:57,344 - root - INFO - 
[[ 93   8  23]
 [  0 110  14]
 [ 10   6 108]]
2025-01-18 18:54:57,344 - root - INFO - Current learning rate: 0.001
2025-01-18 18:55:06,523 - root - INFO - Epoch 5/20, Loss: 0.0011625090074987752
2025-01-18 18:55:07,721 - root - INFO - Accuracy after epoch 5: 85.75268817204301%
2025-01-18 18:55:07,723 - root - INFO - Confusion Matrix:
2025-01-18 18:55:07,723 - root - INFO - 
[[104   7  13]
 [  2 107  15]
 [ 16   0 108]]
2025-01-18 18:55:07,723 - root - INFO - Current learning rate: 0.0001
2025-01-18 18:55:16,817 - root - INFO - Epoch 6/20, Loss: 0.0005441245437718344
2025-01-18 18:55:18,015 - root - INFO - Accuracy after epoch 6: 84.13978494623656%
2025-01-18 18:55:18,016 - root - INFO - Confusion Matrix:
2025-01-18 18:55:18,017 - root - INFO - 
[[102   8  14]
 [  4 106  14]
 [ 19   0 105]]
2025-01-18 18:55:18,017 - root - INFO - Current learning rate: 0.0001
2025-01-18 18:55:27,088 - root - INFO - Epoch 7/20, Loss: 0.001208303336538905
2025-01-18 18:55:28,279 - root - INFO - Accuracy after epoch 7: 84.6774193548387%
2025-01-18 18:55:28,281 - root - INFO - Confusion Matrix:
2025-01-18 18:55:28,281 - root - INFO - 
[[104   3  17]
 [  5 103  16]
 [ 16   0 108]]
2025-01-18 18:55:28,281 - root - INFO - Current learning rate: 0.0001
2025-01-18 18:55:37,394 - root - INFO - Epoch 8/20, Loss: 0.0005940460006645999
2025-01-18 18:55:38,583 - root - INFO - Accuracy after epoch 8: 85.75268817204301%
2025-01-18 18:55:38,584 - root - INFO - Confusion Matrix:
2025-01-18 18:55:38,584 - root - INFO - 
[[106   3  15]
 [  5 107  12]
 [ 18   0 106]]
2025-01-18 18:55:38,585 - root - INFO - Current learning rate: 0.0001
2025-01-18 18:55:47,671 - root - INFO - Epoch 9/20, Loss: 0.0003943500645319442
2025-01-18 18:55:48,867 - root - INFO - Accuracy after epoch 9: 85.75268817204301%
2025-01-18 18:55:48,869 - root - INFO - Confusion Matrix:
2025-01-18 18:55:48,869 - root - INFO - 
[[107   1  16]
 [  3 106  15]
 [ 18   0 106]]
2025-01-18 18:55:48,869 - root - INFO - Current learning rate: 0.0001
