2025-01-19 00:24:56,190 - root - INFO - Setup seed: 1231312
2025-01-19 00:24:56,249 - root - INFO - Using device: cuda
2025-01-19 00:24:56,287 - root - INFO - Visualization of transformation saved to /media/sdb/ddh/Big-HW/output/train_33/visualization/transformation.png
2025-01-19 00:24:56,294 - root - INFO - Training samples: 2520, Testing samples: 372
2025-01-19 00:24:56,294 - root - INFO - Classes: ['paper', 'rock', 'scissors']
2025-01-19 00:24:56,295 - root - INFO - Training set class distribution:
2025-01-19 00:24:56,295 - root - INFO - paper: 840
2025-01-19 00:24:56,295 - root - INFO - rock: 840
2025-01-19 00:24:56,295 - root - INFO - scissors: 840
2025-01-19 00:24:56,295 - root - INFO - Testing set class distribution:
2025-01-19 00:24:56,295 - root - INFO - paper: 124
2025-01-19 00:24:56,295 - root - INFO - rock: 124
2025-01-19 00:24:56,295 - root - INFO - scissors: 124
2025-01-19 00:24:56,588 - root - INFO - Current learning rate: 0.001
2025-01-19 00:25:05,841 - root - INFO - Epoch 1/20, Loss: 1.6380460118945641
2025-01-19 00:25:07,063 - root - INFO - Accuracy after epoch 1: 78.76344086021506%
2025-01-19 00:25:07,066 - root - INFO - Confusion Matrix:
2025-01-19 00:25:07,066 - root - INFO - 
[[ 81  24  19]
 [  0 111  13]
 [  2  21 101]]
2025-01-19 00:25:07,066 - root - INFO - Current learning rate: 0.001
2025-01-19 00:25:16,145 - root - INFO - Epoch 2/20, Loss: 0.02438143322751209
2025-01-19 00:25:17,313 - root - INFO - Accuracy after epoch 2: 84.13978494623656%
2025-01-19 00:25:17,315 - root - INFO - Confusion Matrix:
2025-01-19 00:25:17,315 - root - INFO - 
[[100  14  10]
 [  1 112  11]
 [  3  20 101]]
2025-01-19 00:25:17,316 - root - INFO - Current learning rate: 0.001
2025-01-19 00:25:26,491 - root - INFO - Epoch 3/20, Loss: 0.006603260446469523
2025-01-19 00:25:27,655 - root - INFO - Accuracy after epoch 3: 90.3225806451613%
2025-01-19 00:25:27,657 - root - INFO - Confusion Matrix:
2025-01-19 00:25:27,657 - root - INFO - 
[[113   6   5]
 [  0 111  13]
 [ 11   1 112]]
2025-01-19 00:25:27,657 - root - INFO - Current learning rate: 0.001
2025-01-19 00:25:36,727 - root - INFO - Epoch 4/20, Loss: 0.0021533376939375177
2025-01-19 00:25:37,889 - root - INFO - Accuracy after epoch 4: 90.59139784946237%
2025-01-19 00:25:37,891 - root - INFO - Confusion Matrix:
2025-01-19 00:25:37,892 - root - INFO - 
[[114   6   4]
 [  2 110  12]
 [ 11   0 113]]
2025-01-19 00:25:37,892 - root - INFO - Current learning rate: 0.001
2025-01-19 00:25:46,967 - root - INFO - Epoch 5/20, Loss: 0.001082735584129261
2025-01-19 00:25:48,126 - root - INFO - Accuracy after epoch 5: 90.3225806451613%
2025-01-19 00:25:48,128 - root - INFO - Confusion Matrix:
2025-01-19 00:25:48,128 - root - INFO - 
[[111   4   9]
 [  3 110  11]
 [  9   0 115]]
2025-01-19 00:25:48,128 - root - INFO - Current learning rate: 0.0001
2025-01-19 00:25:57,176 - root - INFO - Epoch 6/20, Loss: 0.0025688074292472118
2025-01-19 00:25:58,340 - root - INFO - Accuracy after epoch 6: 86.82795698924731%
2025-01-19 00:25:58,342 - root - INFO - Confusion Matrix:
2025-01-19 00:25:58,342 - root - INFO - 
[[ 98  16  10]
 [  0 113  11]
 [ 12   0 112]]
2025-01-19 00:25:58,342 - root - INFO - Current learning rate: 0.0001
2025-01-19 00:26:07,371 - root - INFO - Epoch 7/20, Loss: 0.001044139577038262
2025-01-19 00:26:08,528 - root - INFO - Accuracy after epoch 7: 91.39784946236558%
2025-01-19 00:26:08,529 - root - INFO - Confusion Matrix:
2025-01-19 00:26:08,530 - root - INFO - 
[[115   5   4]
 [  0 114  10]
 [ 13   0 111]]
2025-01-19 00:26:08,530 - root - INFO - Current learning rate: 0.0001
2025-01-19 00:26:17,613 - root - INFO - Epoch 8/20, Loss: 0.0010685347681172498
2025-01-19 00:26:18,807 - root - INFO - Accuracy after epoch 8: 93.01075268817205%
2025-01-19 00:26:18,809 - root - INFO - Confusion Matrix:
2025-01-19 00:26:18,809 - root - INFO - 
[[117   1   6]
 [  0 114  10]
 [  8   1 115]]
2025-01-19 00:26:18,809 - root - INFO - Current learning rate: 0.0001
2025-01-19 00:26:27,801 - root - INFO - Epoch 9/20, Loss: 0.0022323757733415097
2025-01-19 00:26:28,997 - root - INFO - Accuracy after epoch 9: 89.51612903225806%
2025-01-19 00:26:28,999 - root - INFO - Confusion Matrix:
2025-01-19 00:26:28,999 - root - INFO - 
[[110   5   9]
 [  1 112  11]
 [ 13   0 111]]
2025-01-19 00:26:28,999 - root - INFO - Current learning rate: 0.0001
2025-01-19 00:26:37,988 - root - INFO - Epoch 10/20, Loss: 0.0006818989528670223
2025-01-19 00:26:39,191 - root - INFO - Accuracy after epoch 10: 90.05376344086021%
2025-01-19 00:26:39,193 - root - INFO - Confusion Matrix:
2025-01-19 00:26:39,193 - root - INFO - 
[[111   4   9]
 [  0 115   9]
 [ 15   0 109]]
2025-01-19 00:26:39,193 - root - INFO - Current learning rate: 1e-05
2025-01-19 00:26:48,184 - root - INFO - Epoch 11/20, Loss: 0.0006884119282380819
2025-01-19 00:26:49,379 - root - INFO - Accuracy after epoch 11: 91.12903225806451%
2025-01-19 00:26:49,381 - root - INFO - Confusion Matrix:
2025-01-19 00:26:49,381 - root - INFO - 
[[113   3   8]
 [  2 114   8]
 [ 11   1 112]]
2025-01-19 00:26:49,381 - root - INFO - Current learning rate: 1e-05
2025-01-19 00:26:58,424 - root - INFO - Epoch 12/20, Loss: 0.0006449101291982976
2025-01-19 00:26:59,622 - root - INFO - Accuracy after epoch 12: 88.97849462365592%
2025-01-19 00:26:59,624 - root - INFO - Confusion Matrix:
2025-01-19 00:26:59,624 - root - INFO - 
[[107   4  13]
 [  0 113  11]
 [ 11   2 111]]
2025-01-19 00:26:59,624 - root - INFO - Current learning rate: 1e-05
2025-01-19 00:27:08,717 - root - INFO - Epoch 13/20, Loss: 0.0005772496956581827
2025-01-19 00:27:09,882 - root - INFO - Accuracy after epoch 13: 89.24731182795699%
2025-01-19 00:27:09,884 - root - INFO - Confusion Matrix:
2025-01-19 00:27:09,884 - root - INFO - 
[[109   3  12]
 [  0 114  10]
 [ 15   0 109]]
2025-01-19 00:27:09,884 - root - INFO - Current learning rate: 1e-05
2025-01-19 00:27:18,740 - root - INFO - Epoch 14/20, Loss: 0.0005932846296776847
2025-01-19 00:27:19,898 - root - INFO - Accuracy after epoch 14: 90.86021505376344%
2025-01-19 00:27:19,899 - root - INFO - Confusion Matrix:
2025-01-19 00:27:19,899 - root - INFO - 
[[110   6   8]
 [  0 116   8]
 [ 11   1 112]]
2025-01-19 00:27:19,899 - root - INFO - Current learning rate: 1e-05
2025-01-19 00:27:28,824 - root - INFO - Epoch 15/20, Loss: 0.0004798489114559916
2025-01-19 00:27:30,001 - root - INFO - Accuracy after epoch 15: 91.12903225806451%
2025-01-19 00:27:30,002 - root - INFO - Confusion Matrix:
2025-01-19 00:27:30,003 - root - INFO - 
[[110   5   9]
 [  0 116   8]
 [ 11   0 113]]
2025-01-19 00:27:30,003 - root - INFO - Current learning rate: 1e-05
2025-01-19 00:27:38,825 - root - INFO - Epoch 16/20, Loss: 0.0006618312749012573
2025-01-19 00:27:39,991 - root - INFO - Accuracy after epoch 16: 90.59139784946237%
2025-01-19 00:27:39,992 - root - INFO - Confusion Matrix:
2025-01-19 00:27:39,993 - root - INFO - 
[[110   5   9]
 [  0 113  11]
 [ 10   0 114]]
2025-01-19 00:27:39,993 - root - INFO - Current learning rate: 1e-05
2025-01-19 00:27:48,881 - root - INFO - Epoch 17/20, Loss: 0.0006384716993286215
2025-01-19 00:27:50,078 - root - INFO - Accuracy after epoch 17: 88.97849462365592%
2025-01-19 00:27:50,080 - root - INFO - Confusion Matrix:
2025-01-19 00:27:50,080 - root - INFO - 
[[106   7  11]
 [  2 115   7]
 [ 13   1 110]]
2025-01-19 00:27:50,080 - root - INFO - Current learning rate: 1e-05
2025-01-19 00:27:59,101 - root - INFO - Epoch 18/20, Loss: 0.0004860018879172239
2025-01-19 00:28:00,300 - root - INFO - Accuracy after epoch 18: 90.59139784946237%
2025-01-19 00:28:00,302 - root - INFO - Confusion Matrix:
2025-01-19 00:28:00,302 - root - INFO - 
[[112   4   8]
 [  0 112  12]
 [ 10   1 113]]
2025-01-19 00:28:00,302 - root - INFO - Current learning rate: 1e-05
2025-01-19 00:28:09,243 - root - INFO - Epoch 19/20, Loss: 0.0004918118004441774
2025-01-19 00:28:10,400 - root - INFO - Accuracy after epoch 19: 93.01075268817205%
2025-01-19 00:28:10,402 - root - INFO - Confusion Matrix:
2025-01-19 00:28:10,402 - root - INFO - 
[[115   3   6]
 [  2 115   7]
 [  7   1 116]]
2025-01-19 00:28:10,402 - root - INFO - Current learning rate: 1e-05
2025-01-19 00:28:19,286 - root - INFO - Epoch 20/20, Loss: 0.0005183293610513564
2025-01-19 00:28:20,447 - root - INFO - Accuracy after epoch 20: 91.66666666666667%
2025-01-19 00:28:20,449 - root - INFO - Confusion Matrix:
2025-01-19 00:28:20,449 - root - INFO - 
[[110   2  12]
 [  0 116   8]
 [  9   0 115]]
2025-01-19 00:28:20,598 - root - INFO - Learning rate plot saved to /media/sdb/ddh/Big-HW/output/train_33/visualization/learning_rate.png
2025-01-19 00:28:20,723 - root - INFO - Loss plot saved to /media/sdb/ddh/Big-HW/output/train_33/visualization/loss.png
2025-01-19 00:28:20,852 - root - INFO - Accuracy plot saved to /media/sdb/ddh/Big-HW/output/train_33/visualization/accuracy.png
