2025-01-18 18:56:52,234 - root - INFO - Setup seed: 1231312
2025-01-18 18:56:52,295 - root - INFO - Using device: cuda
2025-01-18 18:56:52,333 - root - INFO - Visualization of transformation saved to /media/sdb/ddh/Big-HW/output/train_26/visualization/transformation.png
2025-01-18 18:56:52,340 - root - INFO - Training samples: 2520, Testing samples: 372
2025-01-18 18:56:52,340 - root - INFO - Classes: ['paper', 'rock', 'scissors']
2025-01-18 18:56:52,340 - root - INFO - Training set class distribution:
2025-01-18 18:56:52,340 - root - INFO - paper: 840
2025-01-18 18:56:52,340 - root - INFO - rock: 840
2025-01-18 18:56:52,340 - root - INFO - scissors: 840
2025-01-18 18:56:52,341 - root - INFO - Testing set class distribution:
2025-01-18 18:56:52,341 - root - INFO - paper: 124
2025-01-18 18:56:52,341 - root - INFO - rock: 124
2025-01-18 18:56:52,341 - root - INFO - scissors: 124
2025-01-18 18:56:52,639 - root - INFO - Current learning rate: 0.001
2025-01-18 18:57:02,049 - root - INFO - Epoch 1/20, Loss: 1.6380460118945641
2025-01-18 18:57:03,280 - root - INFO - Accuracy after epoch 1: 78.76344086021506%
2025-01-18 18:57:03,283 - root - INFO - Confusion Matrix:
2025-01-18 18:57:03,284 - root - INFO - 
[[ 81  24  19]
 [  0 111  13]
 [  2  21 101]]
2025-01-18 18:57:03,284 - root - INFO - Current learning rate: 0.001
2025-01-18 18:57:12,267 - root - INFO - Epoch 2/20, Loss: 0.02438143322751209
2025-01-18 18:57:13,455 - root - INFO - Accuracy after epoch 2: 84.13978494623656%
2025-01-18 18:57:13,457 - root - INFO - Confusion Matrix:
2025-01-18 18:57:13,457 - root - INFO - 
[[100  14  10]
 [  1 112  11]
 [  3  20 101]]
2025-01-18 18:57:13,457 - root - INFO - Current learning rate: 0.001
2025-01-18 18:57:22,443 - root - INFO - Epoch 3/20, Loss: 0.006603260446469523
2025-01-18 18:57:23,637 - root - INFO - Accuracy after epoch 3: 90.3225806451613%
2025-01-18 18:57:23,639 - root - INFO - Confusion Matrix:
2025-01-18 18:57:23,639 - root - INFO - 
[[113   6   5]
 [  0 111  13]
 [ 11   1 112]]
2025-01-18 18:57:23,639 - root - INFO - Current learning rate: 0.001
2025-01-18 18:57:32,581 - root - INFO - Epoch 4/20, Loss: 0.0021533376939375177
2025-01-18 18:57:33,772 - root - INFO - Accuracy after epoch 4: 90.59139784946237%
2025-01-18 18:57:33,774 - root - INFO - Confusion Matrix:
2025-01-18 18:57:33,774 - root - INFO - 
[[114   6   4]
 [  2 110  12]
 [ 11   0 113]]
2025-01-18 18:57:33,774 - root - INFO - Current learning rate: 0.001
2025-01-18 18:57:42,736 - root - INFO - Epoch 5/20, Loss: 0.001082735584129261
2025-01-18 18:57:43,925 - root - INFO - Accuracy after epoch 5: 90.3225806451613%
2025-01-18 18:57:43,926 - root - INFO - Confusion Matrix:
2025-01-18 18:57:43,927 - root - INFO - 
[[111   4   9]
 [  3 110  11]
 [  9   0 115]]
2025-01-18 18:57:43,927 - root - INFO - Current learning rate: 0.0001
2025-01-18 18:57:52,892 - root - INFO - Epoch 6/20, Loss: 0.0025688074292472118
2025-01-18 18:57:54,087 - root - INFO - Accuracy after epoch 6: 86.82795698924731%
2025-01-18 18:57:54,089 - root - INFO - Confusion Matrix:
2025-01-18 18:57:54,089 - root - INFO - 
[[ 98  16  10]
 [  0 113  11]
 [ 12   0 112]]
2025-01-18 18:57:54,089 - root - INFO - Current learning rate: 0.0001
2025-01-18 18:58:03,092 - root - INFO - Epoch 7/20, Loss: 0.001044139577038262
2025-01-18 18:58:04,290 - root - INFO - Accuracy after epoch 7: 91.39784946236558%
2025-01-18 18:58:04,292 - root - INFO - Confusion Matrix:
2025-01-18 18:58:04,292 - root - INFO - 
[[115   5   4]
 [  0 114  10]
 [ 13   0 111]]
2025-01-18 18:58:04,292 - root - INFO - Current learning rate: 0.0001
2025-01-18 18:58:13,306 - root - INFO - Epoch 8/20, Loss: 0.0010685347681172498
2025-01-18 18:58:14,499 - root - INFO - Accuracy after epoch 8: 93.01075268817205%
2025-01-18 18:58:14,501 - root - INFO - Confusion Matrix:
2025-01-18 18:58:14,501 - root - INFO - 
[[117   1   6]
 [  0 114  10]
 [  8   1 115]]
2025-01-18 18:58:14,501 - root - INFO - Current learning rate: 0.0001
2025-01-18 18:58:23,523 - root - INFO - Epoch 9/20, Loss: 0.0022323757733415097
2025-01-18 18:58:24,711 - root - INFO - Accuracy after epoch 9: 89.51612903225806%
2025-01-18 18:58:24,712 - root - INFO - Confusion Matrix:
2025-01-18 18:58:24,713 - root - INFO - 
[[110   5   9]
 [  1 112  11]
 [ 13   0 111]]
2025-01-18 18:58:24,713 - root - INFO - Current learning rate: 0.0001
2025-01-18 18:58:33,736 - root - INFO - Epoch 10/20, Loss: 0.0006818989528670223
2025-01-18 18:58:34,927 - root - INFO - Accuracy after epoch 10: 90.05376344086021%
2025-01-18 18:58:34,929 - root - INFO - Confusion Matrix:
2025-01-18 18:58:34,929 - root - INFO - 
[[111   4   9]
 [  0 115   9]
 [ 15   0 109]]
2025-01-18 18:58:34,929 - root - INFO - Current learning rate: 1e-05
2025-01-18 18:58:43,890 - root - INFO - Epoch 11/20, Loss: 0.0006884119282380819
2025-01-18 18:58:45,085 - root - INFO - Accuracy after epoch 11: 91.12903225806451%
2025-01-18 18:58:45,087 - root - INFO - Confusion Matrix:
2025-01-18 18:58:45,087 - root - INFO - 
[[113   3   8]
 [  2 114   8]
 [ 11   1 112]]
2025-01-18 18:58:45,088 - root - INFO - Current learning rate: 1e-05
2025-01-18 18:58:54,043 - root - INFO - Epoch 12/20, Loss: 0.0006449101291982976
2025-01-18 18:58:55,248 - root - INFO - Accuracy after epoch 12: 88.97849462365592%
2025-01-18 18:58:55,250 - root - INFO - Confusion Matrix:
2025-01-18 18:58:55,250 - root - INFO - 
[[107   4  13]
 [  0 113  11]
 [ 11   2 111]]
2025-01-18 18:58:55,250 - root - INFO - Current learning rate: 1e-05
2025-01-18 18:59:04,237 - root - INFO - Epoch 13/20, Loss: 0.0005772496956581827
2025-01-18 18:59:05,389 - root - INFO - Accuracy after epoch 13: 89.24731182795699%
2025-01-18 18:59:05,391 - root - INFO - Confusion Matrix:
2025-01-18 18:59:05,391 - root - INFO - 
[[109   3  12]
 [  0 114  10]
 [ 15   0 109]]
2025-01-18 18:59:05,391 - root - INFO - Current learning rate: 1e-05
2025-01-18 18:59:14,241 - root - INFO - Epoch 14/20, Loss: 0.0005932846296776847
2025-01-18 18:59:15,401 - root - INFO - Accuracy after epoch 14: 90.86021505376344%
2025-01-18 18:59:15,403 - root - INFO - Confusion Matrix:
2025-01-18 18:59:15,403 - root - INFO - 
[[110   6   8]
 [  0 116   8]
 [ 11   1 112]]
2025-01-18 18:59:15,403 - root - INFO - Current learning rate: 1e-05
2025-01-18 18:59:24,156 - root - INFO - Epoch 15/20, Loss: 0.0004798489114559916
2025-01-18 18:59:25,307 - root - INFO - Accuracy after epoch 15: 91.12903225806451%
2025-01-18 18:59:25,309 - root - INFO - Confusion Matrix:
2025-01-18 18:59:25,309 - root - INFO - 
[[110   5   9]
 [  0 116   8]
 [ 11   0 113]]
2025-01-18 18:59:25,309 - root - INFO - Current learning rate: 1e-05
2025-01-18 18:59:34,070 - root - INFO - Epoch 16/20, Loss: 0.0006618312749012573
2025-01-18 18:59:35,226 - root - INFO - Accuracy after epoch 16: 90.59139784946237%
2025-01-18 18:59:35,227 - root - INFO - Confusion Matrix:
2025-01-18 18:59:35,228 - root - INFO - 
[[110   5   9]
 [  0 113  11]
 [ 10   0 114]]
2025-01-18 18:59:35,228 - root - INFO - Current learning rate: 1e-05
2025-01-18 18:59:44,016 - root - INFO - Epoch 17/20, Loss: 0.0006384716993286215
2025-01-18 18:59:45,171 - root - INFO - Accuracy after epoch 17: 88.97849462365592%
2025-01-18 18:59:45,172 - root - INFO - Confusion Matrix:
2025-01-18 18:59:45,172 - root - INFO - 
[[106   7  11]
 [  2 115   7]
 [ 13   1 110]]
2025-01-18 18:59:45,172 - root - INFO - Current learning rate: 1e-05
2025-01-18 18:59:53,954 - root - INFO - Epoch 18/20, Loss: 0.0004860018879172239
2025-01-18 18:59:55,109 - root - INFO - Accuracy after epoch 18: 90.59139784946237%
2025-01-18 18:59:55,111 - root - INFO - Confusion Matrix:
2025-01-18 18:59:55,111 - root - INFO - 
[[112   4   8]
 [  0 112  12]
 [ 10   1 113]]
2025-01-18 18:59:55,111 - root - INFO - Current learning rate: 1e-05
2025-01-18 19:00:03,912 - root - INFO - Epoch 19/20, Loss: 0.0004918118004441774
2025-01-18 19:00:05,066 - root - INFO - Accuracy after epoch 19: 93.01075268817205%
2025-01-18 19:00:05,068 - root - INFO - Confusion Matrix:
2025-01-18 19:00:05,068 - root - INFO - 
[[115   3   6]
 [  2 115   7]
 [  7   1 116]]
2025-01-18 19:00:05,068 - root - INFO - Current learning rate: 1e-05
2025-01-18 19:00:13,864 - root - INFO - Epoch 20/20, Loss: 0.0005183293610513564
2025-01-18 19:00:15,028 - root - INFO - Accuracy after epoch 20: 91.66666666666667%
2025-01-18 19:00:15,030 - root - INFO - Confusion Matrix:
2025-01-18 19:00:15,030 - root - INFO - 
[[110   2  12]
 [  0 116   8]
 [  9   0 115]]
2025-01-18 19:00:15,153 - root - INFO - Learning rate plot saved to /media/sdb/ddh/Big-HW/output/train_26/visualization/learning_rate.png
2025-01-18 19:00:15,253 - root - INFO - Loss plot saved to /media/sdb/ddh/Big-HW/output/train_26/visualization/loss.png
2025-01-18 19:00:15,356 - root - INFO - Accuracy plot saved to /media/sdb/ddh/Big-HW/output/train_26/visualization/accuracy.png
