2025-01-18 00:21:08,652 - root - INFO - Setup seed: 1231312
2025-01-18 00:21:08,710 - root - INFO - Using device: cuda
2025-01-18 00:21:08,725 - root - INFO - Visualization of transformation saved to /media/sdb/ddh/Big-HW/output/train_15/visualization/transformation.png
2025-01-18 00:21:08,731 - root - INFO - Training samples: 2520, Testing samples: 372
2025-01-18 00:21:08,731 - root - INFO - Classes: ['paper', 'rock', 'scissors']
2025-01-18 00:21:08,732 - root - INFO - Training set class distribution:
2025-01-18 00:21:08,732 - root - INFO - paper: 840
2025-01-18 00:21:08,732 - root - INFO - rock: 840
2025-01-18 00:21:08,732 - root - INFO - scissors: 840
2025-01-18 00:21:08,732 - root - INFO - Testing set class distribution:
2025-01-18 00:21:08,732 - root - INFO - paper: 124
2025-01-18 00:21:08,732 - root - INFO - rock: 124
2025-01-18 00:21:08,733 - root - INFO - scissors: 124
2025-01-18 00:21:18,938 - root - INFO - Epoch 1/100, Loss: 0.5740038687687462
2025-01-18 00:21:20,191 - root - INFO - Accuracy after epoch 1: 84.13978494623656%
2025-01-18 00:21:20,194 - root - INFO - Confusion Matrix:
2025-01-18 00:21:20,194 - root - INFO - [[116   1   7]
 [ 11  93  20]
 [ 20   0 104]]
2025-01-18 00:21:29,642 - root - INFO - Epoch 2/100, Loss: 0.03227837334510051
2025-01-18 00:21:30,878 - root - INFO - Accuracy after epoch 2: 86.02150537634408%
2025-01-18 00:21:30,881 - root - INFO - Confusion Matrix:
2025-01-18 00:21:30,881 - root - INFO - [[116   0   8]
 [  7 104  13]
 [ 21   3 100]]
2025-01-18 00:21:40,319 - root - INFO - Epoch 3/100, Loss: 0.007021146216106036
2025-01-18 00:21:41,555 - root - INFO - Accuracy after epoch 3: 87.09677419354838%
2025-01-18 00:21:41,557 - root - INFO - Confusion Matrix:
2025-01-18 00:21:41,557 - root - INFO - [[123   0   1]
 [  9 104  11]
 [ 26   1  97]]
2025-01-18 00:21:51,011 - root - INFO - Epoch 4/100, Loss: 0.0005492860219625314
2025-01-18 00:21:52,240 - root - INFO - Accuracy after epoch 4: 86.29032258064517%
2025-01-18 00:21:52,242 - root - INFO - Confusion Matrix:
2025-01-18 00:21:52,242 - root - INFO - [[115   1   8]
 [  8 104  12]
 [ 22   0 102]]
2025-01-18 00:22:01,676 - root - INFO - Epoch 5/100, Loss: 0.014856036693411429
2025-01-18 00:22:02,910 - root - INFO - Accuracy after epoch 5: 79.56989247311827%
2025-01-18 00:22:02,912 - root - INFO - Confusion Matrix:
2025-01-18 00:22:02,912 - root - INFO - [[107  15   2]
 [ 14  92  18]
 [ 18   9  97]]
2025-01-18 00:22:12,348 - root - INFO - Epoch 6/100, Loss: 0.0640210483835589
2025-01-18 00:22:13,588 - root - INFO - Accuracy after epoch 6: 90.3225806451613%
2025-01-18 00:22:13,590 - root - INFO - Confusion Matrix:
2025-01-18 00:22:13,590 - root - INFO - [[107   6  11]
 [  0 111  13]
 [  2   4 118]]
2025-01-18 00:22:23,091 - root - INFO - Epoch 7/100, Loss: 0.006595512427169599
2025-01-18 00:22:24,319 - root - INFO - Accuracy after epoch 7: 91.66666666666667%
2025-01-18 00:22:24,321 - root - INFO - Confusion Matrix:
2025-01-18 00:22:24,321 - root - INFO - [[119   2   3]
 [  0 110  14]
 [ 10   2 112]]
2025-01-18 00:22:33,771 - root - INFO - Epoch 8/100, Loss: 0.007267986789168223
2025-01-18 00:22:35,002 - root - INFO - Accuracy after epoch 8: 84.6774193548387%
2025-01-18 00:22:35,004 - root - INFO - Confusion Matrix:
2025-01-18 00:22:35,004 - root - INFO - [[121   0   3]
 [ 18  86  20]
 [ 16   0 108]]
2025-01-18 00:22:44,388 - root - INFO - Epoch 9/100, Loss: 0.01404792505707343
2025-01-18 00:22:45,619 - root - INFO - Accuracy after epoch 9: 75.26881720430107%
2025-01-18 00:22:45,621 - root - INFO - Confusion Matrix:
2025-01-18 00:22:45,621 - root - INFO - [[ 81  33  10]
 [  1 110  13]
 [ 16  19  89]]
2025-01-18 00:22:54,995 - root - INFO - Epoch 10/100, Loss: 0.0020942348572440556
2025-01-18 00:22:56,231 - root - INFO - Accuracy after epoch 10: 84.13978494623656%
2025-01-18 00:22:56,232 - root - INFO - Confusion Matrix:
2025-01-18 00:22:56,232 - root - INFO - [[118   3   3]
 [  5 107  12]
 [ 28   8  88]]
2025-01-18 00:23:05,516 - root - INFO - Epoch 11/100, Loss: 0.007352242483855974
2025-01-18 00:23:06,747 - root - INFO - Accuracy after epoch 11: 87.90322580645162%
2025-01-18 00:23:06,749 - root - INFO - Confusion Matrix:
2025-01-18 00:23:06,749 - root - INFO - [[122   2   0]
 [  3 109  12]
 [ 21   7  96]]
2025-01-18 00:23:16,071 - root - INFO - Epoch 12/100, Loss: 0.016940367950685525
2025-01-18 00:23:17,296 - root - INFO - Accuracy after epoch 12: 84.40860215053763%
2025-01-18 00:23:17,298 - root - INFO - Confusion Matrix:
2025-01-18 00:23:17,298 - root - INFO - [[116   3   5]
 [  6  97  21]
 [ 23   0 101]]
2025-01-18 00:23:26,663 - root - INFO - Epoch 13/100, Loss: 0.008225436015442136
2025-01-18 00:23:27,891 - root - INFO - Accuracy after epoch 13: 88.70967741935483%
2025-01-18 00:23:27,892 - root - INFO - Confusion Matrix:
2025-01-18 00:23:27,893 - root - INFO - [[115   1   8]
 [  1 106  17]
 [ 15   0 109]]
2025-01-18 00:23:37,230 - root - INFO - Epoch 14/100, Loss: 0.03224023071359127
2025-01-18 00:23:38,456 - root - INFO - Accuracy after epoch 14: 84.40860215053763%
2025-01-18 00:23:38,458 - root - INFO - Confusion Matrix:
2025-01-18 00:23:38,458 - root - INFO - [[121   3   0]
 [  2 107  15]
 [ 38   0  86]]
2025-01-18 00:23:47,764 - root - INFO - Epoch 15/100, Loss: 0.013249016931085154
2025-01-18 00:23:48,985 - root - INFO - Accuracy after epoch 15: 88.44086021505376%
2025-01-18 00:23:48,986 - root - INFO - Confusion Matrix:
2025-01-18 00:23:48,986 - root - INFO - [[115   4   5]
 [  0 111  13]
 [ 21   0 103]]
2025-01-18 00:23:58,278 - root - INFO - Epoch 16/100, Loss: 0.021758256346331974
2025-01-18 00:23:59,509 - root - INFO - Accuracy after epoch 16: 87.09677419354838%
2025-01-18 00:23:59,510 - root - INFO - Confusion Matrix:
2025-01-18 00:23:59,510 - root - INFO - [[119   2   3]
 [  1 112  11]
 [ 31   0  93]]
2025-01-18 00:24:08,809 - root - INFO - Epoch 17/100, Loss: 5.0154843833334995e-05
2025-01-18 00:24:10,034 - root - INFO - Accuracy after epoch 17: 87.36559139784946%
2025-01-18 00:24:10,035 - root - INFO - Confusion Matrix:
2025-01-18 00:24:10,035 - root - INFO - [[111   6   7]
 [  0 112  12]
 [ 22   0 102]]
2025-01-18 00:24:19,315 - root - INFO - Epoch 18/100, Loss: 9.282458474654352e-05
2025-01-18 00:24:20,540 - root - INFO - Accuracy after epoch 18: 87.90322580645162%
2025-01-18 00:24:20,542 - root - INFO - Confusion Matrix:
2025-01-18 00:24:20,542 - root - INFO - [[116   4   4]
 [  0 112  12]
 [ 25   0  99]]
2025-01-18 00:24:29,827 - root - INFO - Epoch 19/100, Loss: 8.328575136968492e-05
2025-01-18 00:24:31,056 - root - INFO - Accuracy after epoch 19: 87.36559139784946%
2025-01-18 00:24:31,057 - root - INFO - Confusion Matrix:
2025-01-18 00:24:31,057 - root - INFO - [[115   5   4]
 [  0 112  12]
 [ 26   0  98]]
2025-01-18 00:24:40,353 - root - INFO - Epoch 20/100, Loss: 5.788336171524334e-05
2025-01-18 00:24:41,587 - root - INFO - Accuracy after epoch 20: 87.09677419354838%
2025-01-18 00:24:41,589 - root - INFO - Confusion Matrix:
2025-01-18 00:24:41,589 - root - INFO - [[107  11   6]
 [  0 111  13]
 [ 16   2 106]]
2025-01-18 00:24:50,889 - root - INFO - Epoch 21/100, Loss: 6.150290757526198e-05
2025-01-18 00:24:52,116 - root - INFO - Accuracy after epoch 21: 89.24731182795699%
2025-01-18 00:24:52,117 - root - INFO - Confusion Matrix:
2025-01-18 00:24:52,117 - root - INFO - [[120   2   2]
 [  0 111  13]
 [ 23   0 101]]
2025-01-18 00:25:01,400 - root - INFO - Epoch 22/100, Loss: 1.0836150532698124e-05
2025-01-18 00:25:02,623 - root - INFO - Accuracy after epoch 22: 88.44086021505376%
2025-01-18 00:25:02,625 - root - INFO - Confusion Matrix:
2025-01-18 00:25:02,625 - root - INFO - [[118   3   3]
 [  0 111  13]
 [ 24   0 100]]
2025-01-18 00:25:11,932 - root - INFO - Epoch 23/100, Loss: 5.341348210073772e-06
2025-01-18 00:25:13,160 - root - INFO - Accuracy after epoch 23: 89.51612903225806%
2025-01-18 00:25:13,162 - root - INFO - Confusion Matrix:
2025-01-18 00:25:13,162 - root - INFO - [[120   3   1]
 [  1 110  13]
 [ 21   0 103]]
2025-01-18 00:25:22,473 - root - INFO - Epoch 24/100, Loss: 0.00011254715506197252
2025-01-18 00:25:23,694 - root - INFO - Accuracy after epoch 24: 89.51612903225806%
2025-01-18 00:25:23,696 - root - INFO - Confusion Matrix:
2025-01-18 00:25:23,696 - root - INFO - [[112   4   8]
 [  0 113  11]
 [ 16   0 108]]
2025-01-18 00:25:32,990 - root - INFO - Epoch 25/100, Loss: 7.044696067137476e-06
2025-01-18 00:25:34,215 - root - INFO - Accuracy after epoch 25: 88.97849462365592%
2025-01-18 00:25:34,216 - root - INFO - Confusion Matrix:
2025-01-18 00:25:34,217 - root - INFO - [[109   4  11]
 [  0 112  12]
 [ 14   0 110]]
2025-01-18 00:25:43,461 - root - INFO - Epoch 26/100, Loss: 2.78479284039149e-06
2025-01-18 00:25:44,697 - root - INFO - Accuracy after epoch 26: 88.70967741935483%
2025-01-18 00:25:44,698 - root - INFO - Confusion Matrix:
2025-01-18 00:25:44,698 - root - INFO - [[110   4  10]
 [  0 111  13]
 [ 15   0 109]]
2025-01-18 00:25:53,945 - root - INFO - Epoch 27/100, Loss: 9.59678310879712e-06
2025-01-18 00:25:55,174 - root - INFO - Accuracy after epoch 27: 88.44086021505376%
2025-01-18 00:25:55,175 - root - INFO - Confusion Matrix:
2025-01-18 00:25:55,176 - root - INFO - [[111   5   8]
 [  0 111  13]
 [ 17   0 107]]
2025-01-18 00:26:04,471 - root - INFO - Epoch 28/100, Loss: 0.005914817808345415
2025-01-18 00:26:05,702 - root - INFO - Accuracy after epoch 28: 84.94623655913979%
2025-01-18 00:26:05,704 - root - INFO - Confusion Matrix:
2025-01-18 00:26:05,704 - root - INFO - [[107   9   8]
 [  4 106  14]
 [ 21   0 103]]
2025-01-18 00:26:15,002 - root - INFO - Epoch 29/100, Loss: 0.08894152108321825
2025-01-18 00:26:16,225 - root - INFO - Accuracy after epoch 29: 81.98924731182795%
2025-01-18 00:26:16,227 - root - INFO - Confusion Matrix:
2025-01-18 00:26:16,227 - root - INFO - [[124   0   0]
 [ 11  98  15]
 [ 36   5  83]]
2025-01-18 00:26:25,545 - root - INFO - Epoch 30/100, Loss: 0.08463632800706433
2025-01-18 00:26:26,761 - root - INFO - Accuracy after epoch 30: 91.12903225806451%
2025-01-18 00:26:26,762 - root - INFO - Confusion Matrix:
2025-01-18 00:26:26,762 - root - INFO - [[111   0  13]
 [  0 108  16]
 [  4   0 120]]
2025-01-18 00:26:36,060 - root - INFO - Epoch 31/100, Loss: 0.0005139722028683645
2025-01-18 00:26:37,282 - root - INFO - Accuracy after epoch 31: 91.66666666666667%
2025-01-18 00:26:37,284 - root - INFO - Confusion Matrix:
2025-01-18 00:26:37,284 - root - INFO - [[119   0   5]
 [  0 108  16]
 [ 10   0 114]]
2025-01-18 00:26:46,664 - root - INFO - Epoch 32/100, Loss: 0.0020586775148750632
2025-01-18 00:26:47,891 - root - INFO - Accuracy after epoch 32: 84.40860215053763%
2025-01-18 00:26:47,893 - root - INFO - Confusion Matrix:
2025-01-18 00:26:47,893 - root - INFO - [[ 89   0  35]
 [  0 103  21]
 [  2   0 122]]
2025-01-18 00:26:57,283 - root - INFO - Epoch 33/100, Loss: 0.021855704232006327
2025-01-18 00:26:58,513 - root - INFO - Accuracy after epoch 33: 86.82795698924731%
2025-01-18 00:26:58,514 - root - INFO - Confusion Matrix:
2025-01-18 00:26:58,514 - root - INFO - [[111   0  13]
 [  5 106  13]
 [ 18   0 106]]
2025-01-18 00:27:07,889 - root - INFO - Epoch 34/100, Loss: 0.0005025555248811282
2025-01-18 00:27:09,115 - root - INFO - Accuracy after epoch 34: 89.51612903225806%
2025-01-18 00:27:09,116 - root - INFO - Confusion Matrix:
2025-01-18 00:27:09,116 - root - INFO - [[117   1   6]
 [  2 107  15]
 [ 15   0 109]]
2025-01-18 00:27:18,483 - root - INFO - Epoch 35/100, Loss: 9.166087897765973e-05
2025-01-18 00:27:19,707 - root - INFO - Accuracy after epoch 35: 91.12903225806451%
2025-01-18 00:27:19,708 - root - INFO - Confusion Matrix:
2025-01-18 00:27:19,708 - root - INFO - [[118   1   5]
 [  1 109  14]
 [ 12   0 112]]
2025-01-18 00:27:29,041 - root - INFO - Epoch 36/100, Loss: 1.7261796552963312e-05
2025-01-18 00:27:30,263 - root - INFO - Accuracy after epoch 36: 89.78494623655914%
2025-01-18 00:27:30,264 - root - INFO - Confusion Matrix:
2025-01-18 00:27:30,264 - root - INFO - [[114   4   6]
 [  3 107  14]
 [ 11   0 113]]
2025-01-18 00:27:39,632 - root - INFO - Epoch 37/100, Loss: 0.001899096272877349
2025-01-18 00:27:40,857 - root - INFO - Accuracy after epoch 37: 90.59139784946237%
2025-01-18 00:27:40,858 - root - INFO - Confusion Matrix:
2025-01-18 00:27:40,858 - root - INFO - [[114   0  10]
 [  1 111  12]
 [ 12   0 112]]
2025-01-18 00:27:50,218 - root - INFO - Epoch 38/100, Loss: 0.00818659253266928
2025-01-18 00:27:51,447 - root - INFO - Accuracy after epoch 38: 86.02150537634408%
2025-01-18 00:27:51,449 - root - INFO - Confusion Matrix:
2025-01-18 00:27:51,449 - root - INFO - [[ 91   1  32]
 [  0 110  14]
 [  5   0 119]]
2025-01-18 00:28:00,760 - root - INFO - Epoch 39/100, Loss: 0.0040786754009239905
2025-01-18 00:28:01,984 - root - INFO - Accuracy after epoch 39: 86.55913978494624%
2025-01-18 00:28:01,986 - root - INFO - Confusion Matrix:
2025-01-18 00:28:01,986 - root - INFO - [[ 99   0  25]
 [  0 105  19]
 [  6   0 118]]
2025-01-18 00:28:11,292 - root - INFO - Epoch 40/100, Loss: 0.00021557134166559335
2025-01-18 00:28:12,522 - root - INFO - Accuracy after epoch 40: 86.55913978494624%
2025-01-18 00:28:12,523 - root - INFO - Confusion Matrix:
2025-01-18 00:28:12,523 - root - INFO - [[101   1  22]
 [  0 104  20]
 [  7   0 117]]
2025-01-18 00:28:21,848 - root - INFO - Epoch 41/100, Loss: 6.120119608965244e-05
2025-01-18 00:28:23,078 - root - INFO - Accuracy after epoch 41: 89.24731182795699%
2025-01-18 00:28:23,079 - root - INFO - Confusion Matrix:
2025-01-18 00:28:23,080 - root - INFO - [[112   2  10]
 [  0 103  21]
 [  7   0 117]]
2025-01-18 00:28:32,373 - root - INFO - Epoch 42/100, Loss: 2.8763830619588446e-06
2025-01-18 00:28:33,604 - root - INFO - Accuracy after epoch 42: 87.63440860215054%
2025-01-18 00:28:33,606 - root - INFO - Confusion Matrix:
2025-01-18 00:28:33,606 - root - INFO - [[105   2  17]
 [  0 106  18]
 [  9   0 115]]
2025-01-18 00:28:42,925 - root - INFO - Epoch 43/100, Loss: 5.616796862950579e-06
2025-01-18 00:28:44,145 - root - INFO - Accuracy after epoch 43: 88.17204301075269%
2025-01-18 00:28:44,147 - root - INFO - Confusion Matrix:
2025-01-18 00:28:44,147 - root - INFO - [[106   3  15]
 [  0 108  16]
 [ 10   0 114]]
2025-01-18 00:28:53,480 - root - INFO - Epoch 44/100, Loss: 5.955235928176256e-06
2025-01-18 00:28:54,714 - root - INFO - Accuracy after epoch 44: 90.05376344086021%
2025-01-18 00:28:54,715 - root - INFO - Confusion Matrix:
2025-01-18 00:28:54,716 - root - INFO - [[111   1  12]
 [  1 107  16]
 [  7   0 117]]
2025-01-18 00:29:04,059 - root - INFO - Epoch 45/100, Loss: 0.001205129333426589
2025-01-18 00:29:05,275 - root - INFO - Accuracy after epoch 45: 91.12903225806451%
2025-01-18 00:29:05,277 - root - INFO - Confusion Matrix:
2025-01-18 00:29:05,277 - root - INFO - [[122   0   2]
 [  1 109  14]
 [ 16   0 108]]
2025-01-18 00:29:14,666 - root - INFO - Epoch 46/100, Loss: 0.0004493572025473359
2025-01-18 00:29:15,885 - root - INFO - Accuracy after epoch 46: 85.48387096774194%
2025-01-18 00:29:15,886 - root - INFO - Confusion Matrix:
2025-01-18 00:29:15,886 - root - INFO - [[ 98   2  24]
 [  0 104  20]
 [  8   0 116]]
2025-01-18 00:29:25,190 - root - INFO - Epoch 47/100, Loss: 4.5281991741925964e-05
2025-01-18 00:29:26,417 - root - INFO - Accuracy after epoch 47: 88.17204301075269%
2025-01-18 00:29:26,419 - root - INFO - Confusion Matrix:
2025-01-18 00:29:26,419 - root - INFO - [[107   2  15]
 [  1 106  17]
 [  9   0 115]]
2025-01-18 00:29:35,719 - root - INFO - Epoch 48/100, Loss: 4.680919656751822e-07
2025-01-18 00:29:36,940 - root - INFO - Accuracy after epoch 48: 87.63440860215054%
2025-01-18 00:29:36,942 - root - INFO - Confusion Matrix:
2025-01-18 00:29:36,942 - root - INFO - [[103   5  16]
 [  1 104  19]
 [  5   0 119]]
2025-01-18 00:29:46,243 - root - INFO - Epoch 49/100, Loss: 8.167015349797235e-08
2025-01-18 00:29:47,465 - root - INFO - Accuracy after epoch 49: 86.55913978494624%
2025-01-18 00:29:47,467 - root - INFO - Confusion Matrix:
2025-01-18 00:29:47,467 - root - INFO - [[104   3  17]
 [  2 102  20]
 [  8   0 116]]
2025-01-18 00:29:56,744 - root - INFO - Epoch 50/100, Loss: 1.0379627825454657e-06
2025-01-18 00:29:57,966 - root - INFO - Accuracy after epoch 50: 87.09677419354838%
2025-01-18 00:29:57,967 - root - INFO - Confusion Matrix:
2025-01-18 00:29:57,967 - root - INFO - [[105   2  17]
 [  1 104  19]
 [  9   0 115]]
2025-01-18 00:30:07,279 - root - INFO - Epoch 51/100, Loss: 4.839795280042045e-07
2025-01-18 00:30:08,508 - root - INFO - Accuracy after epoch 51: 88.97849462365592%
2025-01-18 00:30:08,509 - root - INFO - Confusion Matrix:
2025-01-18 00:30:08,509 - root - INFO - [[111   0  13]
 [  2 104  18]
 [  8   0 116]]
2025-01-18 00:30:17,961 - root - INFO - Epoch 52/100, Loss: 5.077748331898162e-06
2025-01-18 00:30:19,183 - root - INFO - Accuracy after epoch 52: 88.44086021505376%
2025-01-18 00:30:19,185 - root - INFO - Confusion Matrix:
2025-01-18 00:30:19,185 - root - INFO - [[110   1  13]
 [  3 102  19]
 [  7   0 117]]
2025-01-18 00:30:28,535 - root - INFO - Epoch 53/100, Loss: 0.011228134233439133
2025-01-18 00:30:29,758 - root - INFO - Accuracy after epoch 53: 87.36559139784946%
2025-01-18 00:30:29,759 - root - INFO - Confusion Matrix:
2025-01-18 00:30:29,759 - root - INFO - [[105   5  14]
 [  0 102  22]
 [  4   2 118]]
2025-01-18 00:30:39,119 - root - INFO - Epoch 54/100, Loss: 0.00956431188713394
2025-01-18 00:30:40,342 - root - INFO - Accuracy after epoch 54: 93.81720430107526%
2025-01-18 00:30:40,343 - root - INFO - Confusion Matrix:
2025-01-18 00:30:40,343 - root - INFO - [[123   1   0]
 [  2 112  10]
 [  9   1 114]]
2025-01-18 00:30:49,720 - root - INFO - Epoch 55/100, Loss: 0.002939091413965081
2025-01-18 00:30:50,942 - root - INFO - Accuracy after epoch 55: 83.60215053763442%
2025-01-18 00:30:50,944 - root - INFO - Confusion Matrix:
2025-01-18 00:30:50,944 - root - INFO - [[ 89   1  34]
 [  0 105  19]
 [  5   2 117]]
2025-01-18 00:31:00,340 - root - INFO - Epoch 56/100, Loss: 0.0003037972544607543
2025-01-18 00:31:01,565 - root - INFO - Accuracy after epoch 56: 87.90322580645162%
2025-01-18 00:31:01,566 - root - INFO - Confusion Matrix:
2025-01-18 00:31:01,566 - root - INFO - [[109   3  12]
 [  0 107  17]
 [  8   5 111]]
2025-01-18 00:31:10,940 - root - INFO - Epoch 57/100, Loss: 0.00011176593343337275
2025-01-18 00:31:12,158 - root - INFO - Accuracy after epoch 57: 88.44086021505376%
2025-01-18 00:31:12,160 - root - INFO - Confusion Matrix:
2025-01-18 00:31:12,160 - root - INFO - [[110   2  12]
 [  0 105  19]
 [ 10   0 114]]
2025-01-18 00:31:21,459 - root - INFO - Epoch 58/100, Loss: 0.00108618824656399
2025-01-18 00:31:22,689 - root - INFO - Accuracy after epoch 58: 89.24731182795699%
2025-01-18 00:31:22,691 - root - INFO - Confusion Matrix:
2025-01-18 00:31:22,691 - root - INFO - [[123   0   1]
 [  1 110  13]
 [ 19   6  99]]
2025-01-18 00:31:32,018 - root - INFO - Epoch 59/100, Loss: 0.0064239125232995785
2025-01-18 00:31:33,246 - root - INFO - Accuracy after epoch 59: 78.76344086021506%
2025-01-18 00:31:33,247 - root - INFO - Confusion Matrix:
2025-01-18 00:31:33,248 - root - INFO - [[ 71  13  40]
 [  0 106  18]
 [  3   5 116]]
2025-01-18 00:31:42,524 - root - INFO - Epoch 60/100, Loss: 0.019444286481651217
2025-01-18 00:31:43,755 - root - INFO - Accuracy after epoch 60: 85.48387096774194%
2025-01-18 00:31:43,757 - root - INFO - Confusion Matrix:
2025-01-18 00:31:43,757 - root - INFO - [[104   3  17]
 [  4 107  13]
 [ 14   3 107]]
2025-01-18 00:31:52,995 - root - INFO - Epoch 61/100, Loss: 8.632193848095079e-05
2025-01-18 00:31:54,217 - root - INFO - Accuracy after epoch 61: 85.21505376344086%
2025-01-18 00:31:54,218 - root - INFO - Confusion Matrix:
2025-01-18 00:31:54,218 - root - INFO - [[106   4  14]
 [  5 108  11]
 [ 18   3 103]]
2025-01-18 00:32:03,482 - root - INFO - Epoch 62/100, Loss: 0.00016963705714368878
2025-01-18 00:32:04,712 - root - INFO - Accuracy after epoch 62: 87.36559139784946%
2025-01-18 00:32:04,714 - root - INFO - Confusion Matrix:
2025-01-18 00:32:04,714 - root - INFO - [[110   6   8]
 [  2 109  13]
 [ 18   0 106]]
2025-01-18 00:32:14,020 - root - INFO - Epoch 63/100, Loss: 0.0002213021693679928
2025-01-18 00:32:15,241 - root - INFO - Accuracy after epoch 63: 83.87096774193549%
2025-01-18 00:32:15,242 - root - INFO - Confusion Matrix:
2025-01-18 00:32:15,242 - root - INFO - [[ 96   2  26]
 [  2 108  14]
 [ 16   0 108]]
2025-01-18 00:32:24,510 - root - INFO - Epoch 64/100, Loss: 0.013524449830575899
2025-01-18 00:32:25,728 - root - INFO - Accuracy after epoch 64: 81.18279569892474%
2025-01-18 00:32:25,729 - root - INFO - Confusion Matrix:
2025-01-18 00:32:25,730 - root - INFO - [[ 88   8  28]
 [  7 106  11]
 [ 14   2 108]]
2025-01-18 00:32:35,043 - root - INFO - Epoch 65/100, Loss: 0.023444119731305675
2025-01-18 00:32:36,271 - root - INFO - Accuracy after epoch 65: 82.79569892473118%
2025-01-18 00:32:36,273 - root - INFO - Confusion Matrix:
2025-01-18 00:32:36,273 - root - INFO - [[111   0  13]
 [ 14  97  13]
 [ 24   0 100]]
2025-01-18 00:32:45,550 - root - INFO - Epoch 66/100, Loss: 0.06132874129770047
2025-01-18 00:32:46,775 - root - INFO - Accuracy after epoch 66: 81.72043010752688%
2025-01-18 00:32:46,777 - root - INFO - Confusion Matrix:
2025-01-18 00:32:46,777 - root - INFO - [[ 89   0  35]
 [  8 101  15]
 [  8   2 114]]
2025-01-18 00:32:56,052 - root - INFO - Epoch 67/100, Loss: 0.006355703173043779
2025-01-18 00:32:57,275 - root - INFO - Accuracy after epoch 67: 89.24731182795699%
2025-01-18 00:32:57,277 - root - INFO - Confusion Matrix:
2025-01-18 00:32:57,277 - root - INFO - [[114   0  10]
 [ 10 103  11]
 [  9   0 115]]
2025-01-18 00:33:06,543 - root - INFO - Epoch 68/100, Loss: 0.04076496746242849
2025-01-18 00:33:07,767 - root - INFO - Accuracy after epoch 68: 87.90322580645162%
2025-01-18 00:33:07,769 - root - INFO - Confusion Matrix:
2025-01-18 00:33:07,769 - root - INFO - [[100   4  20]
 [  1 110  13]
 [  6   1 117]]
2025-01-18 00:33:17,068 - root - INFO - Epoch 69/100, Loss: 0.00012358164382308826
2025-01-18 00:33:18,291 - root - INFO - Accuracy after epoch 69: 88.70967741935483%
2025-01-18 00:33:18,293 - root - INFO - Confusion Matrix:
2025-01-18 00:33:18,293 - root - INFO - [[110   2  12]
 [  5 107  12]
 [ 11   0 113]]
2025-01-18 00:33:27,578 - root - INFO - Epoch 70/100, Loss: 1.019466155735806e-06
2025-01-18 00:33:28,793 - root - INFO - Accuracy after epoch 70: 89.51612903225806%
2025-01-18 00:33:28,794 - root - INFO - Confusion Matrix:
2025-01-18 00:33:28,794 - root - INFO - [[111   3  10]
 [  6 108  10]
 [ 10   0 114]]
2025-01-18 00:33:38,077 - root - INFO - Epoch 71/100, Loss: 0.0027671004573055886
2025-01-18 00:33:39,298 - root - INFO - Accuracy after epoch 71: 86.82795698924731%
2025-01-18 00:33:39,299 - root - INFO - Confusion Matrix:
2025-01-18 00:33:39,299 - root - INFO - [[ 98   1  25]
 [  2 108  14]
 [  7   0 117]]
2025-01-18 00:33:48,584 - root - INFO - Epoch 72/100, Loss: 0.0036804442351691213
2025-01-18 00:33:49,810 - root - INFO - Accuracy after epoch 72: 89.51612903225806%
2025-01-18 00:33:49,812 - root - INFO - Confusion Matrix:
2025-01-18 00:33:49,812 - root - INFO - [[111   1  12]
 [  5 109  10]
 [ 11   0 113]]
2025-01-18 00:33:59,103 - root - INFO - Epoch 73/100, Loss: 6.988586380212636e-06
2025-01-18 00:34:00,323 - root - INFO - Accuracy after epoch 73: 90.05376344086021%
2025-01-18 00:34:00,324 - root - INFO - Confusion Matrix:
2025-01-18 00:34:00,324 - root - INFO - [[113   0  11]
 [  3 112   9]
 [ 14   0 110]]
2025-01-18 00:34:09,599 - root - INFO - Epoch 74/100, Loss: 5.52866213930197e-06
2025-01-18 00:34:10,813 - root - INFO - Accuracy after epoch 74: 89.78494623655914%
2025-01-18 00:34:10,815 - root - INFO - Confusion Matrix:
2025-01-18 00:34:10,815 - root - INFO - [[114   1   9]
 [  5 109  10]
 [ 13   0 111]]
2025-01-18 00:34:20,072 - root - INFO - Epoch 75/100, Loss: 0.006388173454160445
2025-01-18 00:34:21,297 - root - INFO - Accuracy after epoch 75: 87.90322580645162%
2025-01-18 00:34:21,299 - root - INFO - Confusion Matrix:
2025-01-18 00:34:21,299 - root - INFO - [[106   5  13]
 [  4 111   9]
 [  5   9 110]]
2025-01-18 00:34:30,611 - root - INFO - Epoch 76/100, Loss: 0.02330009920933582
2025-01-18 00:34:31,832 - root - INFO - Accuracy after epoch 76: 88.44086021505376%
2025-01-18 00:34:31,833 - root - INFO - Confusion Matrix:
2025-01-18 00:34:31,833 - root - INFO - [[117   2   5]
 [  5 110   9]
 [ 18   4 102]]
2025-01-18 00:34:41,175 - root - INFO - Epoch 77/100, Loss: 0.002954426040803384
2025-01-18 00:34:42,396 - root - INFO - Accuracy after epoch 77: 80.10752688172043%
2025-01-18 00:34:42,398 - root - INFO - Confusion Matrix:
2025-01-18 00:34:42,398 - root - INFO - [[ 86   8  30]
 [  3 109  12]
 [ 10  11 103]]
2025-01-18 00:34:51,769 - root - INFO - Epoch 78/100, Loss: 0.0003546330062212901
2025-01-18 00:34:52,994 - root - INFO - Accuracy after epoch 78: 83.87096774193549%
2025-01-18 00:34:52,995 - root - INFO - Confusion Matrix:
2025-01-18 00:34:52,995 - root - INFO - [[ 93   1  30]
 [  4 110  10]
 [ 15   0 109]]
2025-01-18 00:35:02,333 - root - INFO - Epoch 79/100, Loss: 2.6851771921324357e-06
2025-01-18 00:35:03,592 - root - INFO - Accuracy after epoch 79: 84.40860215053763%
2025-01-18 00:35:03,593 - root - INFO - Confusion Matrix:
2025-01-18 00:35:03,593 - root - INFO - [[ 91   0  33]
 [  5 108  11]
 [  9   0 115]]
2025-01-18 00:35:12,960 - root - INFO - Epoch 80/100, Loss: 2.4426181831050956e-08
2025-01-18 00:35:14,233 - root - INFO - Accuracy after epoch 80: 84.6774193548387%
2025-01-18 00:35:14,234 - root - INFO - Confusion Matrix:
2025-01-18 00:35:14,234 - root - INFO - [[ 94   2  28]
 [  4 109  11]
 [ 12   0 112]]
2025-01-18 00:35:23,518 - root - INFO - Epoch 81/100, Loss: 7.544886572048521e-10
2025-01-18 00:35:24,749 - root - INFO - Accuracy after epoch 81: 84.94623655913979%
2025-01-18 00:35:24,750 - root - INFO - Confusion Matrix:
2025-01-18 00:35:24,750 - root - INFO - [[ 96   0  28]
 [  5 106  13]
 [  9   1 114]]
2025-01-18 00:35:34,100 - root - INFO - Epoch 82/100, Loss: 4.7155570587560875e-11
2025-01-18 00:35:35,326 - root - INFO - Accuracy after epoch 82: 83.60215053763442%
2025-01-18 00:35:35,327 - root - INFO - Confusion Matrix:
2025-01-18 00:35:35,327 - root - INFO - [[ 93   2  29]
 [  4 108  12]
 [ 14   0 110]]
2025-01-18 00:35:44,626 - root - INFO - Epoch 83/100, Loss: 7.544889326525899e-10
2025-01-18 00:35:45,853 - root - INFO - Accuracy after epoch 83: 86.82795698924731%
2025-01-18 00:35:45,855 - root - INFO - Confusion Matrix:
2025-01-18 00:35:45,855 - root - INFO - [[103   1  20]
 [  5 108  11]
 [ 12   0 112]]
2025-01-18 00:35:55,239 - root - INFO - Epoch 84/100, Loss: 0.0009302641123604507
2025-01-18 00:35:56,456 - root - INFO - Accuracy after epoch 84: 84.13978494623656%
2025-01-18 00:35:56,458 - root - INFO - Confusion Matrix:
2025-01-18 00:35:56,458 - root - INFO - [[102  10  12]
 [  5 111   8]
 [ 14  10 100]]
2025-01-18 00:36:05,764 - root - INFO - Epoch 85/100, Loss: 0.05580012349173029
2025-01-18 00:36:06,995 - root - INFO - Accuracy after epoch 85: 75.26881720430107%
2025-01-18 00:36:06,996 - root - INFO - Confusion Matrix:
2025-01-18 00:36:06,996 - root - INFO - [[119   5   0]
 [ 12 104   8]
 [ 67   0  57]]
2025-01-18 00:36:16,286 - root - INFO - Epoch 86/100, Loss: 0.0634484595305973
2025-01-18 00:36:17,508 - root - INFO - Accuracy after epoch 86: 85.21505376344086%
2025-01-18 00:36:17,509 - root - INFO - Confusion Matrix:
2025-01-18 00:36:17,509 - root - INFO - [[107  12   5]
 [  7 110   7]
 [ 14  10 100]]
2025-01-18 00:36:26,773 - root - INFO - Epoch 87/100, Loss: 0.007844507032962944
2025-01-18 00:36:27,988 - root - INFO - Accuracy after epoch 87: 88.70967741935483%
2025-01-18 00:36:27,990 - root - INFO - Confusion Matrix:
2025-01-18 00:36:27,990 - root - INFO - [[117   1   6]
 [  0 112  12]
 [ 23   0 101]]
2025-01-18 00:36:37,212 - root - INFO - Epoch 88/100, Loss: 0.06135303116252715
2025-01-18 00:36:38,439 - root - INFO - Accuracy after epoch 88: 87.09677419354838%
2025-01-18 00:36:38,440 - root - INFO - Confusion Matrix:
2025-01-18 00:36:38,440 - root - INFO - [[ 93   3  28]
 [  0 110  14]
 [  3   0 121]]
2025-01-18 00:36:47,657 - root - INFO - Epoch 89/100, Loss: 0.05067062268866594
2025-01-18 00:36:48,877 - root - INFO - Accuracy after epoch 89: 85.48387096774194%
2025-01-18 00:36:48,879 - root - INFO - Confusion Matrix:
2025-01-18 00:36:48,879 - root - INFO - [[102   2  20]
 [  4 110  10]
 [ 18   0 106]]
2025-01-18 00:36:58,055 - root - INFO - Epoch 90/100, Loss: 0.018822224881452847
2025-01-18 00:36:59,277 - root - INFO - Accuracy after epoch 90: 89.24731182795699%
2025-01-18 00:36:59,279 - root - INFO - Confusion Matrix:
2025-01-18 00:36:59,279 - root - INFO - [[113   0  11]
 [  5 108  11]
 [ 13   0 111]]
2025-01-18 00:37:08,638 - root - INFO - Epoch 91/100, Loss: 0.009559118672262263
2025-01-18 00:37:09,866 - root - INFO - Accuracy after epoch 91: 91.12903225806451%
2025-01-18 00:37:09,867 - root - INFO - Confusion Matrix:
2025-01-18 00:37:09,867 - root - INFO - [[115   0   9]
 [  2 109  13]
 [  9   0 115]]
2025-01-18 00:37:19,279 - root - INFO - Epoch 92/100, Loss: 1.4146671176268262e-10
2025-01-18 00:37:20,499 - root - INFO - Accuracy after epoch 92: 88.97849462365592%
2025-01-18 00:37:20,500 - root - INFO - Confusion Matrix:
2025-01-18 00:37:20,500 - root - INFO - [[112   0  12]
 [  1 109  14]
 [ 14   0 110]]
2025-01-18 00:37:29,781 - root - INFO - Epoch 93/100, Loss: 0.02629678324896465
2025-01-18 00:37:31,005 - root - INFO - Accuracy after epoch 93: 87.09677419354838%
2025-01-18 00:37:31,006 - root - INFO - Confusion Matrix:
2025-01-18 00:37:31,006 - root - INFO - [[111   1  12]
 [  5 110   9]
 [ 18   3 103]]
2025-01-18 00:37:40,270 - root - INFO - Epoch 94/100, Loss: 0.010611429244657106
2025-01-18 00:37:41,484 - root - INFO - Accuracy after epoch 94: 85.21505376344086%
2025-01-18 00:37:41,486 - root - INFO - Confusion Matrix:
2025-01-18 00:37:41,486 - root - INFO - [[ 97   0  27]
 [  1 109  14]
 [ 13   0 111]]
2025-01-18 00:37:50,752 - root - INFO - Epoch 95/100, Loss: 4.772568059660777e-06
2025-01-18 00:37:51,975 - root - INFO - Accuracy after epoch 95: 81.18279569892474%
2025-01-18 00:37:51,976 - root - INFO - Confusion Matrix:
2025-01-18 00:37:51,976 - root - INFO - [[ 85   0  39]
 [  5 108  11]
 [ 15   0 109]]
2025-01-18 00:38:01,322 - root - INFO - Epoch 96/100, Loss: 0.010763992237139352
2025-01-18 00:38:02,538 - root - INFO - Accuracy after epoch 96: 81.45161290322581%
2025-01-18 00:38:02,540 - root - INFO - Confusion Matrix:
2025-01-18 00:38:02,540 - root - INFO - [[ 79   0  45]
 [  0 109  15]
 [  9   0 115]]
2025-01-18 00:38:11,796 - root - INFO - Epoch 97/100, Loss: 0.0176756724107132
2025-01-18 00:38:13,016 - root - INFO - Accuracy after epoch 97: 86.82795698924731%
2025-01-18 00:38:13,018 - root - INFO - Confusion Matrix:
2025-01-18 00:38:13,018 - root - INFO - [[106   0  18]
 [  3 109  12]
 [ 16   0 108]]
2025-01-18 00:38:22,309 - root - INFO - Epoch 98/100, Loss: 8.535104235188786e-09
2025-01-18 00:38:23,542 - root - INFO - Accuracy after epoch 98: 84.94623655913979%
2025-01-18 00:38:23,544 - root - INFO - Confusion Matrix:
2025-01-18 00:38:23,544 - root - INFO - [[101   0  23]
 [  3 111  10]
 [ 20   0 104]]
2025-01-18 00:38:32,832 - root - INFO - Epoch 99/100, Loss: 3.300888788745869e-10
2025-01-18 00:38:34,058 - root - INFO - Accuracy after epoch 99: 84.13978494623656%
2025-01-18 00:38:34,060 - root - INFO - Confusion Matrix:
2025-01-18 00:38:34,060 - root - INFO - [[ 98   0  26]
 [  5 108  11]
 [ 17   0 107]]
2025-01-18 00:38:43,262 - root - INFO - Epoch 100/100, Loss: 0.006592682456644674
2025-01-18 00:38:44,485 - root - INFO - Accuracy after epoch 100: 83.60215053763442%
2025-01-18 00:38:44,487 - root - INFO - Confusion Matrix:
2025-01-18 00:38:44,487 - root - INFO - [[ 82   0  42]
 [  1 109  14]
 [  4   0 120]]
