2025-01-18 12:26:57,244 - root - INFO - Setup seed: 1231312
2025-01-18 12:26:57,304 - root - INFO - Using device: cuda
2025-01-18 12:26:57,345 - root - INFO - Visualization of transformation saved to /media/sdb/ddh/Big-HW/output/train_17/visualization/transformation.png
2025-01-18 12:26:57,352 - root - INFO - Training samples: 2520, Testing samples: 372
2025-01-18 12:26:57,352 - root - INFO - Classes: ['paper', 'rock', 'scissors']
2025-01-18 12:26:57,353 - root - INFO - Training set class distribution:
2025-01-18 12:26:57,353 - root - INFO - paper: 840
2025-01-18 12:26:57,353 - root - INFO - rock: 840
2025-01-18 12:26:57,353 - root - INFO - scissors: 840
2025-01-18 12:26:57,353 - root - INFO - Testing set class distribution:
2025-01-18 12:26:57,353 - root - INFO - paper: 124
2025-01-18 12:26:57,353 - root - INFO - rock: 124
2025-01-18 12:26:57,353 - root - INFO - scissors: 124
2025-01-18 12:26:57,912 - root - INFO - Current learning rate: 0.01
2025-01-18 12:27:07,561 - root - INFO - Epoch 1/30, Loss: 26.035644054412842
2025-01-18 12:27:08,850 - root - INFO - Accuracy after epoch 1: 33.333333333333336%
2025-01-18 12:27:08,853 - root - INFO - Confusion Matrix:
2025-01-18 12:27:08,853 - root - INFO - [[  0   0 124]
 [  0   0 124]
 [  0   0 124]]
2025-01-18 12:27:08,854 - root - INFO - Current learning rate: 0.01
2025-01-18 12:27:18,415 - root - INFO - Epoch 2/30, Loss: 1.0992986386335348
2025-01-18 12:27:19,685 - root - INFO - Accuracy after epoch 2: 33.333333333333336%
2025-01-18 12:27:19,688 - root - INFO - Confusion Matrix:
2025-01-18 12:27:19,688 - root - INFO - [[  0   0 124]
 [  0   0 124]
 [  0   0 124]]
2025-01-18 12:27:19,688 - root - INFO - Current learning rate: 0.01
2025-01-18 12:27:29,163 - root - INFO - Epoch 3/30, Loss: 1.0996529331690148
2025-01-18 12:27:30,453 - root - INFO - Accuracy after epoch 3: 33.333333333333336%
2025-01-18 12:27:30,455 - root - INFO - Confusion Matrix:
2025-01-18 12:27:30,455 - root - INFO - [[124   0   0]
 [124   0   0]
 [124   0   0]]
2025-01-18 12:27:30,455 - root - INFO - Current learning rate: 0.01
2025-01-18 12:27:39,977 - root - INFO - Epoch 4/30, Loss: 1.0993074903005287
2025-01-18 12:27:41,238 - root - INFO - Accuracy after epoch 4: 33.333333333333336%
2025-01-18 12:27:41,240 - root - INFO - Confusion Matrix:
2025-01-18 12:27:41,240 - root - INFO - [[124   0   0]
 [124   0   0]
 [124   0   0]]
2025-01-18 12:27:41,240 - root - INFO - Current learning rate: 0.01
2025-01-18 12:27:50,705 - root - INFO - Epoch 5/30, Loss: 1.0995725861078576
2025-01-18 12:27:51,964 - root - INFO - Accuracy after epoch 5: 33.333333333333336%
2025-01-18 12:27:51,966 - root - INFO - Confusion Matrix:
2025-01-18 12:27:51,966 - root - INFO - [[124   0   0]
 [124   0   0]
 [124   0   0]]
2025-01-18 12:27:51,967 - root - INFO - Current learning rate: 0.01
2025-01-18 12:28:01,428 - root - INFO - Epoch 6/30, Loss: 1.0992249401309822
2025-01-18 12:28:02,703 - root - INFO - Accuracy after epoch 6: 33.333333333333336%
2025-01-18 12:28:02,705 - root - INFO - Confusion Matrix:
2025-01-18 12:28:02,705 - root - INFO - [[124   0   0]
 [124   0   0]
 [124   0   0]]
2025-01-18 12:28:02,705 - root - INFO - Current learning rate: 0.01
2025-01-18 12:28:12,211 - root - INFO - Epoch 7/30, Loss: 1.0995270496682277
2025-01-18 12:28:13,442 - root - INFO - Accuracy after epoch 7: 33.333333333333336%
2025-01-18 12:28:13,444 - root - INFO - Confusion Matrix:
2025-01-18 12:28:13,444 - root - INFO - [[  0   0 124]
 [  0   0 124]
 [  0   0 124]]
2025-01-18 12:28:13,444 - root - INFO - Current learning rate: 0.01
2025-01-18 12:28:22,875 - root - INFO - Epoch 8/30, Loss: 1.0993697145317174
2025-01-18 12:28:24,104 - root - INFO - Accuracy after epoch 8: 33.333333333333336%
2025-01-18 12:28:24,105 - root - INFO - Confusion Matrix:
2025-01-18 12:28:24,105 - root - INFO - [[  0   0 124]
 [  0   0 124]
 [  0   0 124]]
2025-01-18 12:28:24,106 - root - INFO - Current learning rate: 0.01
2025-01-18 12:28:33,569 - root - INFO - Epoch 9/30, Loss: 1.099308175376699
2025-01-18 12:28:34,792 - root - INFO - Accuracy after epoch 9: 33.333333333333336%
2025-01-18 12:28:34,793 - root - INFO - Confusion Matrix:
2025-01-18 12:28:34,793 - root - INFO - [[  0 124   0]
 [  0 124   0]
 [  0 124   0]]
2025-01-18 12:28:34,794 - root - INFO - Current learning rate: 0.01
2025-01-18 12:28:44,233 - root - INFO - Epoch 10/30, Loss: 1.1001316369334353
2025-01-18 12:28:45,464 - root - INFO - Accuracy after epoch 10: 33.333333333333336%
2025-01-18 12:28:45,466 - root - INFO - Confusion Matrix:
2025-01-18 12:28:45,466 - root - INFO - [[  0 124   0]
 [  0 124   0]
 [  0 124   0]]
2025-01-18 12:28:45,466 - root - INFO - Current learning rate: 0.001
2025-01-18 12:28:54,957 - root - INFO - Epoch 11/30, Loss: 1.0988815162755265
2025-01-18 12:28:56,181 - root - INFO - Accuracy after epoch 11: 33.333333333333336%
2025-01-18 12:28:56,183 - root - INFO - Confusion Matrix:
2025-01-18 12:28:56,183 - root - INFO - [[  0 124   0]
 [  0 124   0]
 [  0 124   0]]
2025-01-18 12:28:56,183 - root - INFO - Current learning rate: 0.001
2025-01-18 12:29:05,783 - root - INFO - Epoch 12/30, Loss: 1.0987927928755554
2025-01-18 12:29:07,044 - root - INFO - Accuracy after epoch 12: 33.333333333333336%
2025-01-18 12:29:07,046 - root - INFO - Confusion Matrix:
2025-01-18 12:29:07,046 - root - INFO - [[  0 124   0]
 [  0 124   0]
 [  0 124   0]]
2025-01-18 12:29:07,046 - root - INFO - Current learning rate: 0.001
2025-01-18 12:29:16,509 - root - INFO - Epoch 13/30, Loss: 1.0987921364699738
2025-01-18 12:29:17,764 - root - INFO - Accuracy after epoch 13: 33.333333333333336%
2025-01-18 12:29:17,766 - root - INFO - Confusion Matrix:
2025-01-18 12:29:17,766 - root - INFO - [[  0 124   0]
 [  0 124   0]
 [  0 124   0]]
2025-01-18 12:29:17,767 - root - INFO - Current learning rate: 0.001
2025-01-18 12:29:27,240 - root - INFO - Epoch 14/30, Loss: 1.0987177378014674
2025-01-18 12:29:28,496 - root - INFO - Accuracy after epoch 14: 33.333333333333336%
2025-01-18 12:29:28,498 - root - INFO - Confusion Matrix:
2025-01-18 12:29:28,498 - root - INFO - [[  0 124   0]
 [  0 124   0]
 [  0 124   0]]
2025-01-18 12:29:28,498 - root - INFO - Current learning rate: 0.001
2025-01-18 12:29:37,983 - root - INFO - Epoch 15/30, Loss: 1.098720662201507
2025-01-18 12:29:39,245 - root - INFO - Accuracy after epoch 15: 33.333333333333336%
2025-01-18 12:29:39,246 - root - INFO - Confusion Matrix:
2025-01-18 12:29:39,246 - root - INFO - [[  0 124   0]
 [  0 124   0]
 [  0 124   0]]
2025-01-18 12:29:39,247 - root - INFO - Current learning rate: 0.001
2025-01-18 12:29:48,744 - root - INFO - Epoch 16/30, Loss: 1.098692679707008
2025-01-18 12:29:49,965 - root - INFO - Accuracy after epoch 16: 33.333333333333336%
2025-01-18 12:29:49,967 - root - INFO - Confusion Matrix:
2025-01-18 12:29:49,967 - root - INFO - [[  0 124   0]
 [  0 124   0]
 [  0 124   0]]
2025-01-18 12:29:49,967 - root - INFO - Current learning rate: 0.001
2025-01-18 12:29:59,454 - root - INFO - Epoch 17/30, Loss: 1.0987137450447566
2025-01-18 12:30:00,714 - root - INFO - Accuracy after epoch 17: 33.333333333333336%
2025-01-18 12:30:00,716 - root - INFO - Confusion Matrix:
2025-01-18 12:30:00,716 - root - INFO - [[124   0   0]
 [124   0   0]
 [124   0   0]]
2025-01-18 12:30:00,716 - root - INFO - Current learning rate: 0.001
2025-01-18 12:30:10,162 - root - INFO - Epoch 18/30, Loss: 1.0987382659429237
2025-01-18 12:30:11,422 - root - INFO - Accuracy after epoch 18: 33.333333333333336%
2025-01-18 12:30:11,424 - root - INFO - Confusion Matrix:
2025-01-18 12:30:11,424 - root - INFO - [[124   0   0]
 [124   0   0]
 [124   0   0]]
2025-01-18 12:30:11,424 - root - INFO - Current learning rate: 0.001
2025-01-18 12:30:20,859 - root - INFO - Epoch 19/30, Loss: 1.0987173092516163
2025-01-18 12:30:22,127 - root - INFO - Accuracy after epoch 19: 33.333333333333336%
2025-01-18 12:30:22,129 - root - INFO - Confusion Matrix:
2025-01-18 12:30:22,129 - root - INFO - [[124   0   0]
 [124   0   0]
 [124   0   0]]
2025-01-18 12:30:22,129 - root - INFO - Current learning rate: 0.001
