2025-01-18 19:11:11,862 - root - INFO - Setup seed: 1231312
2025-01-18 19:11:11,921 - root - INFO - Using device: cuda
2025-01-18 19:11:11,959 - root - INFO - Visualization of transformation saved to /media/sdb/ddh/Big-HW/output/train_27/visualization/transformation.png
2025-01-18 19:11:11,966 - root - INFO - Training samples: 2520, Testing samples: 372
2025-01-18 19:11:11,966 - root - INFO - Classes: ['paper', 'rock', 'scissors']
2025-01-18 19:11:11,967 - root - INFO - Training set class distribution:
2025-01-18 19:11:11,967 - root - INFO - paper: 840
2025-01-18 19:11:11,967 - root - INFO - rock: 840
2025-01-18 19:11:11,967 - root - INFO - scissors: 840
2025-01-18 19:11:11,967 - root - INFO - Testing set class distribution:
2025-01-18 19:11:11,967 - root - INFO - paper: 124
2025-01-18 19:11:11,967 - root - INFO - rock: 124
2025-01-18 19:11:11,967 - root - INFO - scissors: 124
2025-01-18 19:11:12,242 - root - INFO - Current learning rate: 0.001
2025-01-18 19:11:21,557 - root - INFO - Epoch 1/20, Loss: 1.6380460118945641
2025-01-18 19:11:22,740 - root - INFO - Accuracy after epoch 1: 78.76344086021506%
2025-01-18 19:11:22,743 - root - INFO - Confusion Matrix:
2025-01-18 19:11:22,744 - root - INFO - 
[[ 81  24  19]
 [  0 111  13]
 [  2  21 101]]
2025-01-18 19:11:22,811 - root - INFO - Best model saved with accuracy: 78.76344086021506%
2025-01-18 19:11:22,811 - root - INFO - Current learning rate: 0.001
2025-01-18 19:11:31,924 - root - INFO - Epoch 2/20, Loss: 0.02438143322751209
2025-01-18 19:11:33,091 - root - INFO - Accuracy after epoch 2: 84.13978494623656%
2025-01-18 19:11:33,093 - root - INFO - Confusion Matrix:
2025-01-18 19:11:33,094 - root - INFO - 
[[100  14  10]
 [  1 112  11]
 [  3  20 101]]
2025-01-18 19:11:33,251 - root - INFO - Best model saved with accuracy: 84.13978494623656%
2025-01-18 19:11:33,251 - root - INFO - Current learning rate: 0.001
2025-01-18 19:11:42,139 - root - INFO - Epoch 3/20, Loss: 0.006603260446469523
2025-01-18 19:11:43,296 - root - INFO - Accuracy after epoch 3: 90.3225806451613%
2025-01-18 19:11:43,298 - root - INFO - Confusion Matrix:
2025-01-18 19:11:43,298 - root - INFO - 
[[113   6   5]
 [  0 111  13]
 [ 11   1 112]]
2025-01-18 19:11:43,462 - root - INFO - Best model saved with accuracy: 90.3225806451613%
2025-01-18 19:11:43,463 - root - INFO - Current learning rate: 0.001
2025-01-18 19:11:52,297 - root - INFO - Epoch 4/20, Loss: 0.0021533376939375177
2025-01-18 19:11:53,457 - root - INFO - Accuracy after epoch 4: 90.59139784946237%
2025-01-18 19:11:53,459 - root - INFO - Confusion Matrix:
2025-01-18 19:11:53,459 - root - INFO - 
[[114   6   4]
 [  2 110  12]
 [ 11   0 113]]
2025-01-18 19:11:53,629 - root - INFO - Best model saved with accuracy: 90.59139784946237%
2025-01-18 19:11:53,629 - root - INFO - Current learning rate: 0.001
2025-01-18 19:12:02,451 - root - INFO - Epoch 5/20, Loss: 0.001082735584129261
2025-01-18 19:12:03,610 - root - INFO - Accuracy after epoch 5: 90.3225806451613%
2025-01-18 19:12:03,612 - root - INFO - Confusion Matrix:
2025-01-18 19:12:03,612 - root - INFO - 
[[111   4   9]
 [  3 110  11]
 [  9   0 115]]
2025-01-18 19:12:03,612 - root - INFO - Current learning rate: 0.0001
2025-01-18 19:12:12,500 - root - INFO - Epoch 6/20, Loss: 0.0025688074292472118
2025-01-18 19:12:13,657 - root - INFO - Accuracy after epoch 6: 86.82795698924731%
2025-01-18 19:12:13,659 - root - INFO - Confusion Matrix:
2025-01-18 19:12:13,660 - root - INFO - 
[[ 98  16  10]
 [  0 113  11]
 [ 12   0 112]]
2025-01-18 19:12:13,660 - root - INFO - Current learning rate: 0.0001
2025-01-18 19:12:22,557 - root - INFO - Epoch 7/20, Loss: 0.001044139577038262
2025-01-18 19:12:23,771 - root - INFO - Accuracy after epoch 7: 91.39784946236558%
2025-01-18 19:12:23,773 - root - INFO - Confusion Matrix:
2025-01-18 19:12:23,773 - root - INFO - 
[[115   5   4]
 [  0 114  10]
 [ 13   0 111]]
2025-01-18 19:12:23,937 - root - INFO - Best model saved with accuracy: 91.39784946236558%
2025-01-18 19:12:23,937 - root - INFO - Current learning rate: 0.0001
2025-01-18 19:12:32,748 - root - INFO - Epoch 8/20, Loss: 0.0010685347681172498
2025-01-18 19:12:33,904 - root - INFO - Accuracy after epoch 8: 93.01075268817205%
2025-01-18 19:12:33,905 - root - INFO - Confusion Matrix:
2025-01-18 19:12:33,906 - root - INFO - 
[[117   1   6]
 [  0 114  10]
 [  8   1 115]]
2025-01-18 19:12:34,077 - root - INFO - Best model saved with accuracy: 93.01075268817205%
2025-01-18 19:12:34,078 - root - INFO - Current learning rate: 0.0001
2025-01-18 19:12:42,880 - root - INFO - Epoch 9/20, Loss: 0.0022323757733415097
2025-01-18 19:12:44,037 - root - INFO - Accuracy after epoch 9: 89.51612903225806%
2025-01-18 19:12:44,039 - root - INFO - Confusion Matrix:
2025-01-18 19:12:44,040 - root - INFO - 
[[110   5   9]
 [  1 112  11]
 [ 13   0 111]]
2025-01-18 19:12:44,040 - root - INFO - Current learning rate: 0.0001
2025-01-18 19:12:52,892 - root - INFO - Epoch 10/20, Loss: 0.0006818989528670223
2025-01-18 19:12:54,053 - root - INFO - Accuracy after epoch 10: 90.05376344086021%
2025-01-18 19:12:54,055 - root - INFO - Confusion Matrix:
2025-01-18 19:12:54,055 - root - INFO - 
[[111   4   9]
 [  0 115   9]
 [ 15   0 109]]
2025-01-18 19:12:54,055 - root - INFO - Current learning rate: 1e-05
2025-01-18 19:13:02,922 - root - INFO - Epoch 11/20, Loss: 0.0006884119282380819
2025-01-18 19:13:04,079 - root - INFO - Accuracy after epoch 11: 91.12903225806451%
2025-01-18 19:13:04,080 - root - INFO - Confusion Matrix:
2025-01-18 19:13:04,081 - root - INFO - 
[[113   3   8]
 [  2 114   8]
 [ 11   1 112]]
2025-01-18 19:13:04,081 - root - INFO - Current learning rate: 1e-05
2025-01-18 19:13:13,039 - root - INFO - Epoch 12/20, Loss: 0.0006449101291982976
2025-01-18 19:13:14,205 - root - INFO - Accuracy after epoch 12: 88.97849462365592%
2025-01-18 19:13:14,206 - root - INFO - Confusion Matrix:
2025-01-18 19:13:14,206 - root - INFO - 
[[107   4  13]
 [  0 113  11]
 [ 11   2 111]]
2025-01-18 19:13:14,206 - root - INFO - Current learning rate: 1e-05
2025-01-18 19:13:23,155 - root - INFO - Epoch 13/20, Loss: 0.0005772496956581827
2025-01-18 19:13:24,321 - root - INFO - Accuracy after epoch 13: 89.24731182795699%
2025-01-18 19:13:24,322 - root - INFO - Confusion Matrix:
2025-01-18 19:13:24,323 - root - INFO - 
[[109   3  12]
 [  0 114  10]
 [ 15   0 109]]
2025-01-18 19:13:24,323 - root - INFO - Current learning rate: 1e-05
2025-01-18 19:13:33,158 - root - INFO - Epoch 14/20, Loss: 0.0005932846296776847
2025-01-18 19:13:34,316 - root - INFO - Accuracy after epoch 14: 90.86021505376344%
2025-01-18 19:13:34,317 - root - INFO - Confusion Matrix:
2025-01-18 19:13:34,317 - root - INFO - 
[[110   6   8]
 [  0 116   8]
 [ 11   1 112]]
2025-01-18 19:13:34,318 - root - INFO - Current learning rate: 1e-05
2025-01-18 19:13:43,153 - root - INFO - Epoch 15/20, Loss: 0.0004798489114559916
2025-01-18 19:13:44,312 - root - INFO - Accuracy after epoch 15: 91.12903225806451%
2025-01-18 19:13:44,313 - root - INFO - Confusion Matrix:
2025-01-18 19:13:44,314 - root - INFO - 
[[110   5   9]
 [  0 116   8]
 [ 11   0 113]]
2025-01-18 19:13:44,314 - root - INFO - Current learning rate: 1e-05
2025-01-18 19:13:53,095 - root - INFO - Epoch 16/20, Loss: 0.0006618312749012573
2025-01-18 19:13:54,259 - root - INFO - Accuracy after epoch 16: 90.59139784946237%
2025-01-18 19:13:54,260 - root - INFO - Confusion Matrix:
2025-01-18 19:13:54,260 - root - INFO - 
[[110   5   9]
 [  0 113  11]
 [ 10   0 114]]
2025-01-18 19:13:54,261 - root - INFO - Current learning rate: 1e-05
2025-01-18 19:14:03,089 - root - INFO - Epoch 17/20, Loss: 0.0006384716993286215
2025-01-18 19:14:04,249 - root - INFO - Accuracy after epoch 17: 88.97849462365592%
2025-01-18 19:14:04,250 - root - INFO - Confusion Matrix:
2025-01-18 19:14:04,251 - root - INFO - 
[[106   7  11]
 [  2 115   7]
 [ 13   1 110]]
2025-01-18 19:14:04,251 - root - INFO - Current learning rate: 1e-05
2025-01-18 19:14:13,072 - root - INFO - Epoch 18/20, Loss: 0.0004860018879172239
2025-01-18 19:14:14,231 - root - INFO - Accuracy after epoch 18: 90.59139784946237%
2025-01-18 19:14:14,232 - root - INFO - Confusion Matrix:
2025-01-18 19:14:14,233 - root - INFO - 
[[112   4   8]
 [  0 112  12]
 [ 10   1 113]]
2025-01-18 19:14:14,233 - root - INFO - Current learning rate: 1e-05
2025-01-18 19:14:23,045 - root - INFO - Epoch 19/20, Loss: 0.0004918118004441774
2025-01-18 19:14:24,202 - root - INFO - Accuracy after epoch 19: 93.01075268817205%
2025-01-18 19:14:24,203 - root - INFO - Confusion Matrix:
2025-01-18 19:14:24,203 - root - INFO - 
[[115   3   6]
 [  2 115   7]
 [  7   1 116]]
2025-01-18 19:14:24,203 - root - INFO - Current learning rate: 1e-05
2025-01-18 19:14:33,079 - root - INFO - Epoch 20/20, Loss: 0.0005183293610513564
2025-01-18 19:14:34,238 - root - INFO - Accuracy after epoch 20: 91.66666666666667%
2025-01-18 19:14:34,239 - root - INFO - Confusion Matrix:
2025-01-18 19:14:34,240 - root - INFO - 
[[110   2  12]
 [  0 116   8]
 [  9   0 115]]
2025-01-18 19:14:34,308 - root - INFO - Last model saved
2025-01-18 19:14:34,333 - root - INFO - Model parameters: 9532355.0
2025-01-18 19:14:34,333 - root - INFO - Model FLOPs: 106718720.0
2025-01-18 19:14:34,479 - root - INFO - Learning rate plot saved to /media/sdb/ddh/Big-HW/output/train_27/visualization/learning_rate.png
2025-01-18 19:14:34,602 - root - INFO - Loss plot saved to /media/sdb/ddh/Big-HW/output/train_27/visualization/loss.png
2025-01-18 19:14:34,727 - root - INFO - Accuracy plot saved to /media/sdb/ddh/Big-HW/output/train_27/visualization/accuracy.png
