2025-01-18 12:38:46,954 - root - INFO - Setup seed: 1231312
2025-01-18 12:38:47,012 - root - INFO - Using device: cuda
2025-01-18 12:38:47,027 - root - INFO - Visualization of transformation saved to /media/sdb/ddh/Big-HW/output/train_19/visualization/transformation.png
2025-01-18 12:38:47,035 - root - INFO - Training samples: 2520, Testing samples: 372
2025-01-18 12:38:47,035 - root - INFO - Classes: ['paper', 'rock', 'scissors']
2025-01-18 12:38:47,035 - root - INFO - Training set class distribution:
2025-01-18 12:38:47,035 - root - INFO - paper: 840
2025-01-18 12:38:47,035 - root - INFO - rock: 840
2025-01-18 12:38:47,035 - root - INFO - scissors: 840
2025-01-18 12:38:47,036 - root - INFO - Testing set class distribution:
2025-01-18 12:38:47,036 - root - INFO - paper: 124
2025-01-18 12:38:47,036 - root - INFO - rock: 124
2025-01-18 12:38:47,036 - root - INFO - scissors: 124
2025-01-18 12:38:56,633 - root - INFO - Epoch 1/30, Loss: 2.220705634355545
2025-01-18 12:38:57,877 - root - INFO - Accuracy after epoch 1: 66.12903225806451%
2025-01-18 12:38:57,880 - root - INFO - Confusion Matrix:
2025-01-18 12:38:57,880 - root - INFO - [[ 36  40  48]
 [  7 106  11]
 [  4  16 104]]
2025-01-18 12:39:06,847 - root - INFO - Epoch 2/30, Loss: 0.1751294381916523
2025-01-18 12:39:08,068 - root - INFO - Accuracy after epoch 2: 88.44086021505376%
2025-01-18 12:39:08,070 - root - INFO - Confusion Matrix:
2025-01-18 12:39:08,070 - root - INFO - [[123   0   1]
 [ 14  96  14]
 [ 14   0 110]]
2025-01-18 12:39:17,005 - root - INFO - Epoch 3/30, Loss: 0.03392670906614512
2025-01-18 12:39:18,231 - root - INFO - Accuracy after epoch 3: 85.21505376344086%
2025-01-18 12:39:18,233 - root - INFO - Confusion Matrix:
2025-01-18 12:39:18,234 - root - INFO - [[116   2   6]
 [ 10 100  14]
 [ 23   0 101]]
2025-01-18 12:39:27,203 - root - INFO - Epoch 4/30, Loss: 0.012899054179433734
2025-01-18 12:39:28,428 - root - INFO - Accuracy after epoch 4: 84.6774193548387%
2025-01-18 12:39:28,430 - root - INFO - Confusion Matrix:
2025-01-18 12:39:28,430 - root - INFO - [[111   5   8]
 [  9 101  14]
 [ 20   1 103]]
2025-01-18 12:39:37,469 - root - INFO - Epoch 5/30, Loss: 0.0043514104443602266
2025-01-18 12:39:38,725 - root - INFO - Accuracy after epoch 5: 83.60215053763442%
2025-01-18 12:39:38,726 - root - INFO - Confusion Matrix:
2025-01-18 12:39:38,726 - root - INFO - [[111   5   8]
 [  9 102  13]
 [ 26   0  98]]
2025-01-18 12:39:47,856 - root - INFO - Epoch 6/30, Loss: 0.0019383554841624572
2025-01-18 12:39:49,110 - root - INFO - Accuracy after epoch 6: 82.52688172043011%
2025-01-18 12:39:49,112 - root - INFO - Confusion Matrix:
2025-01-18 12:39:49,112 - root - INFO - [[110   6   8]
 [  6 105  13]
 [ 32   0  92]]
2025-01-18 12:39:58,250 - root - INFO - Epoch 7/30, Loss: 0.00203843126873835
2025-01-18 12:39:59,512 - root - INFO - Accuracy after epoch 7: 87.09677419354838%
2025-01-18 12:39:59,514 - root - INFO - Confusion Matrix:
2025-01-18 12:39:59,515 - root - INFO - [[108   8   8]
 [  2 109  13]
 [ 16   1 107]]
2025-01-18 12:40:08,602 - root - INFO - Epoch 8/30, Loss: 0.002191246012807824
2025-01-18 12:40:09,855 - root - INFO - Accuracy after epoch 8: 86.55913978494624%
2025-01-18 12:40:09,857 - root - INFO - Confusion Matrix:
2025-01-18 12:40:09,857 - root - INFO - [[112   2  10]
 [  5 105  14]
 [ 13   6 105]]
2025-01-18 12:40:19,001 - root - INFO - Epoch 9/30, Loss: 0.0012772392605256756
2025-01-18 12:40:20,257 - root - INFO - Accuracy after epoch 9: 86.02150537634408%
2025-01-18 12:40:20,259 - root - INFO - Confusion Matrix:
2025-01-18 12:40:20,259 - root - INFO - [[108   2  14]
 [  5 106  13]
 [ 18   0 106]]
2025-01-18 12:40:29,340 - root - INFO - Epoch 10/30, Loss: 0.002766210725712881
2025-01-18 12:40:30,594 - root - INFO - Accuracy after epoch 10: 83.60215053763442%
2025-01-18 12:40:30,596 - root - INFO - Confusion Matrix:
2025-01-18 12:40:30,596 - root - INFO - [[110   1  13]
 [  9 103  12]
 [ 26   0  98]]
2025-01-18 12:40:39,656 - root - INFO - Epoch 11/30, Loss: 0.004464694627677091
2025-01-18 12:40:40,915 - root - INFO - Accuracy after epoch 11: 83.33333333333333%
2025-01-18 12:40:40,917 - root - INFO - Confusion Matrix:
2025-01-18 12:40:40,917 - root - INFO - [[107   9   8]
 [  7 105  12]
 [ 22   4  98]]
2025-01-18 12:40:49,980 - root - INFO - Epoch 12/30, Loss: 0.005097150217625313
2025-01-18 12:40:51,227 - root - INFO - Accuracy after epoch 12: 84.94623655913979%
2025-01-18 12:40:51,229 - root - INFO - Confusion Matrix:
2025-01-18 12:40:51,229 - root - INFO - [[117   3   4]
 [  5 107  12]
 [ 32   0  92]]
2025-01-18 12:41:00,308 - root - INFO - Epoch 13/30, Loss: 0.004701638354163151
2025-01-18 12:41:01,560 - root - INFO - Accuracy after epoch 13: 84.6774193548387%
2025-01-18 12:41:01,562 - root - INFO - Confusion Matrix:
2025-01-18 12:41:01,562 - root - INFO - [[105  11   8]
 [  1 109  14]
 [ 21   2 101]]
2025-01-18 12:41:10,648 - root - INFO - Epoch 14/30, Loss: 0.003692807110201102
2025-01-18 12:41:11,895 - root - INFO - Accuracy after epoch 14: 84.6774193548387%
2025-01-18 12:41:11,896 - root - INFO - Confusion Matrix:
2025-01-18 12:41:11,896 - root - INFO - [[109   3  12]
 [  5 106  13]
 [ 22   2 100]]
2025-01-18 12:41:21,007 - root - INFO - Epoch 15/30, Loss: 0.0011562852661882062
2025-01-18 12:41:22,263 - root - INFO - Accuracy after epoch 15: 87.36559139784946%
2025-01-18 12:41:22,265 - root - INFO - Confusion Matrix:
2025-01-18 12:41:22,265 - root - INFO - [[107   5  12]
 [  6 106  12]
 [ 12   0 112]]
2025-01-18 12:41:31,339 - root - INFO - Epoch 16/30, Loss: 0.000272936523106182
2025-01-18 12:41:32,585 - root - INFO - Accuracy after epoch 16: 85.75268817204301%
2025-01-18 12:41:32,587 - root - INFO - Confusion Matrix:
2025-01-18 12:41:32,587 - root - INFO - [[112   2  10]
 [ 10 103  11]
 [ 20   0 104]]
2025-01-18 12:41:41,637 - root - INFO - Epoch 17/30, Loss: 0.0006248363329177664
2025-01-18 12:41:42,886 - root - INFO - Accuracy after epoch 17: 82.79569892473118%
2025-01-18 12:41:42,888 - root - INFO - Confusion Matrix:
2025-01-18 12:41:42,888 - root - INFO - [[100  12  12]
 [  3 109  12]
 [  9  16  99]]
2025-01-18 12:41:51,962 - root - INFO - Epoch 18/30, Loss: 0.003118042863025039
2025-01-18 12:41:53,213 - root - INFO - Accuracy after epoch 18: 86.02150537634408%
2025-01-18 12:41:53,214 - root - INFO - Confusion Matrix:
2025-01-18 12:41:53,215 - root - INFO - [[110   3  11]
 [  5 106  13]
 [ 20   0 104]]
2025-01-18 12:42:02,306 - root - INFO - Epoch 19/30, Loss: 0.000902348270665243
2025-01-18 12:42:03,561 - root - INFO - Accuracy after epoch 19: 82.52688172043011%
2025-01-18 12:42:03,563 - root - INFO - Confusion Matrix:
2025-01-18 12:42:03,563 - root - INFO - [[107   8   9]
 [  6 104  14]
 [ 26   2  96]]
2025-01-18 12:42:12,640 - root - INFO - Epoch 20/30, Loss: 0.0004038911662064493
2025-01-18 12:42:13,889 - root - INFO - Accuracy after epoch 20: 83.33333333333333%
2025-01-18 12:42:13,890 - root - INFO - Confusion Matrix:
2025-01-18 12:42:13,890 - root - INFO - [[104   8  12]
 [  8 103  13]
 [ 18   3 103]]
2025-01-18 12:42:22,983 - root - INFO - Epoch 21/30, Loss: 0.0003256642613450822
2025-01-18 12:42:24,230 - root - INFO - Accuracy after epoch 21: 87.09677419354838%
2025-01-18 12:42:24,231 - root - INFO - Confusion Matrix:
2025-01-18 12:42:24,232 - root - INFO - [[109   2  13]
 [  7 103  14]
 [ 12   0 112]]
2025-01-18 12:42:33,198 - root - INFO - Epoch 22/30, Loss: 0.00018635201286087977
2025-01-18 12:42:34,414 - root - INFO - Accuracy after epoch 22: 87.09677419354838%
2025-01-18 12:42:34,415 - root - INFO - Confusion Matrix:
2025-01-18 12:42:34,415 - root - INFO - [[111   2  11]
 [  7 104  13]
 [ 15   0 109]]
2025-01-18 12:42:43,341 - root - INFO - Epoch 23/30, Loss: 8.0500560488872e-05
2025-01-18 12:42:44,564 - root - INFO - Accuracy after epoch 23: 87.36559139784946%
2025-01-18 12:42:44,566 - root - INFO - Confusion Matrix:
2025-01-18 12:42:44,566 - root - INFO - [[108   5  11]
 [  6 104  14]
 [ 11   0 113]]
2025-01-18 12:42:53,482 - root - INFO - Epoch 24/30, Loss: 9.079983002493463e-05
2025-01-18 12:42:54,701 - root - INFO - Accuracy after epoch 24: 86.29032258064517%
2025-01-18 12:42:54,702 - root - INFO - Confusion Matrix:
2025-01-18 12:42:54,702 - root - INFO - [[112   3   9]
 [  6 107  11]
 [ 21   1 102]]
2025-01-18 12:43:03,617 - root - INFO - Epoch 25/30, Loss: 0.00010137360376347715
2025-01-18 12:43:04,839 - root - INFO - Accuracy after epoch 25: 88.17204301075269%
2025-01-18 12:43:04,840 - root - INFO - Confusion Matrix:
2025-01-18 12:43:04,840 - root - INFO - [[111   3  10]
 [  3 108  13]
 [ 15   0 109]]
2025-01-18 12:43:13,727 - root - INFO - Epoch 26/30, Loss: 2.5570840207933543e-05
2025-01-18 12:43:14,945 - root - INFO - Accuracy after epoch 26: 86.55913978494624%
2025-01-18 12:43:14,946 - root - INFO - Confusion Matrix:
2025-01-18 12:43:14,946 - root - INFO - [[112   3   9]
 [  6 105  13]
 [ 19   0 105]]
2025-01-18 12:43:23,890 - root - INFO - Epoch 27/30, Loss: 3.8071001517892e-05
2025-01-18 12:43:25,108 - root - INFO - Accuracy after epoch 27: 85.21505376344086%
2025-01-18 12:43:25,110 - root - INFO - Confusion Matrix:
2025-01-18 12:43:25,110 - root - INFO - [[112   4   8]
 [  8 103  13]
 [ 22   0 102]]
2025-01-18 12:43:34,032 - root - INFO - Epoch 28/30, Loss: 1.900283639315603e-05
2025-01-18 12:43:35,255 - root - INFO - Accuracy after epoch 28: 85.48387096774194%
2025-01-18 12:43:35,257 - root - INFO - Confusion Matrix:
2025-01-18 12:43:35,257 - root - INFO - [[107   4  13]
 [  5 106  13]
 [ 18   1 105]]
2025-01-18 12:43:44,162 - root - INFO - Epoch 29/30, Loss: 0.00013689421494404995
2025-01-18 12:43:45,391 - root - INFO - Accuracy after epoch 29: 86.55913978494624%
2025-01-18 12:43:45,392 - root - INFO - Confusion Matrix:
2025-01-18 12:43:45,392 - root - INFO - [[106   8  10]
 [  0 112  12]
 [ 19   1 104]]
2025-01-18 12:43:54,304 - root - INFO - Epoch 30/30, Loss: 0.0001139929850523913
2025-01-18 12:43:55,524 - root - INFO - Accuracy after epoch 30: 84.13978494623656%
2025-01-18 12:43:55,525 - root - INFO - Confusion Matrix:
2025-01-18 12:43:55,526 - root - INFO - [[109   4  11]
 [  4 109  11]
 [ 28   1  95]]
