2025-01-18 13:01:53,997 - root - INFO - Setup seed: 6666666
2025-01-18 13:01:54,058 - root - INFO - Using device: cuda
2025-01-18 13:01:54,110 - root - INFO - Visualization of transformation saved to /media/sdb/ddh/Big-HW/output/train_20/visualization/transformation.png
2025-01-18 13:01:54,117 - root - INFO - Training samples: 2520, Testing samples: 372
2025-01-18 13:01:54,117 - root - INFO - Classes: ['paper', 'rock', 'scissors']
2025-01-18 13:01:54,117 - root - INFO - Training set class distribution:
2025-01-18 13:01:54,117 - root - INFO - paper: 840
2025-01-18 13:01:54,117 - root - INFO - rock: 840
2025-01-18 13:01:54,117 - root - INFO - scissors: 840
2025-01-18 13:01:54,118 - root - INFO - Testing set class distribution:
2025-01-18 13:01:54,118 - root - INFO - paper: 124
2025-01-18 13:01:54,118 - root - INFO - rock: 124
2025-01-18 13:01:54,118 - root - INFO - scissors: 124
2025-01-18 13:02:08,304 - root - INFO - Epoch 1/30, Loss: 4.547007241845131
2025-01-18 13:02:10,041 - root - INFO - Accuracy after epoch 1: 48.924731182795696%
2025-01-18 13:02:10,045 - root - INFO - Confusion Matrix:
2025-01-18 13:02:10,045 - root - INFO - [[ 26  31  67]
 [ 11  55  58]
 [  7  16 101]]
2025-01-18 13:02:22,313 - root - INFO - Epoch 2/30, Loss: 0.25403375886380675
2025-01-18 13:02:23,742 - root - INFO - Accuracy after epoch 2: 75.26881720430107%
2025-01-18 13:02:23,744 - root - INFO - Confusion Matrix:
2025-01-18 13:02:23,744 - root - INFO - [[ 90  19  15]
 [  8  90  26]
 [  5  19 100]]
2025-01-18 13:02:35,522 - root - INFO - Epoch 3/30, Loss: 0.05080279298126698
2025-01-18 13:02:36,939 - root - INFO - Accuracy after epoch 3: 77.41935483870968%
2025-01-18 13:02:36,941 - root - INFO - Confusion Matrix:
2025-01-18 13:02:36,941 - root - INFO - [[112   0  12]
 [ 11  90  23]
 [ 25  13  86]]
2025-01-18 13:02:48,754 - root - INFO - Epoch 4/30, Loss: 0.02170363353216089
2025-01-18 13:02:50,181 - root - INFO - Accuracy after epoch 4: 76.61290322580645%
2025-01-18 13:02:50,183 - root - INFO - Confusion Matrix:
2025-01-18 13:02:50,183 - root - INFO - [[114   1   9]
 [  9  93  22]
 [ 37   9  78]]
2025-01-18 13:03:02,187 - root - INFO - Epoch 5/30, Loss: 0.012295627896673978
2025-01-18 13:03:03,892 - root - INFO - Accuracy after epoch 5: 76.0752688172043%
2025-01-18 13:03:03,894 - root - INFO - Confusion Matrix:
2025-01-18 13:03:03,894 - root - INFO - [[110   5   9]
 [ 12  96  16]
 [ 42   5  77]]
2025-01-18 13:03:16,038 - root - INFO - Epoch 6/30, Loss: 0.003639136913989205
2025-01-18 13:03:17,464 - root - INFO - Accuracy after epoch 6: 73.11827956989248%
2025-01-18 13:03:17,466 - root - INFO - Confusion Matrix:
2025-01-18 13:03:17,466 - root - INFO - [[114   6   4]
 [ 15  94  15]
 [ 51   9  64]]
2025-01-18 13:03:29,105 - root - INFO - Epoch 7/30, Loss: 0.0024269212241051718
2025-01-18 13:03:30,523 - root - INFO - Accuracy after epoch 7: 72.84946236559139%
2025-01-18 13:03:30,525 - root - INFO - Confusion Matrix:
2025-01-18 13:03:30,525 - root - INFO - [[116   2   6]
 [ 11  98  15]
 [ 60   7  57]]
2025-01-18 13:03:42,282 - root - INFO - Epoch 8/30, Loss: 0.0019051123133976943
2025-01-18 13:03:43,722 - root - INFO - Accuracy after epoch 8: 77.68817204301075%
2025-01-18 13:03:43,724 - root - INFO - Confusion Matrix:
2025-01-18 13:03:43,724 - root - INFO - [[121   1   2]
 [ 13  95  16]
 [ 44   7  73]]
2025-01-18 13:03:55,546 - root - INFO - Epoch 9/30, Loss: 0.002113505012675887
2025-01-18 13:03:56,983 - root - INFO - Accuracy after epoch 9: 74.19354838709677%
2025-01-18 13:03:56,985 - root - INFO - Confusion Matrix:
2025-01-18 13:03:56,985 - root - INFO - [[116   7   1]
 [  9 100  15]
 [ 59   5  60]]
2025-01-18 13:04:09,035 - root - INFO - Epoch 10/30, Loss: 0.000555432703185943
2025-01-18 13:04:10,542 - root - INFO - Accuracy after epoch 10: 76.0752688172043%
2025-01-18 13:04:10,544 - root - INFO - Confusion Matrix:
2025-01-18 13:04:10,544 - root - INFO - [[113   6   5]
 [  8 101  15]
 [ 44  11  69]]
2025-01-18 13:04:22,507 - root - INFO - Epoch 11/30, Loss: 0.0004918907980936638
2025-01-18 13:04:23,925 - root - INFO - Accuracy after epoch 11: 73.65591397849462%
2025-01-18 13:04:23,927 - root - INFO - Confusion Matrix:
2025-01-18 13:04:23,927 - root - INFO - [[116   4   4]
 [ 15  91  18]
 [ 52   5  67]]
2025-01-18 13:04:35,748 - root - INFO - Epoch 12/30, Loss: 0.0026443169235790265
2025-01-18 13:04:37,197 - root - INFO - Accuracy after epoch 12: 74.19354838709677%
2025-01-18 13:04:37,199 - root - INFO - Confusion Matrix:
2025-01-18 13:04:37,199 - root - INFO - [[118   6   0]
 [ 13  97  14]
 [ 54   9  61]]
2025-01-18 13:04:48,880 - root - INFO - Epoch 13/30, Loss: 0.0007585098246636335
2025-01-18 13:04:50,296 - root - INFO - Accuracy after epoch 13: 72.58064516129032%
2025-01-18 13:04:50,298 - root - INFO - Confusion Matrix:
2025-01-18 13:04:50,298 - root - INFO - [[111   7   6]
 [ 13  95  16]
 [ 51   9  64]]
2025-01-18 13:05:01,983 - root - INFO - Epoch 14/30, Loss: 0.0004244194813509239
2025-01-18 13:05:03,455 - root - INFO - Accuracy after epoch 14: 72.04301075268818%
2025-01-18 13:05:03,457 - root - INFO - Confusion Matrix:
2025-01-18 13:05:03,457 - root - INFO - [[109   7   8]
 [ 11  96  17]
 [ 57   4  63]]
2025-01-18 13:05:15,151 - root - INFO - Epoch 15/30, Loss: 0.0008422107071965002
2025-01-18 13:05:16,579 - root - INFO - Accuracy after epoch 15: 73.65591397849462%
2025-01-18 13:05:16,580 - root - INFO - Confusion Matrix:
2025-01-18 13:05:16,580 - root - INFO - [[110   5   9]
 [ 10  98  16]
 [ 44  14  66]]
2025-01-18 13:05:28,258 - root - INFO - Epoch 16/30, Loss: 0.004130837963384692
2025-01-18 13:05:29,739 - root - INFO - Accuracy after epoch 16: 73.65591397849462%
2025-01-18 13:05:29,741 - root - INFO - Confusion Matrix:
2025-01-18 13:05:29,742 - root - INFO - [[108   9   7]
 [ 11  98  15]
 [ 51   5  68]]
2025-01-18 13:05:41,641 - root - INFO - Epoch 17/30, Loss: 0.007168805969558889
2025-01-18 13:05:43,073 - root - INFO - Accuracy after epoch 17: 75.26881720430107%
2025-01-18 13:05:43,075 - root - INFO - Confusion Matrix:
2025-01-18 13:05:43,075 - root - INFO - [[ 98  16  10]
 [  2 108  14]
 [ 36  14  74]]
2025-01-18 13:05:55,188 - root - INFO - Epoch 18/30, Loss: 0.008271720315678976
2025-01-18 13:05:56,606 - root - INFO - Accuracy after epoch 18: 75.53763440860214%
2025-01-18 13:05:56,608 - root - INFO - Confusion Matrix:
2025-01-18 13:05:56,609 - root - INFO - [[ 99   9  16]
 [  7 102  15]
 [ 39   5  80]]
2025-01-18 13:06:08,383 - root - INFO - Epoch 19/30, Loss: 0.0015417755785165355
2025-01-18 13:06:09,901 - root - INFO - Accuracy after epoch 19: 77.15053763440861%
2025-01-18 13:06:09,903 - root - INFO - Confusion Matrix:
2025-01-18 13:06:09,903 - root - INFO - [[110  11   3]
 [  6 102  16]
 [ 42   7  75]]
2025-01-18 13:06:21,746 - root - INFO - Epoch 20/30, Loss: 0.0021593345001747364
2025-01-18 13:06:23,180 - root - INFO - Accuracy after epoch 20: 75.80645161290323%
2025-01-18 13:06:23,182 - root - INFO - Confusion Matrix:
2025-01-18 13:06:23,182 - root - INFO - [[112   7   5]
 [  3 105  16]
 [ 48  11  65]]
2025-01-18 13:06:34,959 - root - INFO - Epoch 21/30, Loss: 0.0007170267879700986
2025-01-18 13:06:36,387 - root - INFO - Accuracy after epoch 21: 74.73118279569893%
2025-01-18 13:06:36,389 - root - INFO - Confusion Matrix:
2025-01-18 13:06:36,389 - root - INFO - [[119   5   0]
 [  3 109  12]
 [ 62  12  50]]
2025-01-18 13:06:48,226 - root - INFO - Epoch 22/30, Loss: 0.000525387023390067
2025-01-18 13:06:49,704 - root - INFO - Accuracy after epoch 22: 73.38709677419355%
2025-01-18 13:06:49,706 - root - INFO - Confusion Matrix:
2025-01-18 13:06:49,706 - root - INFO - [[104  15   5]
 [  5 106  13]
 [ 48  13  63]]
2025-01-18 13:07:02,625 - root - INFO - Epoch 23/30, Loss: 0.00016099938407023728
2025-01-18 13:07:04,060 - root - INFO - Accuracy after epoch 23: 74.19354838709677%
2025-01-18 13:07:04,062 - root - INFO - Confusion Matrix:
2025-01-18 13:07:04,062 - root - INFO - [[105  16   3]
 [  7 104  13]
 [ 44  13  67]]
2025-01-18 13:07:15,885 - root - INFO - Epoch 24/30, Loss: 0.0003820894648697504
2025-01-18 13:07:17,312 - root - INFO - Accuracy after epoch 24: 73.38709677419355%
2025-01-18 13:07:17,314 - root - INFO - Confusion Matrix:
2025-01-18 13:07:17,314 - root - INFO - [[120   3   1]
 [ 14  94  16]
 [ 64   1  59]]
2025-01-18 13:07:29,519 - root - INFO - Epoch 25/30, Loss: 0.0019244563108031798
2025-01-18 13:07:30,964 - root - INFO - Accuracy after epoch 25: 76.34408602150538%
2025-01-18 13:07:30,967 - root - INFO - Confusion Matrix:
2025-01-18 13:07:30,967 - root - INFO - [[104  17   3]
 [  5 105  14]
 [ 36  13  75]]
2025-01-18 13:07:42,741 - root - INFO - Epoch 26/30, Loss: 7.32990522919863e-05
2025-01-18 13:07:44,252 - root - INFO - Accuracy after epoch 26: 75.0%
2025-01-18 13:07:44,254 - root - INFO - Confusion Matrix:
2025-01-18 13:07:44,254 - root - INFO - [[113   8   3]
 [  7 103  14]
 [ 52   9  63]]
2025-01-18 13:07:56,033 - root - INFO - Epoch 27/30, Loss: 0.0003889892897632308
2025-01-18 13:07:57,457 - root - INFO - Accuracy after epoch 27: 73.65591397849462%
2025-01-18 13:07:57,459 - root - INFO - Confusion Matrix:
2025-01-18 13:07:57,460 - root - INFO - [[103  15   6]
 [  6 102  16]
 [ 43  12  69]]
2025-01-18 13:08:09,406 - root - INFO - Epoch 28/30, Loss: 0.0008157698820923543
2025-01-18 13:08:10,824 - root - INFO - Accuracy after epoch 28: 72.04301075268818%
2025-01-18 13:08:10,825 - root - INFO - Confusion Matrix:
2025-01-18 13:08:10,825 - root - INFO - [[119   4   1]
 [ 13  97  14]
 [ 67   5  52]]
2025-01-18 13:08:22,923 - root - INFO - Epoch 29/30, Loss: 0.0004386998538393527
2025-01-18 13:08:24,353 - root - INFO - Accuracy after epoch 29: 75.26881720430107%
2025-01-18 13:08:24,355 - root - INFO - Confusion Matrix:
2025-01-18 13:08:24,355 - root - INFO - [[113   3   8]
 [ 17  91  16]
 [ 42   6  76]]
2025-01-18 13:08:36,234 - root - INFO - Epoch 30/30, Loss: 0.00010340788983285166
2025-01-18 13:08:37,649 - root - INFO - Accuracy after epoch 30: 76.0752688172043%
2025-01-18 13:08:37,650 - root - INFO - Confusion Matrix:
2025-01-18 13:08:37,650 - root - INFO - [[115   4   5]
 [ 14  96  14]
 [ 43   9  72]]
