2025-01-18 23:40:49,188 - root - INFO - Setup seed: 1231312
2025-01-18 23:40:49,242 - root - INFO - Using device: cuda
2025-01-18 23:40:49,282 - root - INFO - Visualization of transformation saved to /media/sdb/ddh/Big-HW/output/train_29/visualization/transformation.png
2025-01-18 23:40:49,290 - root - INFO - Training samples: 2520, Testing samples: 372
2025-01-18 23:40:49,290 - root - INFO - Classes: ['paper', 'rock', 'scissors']
2025-01-18 23:40:49,290 - root - INFO - Training set class distribution:
2025-01-18 23:40:49,290 - root - INFO - paper: 840
2025-01-18 23:40:49,290 - root - INFO - rock: 840
2025-01-18 23:40:49,290 - root - INFO - scissors: 840
2025-01-18 23:40:49,290 - root - INFO - Testing set class distribution:
2025-01-18 23:40:49,291 - root - INFO - paper: 124
2025-01-18 23:40:49,291 - root - INFO - rock: 124
2025-01-18 23:40:49,291 - root - INFO - scissors: 124
2025-01-18 23:40:49,560 - root - INFO - Current learning rate: 0.001
2025-01-18 23:40:59,093 - root - INFO - Epoch 1/20, Loss: 2.410664931128297
2025-01-18 23:41:00,348 - root - INFO - Accuracy after epoch 1: 52.68817204301075%
2025-01-18 23:41:00,351 - root - INFO - Confusion Matrix:
2025-01-18 23:41:00,351 - root - INFO - 
[[52 43 29]
 [17 62 45]
 [21 21 82]]
2025-01-18 23:41:00,420 - root - INFO - Best model saved with accuracy: 52.68817204301075%
2025-01-18 23:41:00,421 - root - INFO - Current learning rate: 0.001
2025-01-18 23:41:09,718 - root - INFO - Epoch 2/20, Loss: 0.3989832572921922
2025-01-18 23:41:10,953 - root - INFO - Accuracy after epoch 2: 55.645161290322584%
2025-01-18 23:41:10,955 - root - INFO - Confusion Matrix:
2025-01-18 23:41:10,955 - root - INFO - 
[[40 52 32]
 [14 78 32]
 [ 8 27 89]]
2025-01-18 23:41:11,130 - root - INFO - Best model saved with accuracy: 55.645161290322584%
2025-01-18 23:41:11,131 - root - INFO - Current learning rate: 0.001
2025-01-18 23:41:20,181 - root - INFO - Epoch 3/20, Loss: 0.15364017747814143
2025-01-18 23:41:21,368 - root - INFO - Accuracy after epoch 3: 68.27956989247312%
2025-01-18 23:41:21,370 - root - INFO - Confusion Matrix:
2025-01-18 23:41:21,371 - root - INFO - 
[[ 51  32  41]
 [  5  97  22]
 [ 12   6 106]]
2025-01-18 23:41:21,547 - root - INFO - Best model saved with accuracy: 68.27956989247312%
2025-01-18 23:41:21,547 - root - INFO - Current learning rate: 0.001
2025-01-18 23:41:30,578 - root - INFO - Epoch 4/20, Loss: 0.08059050663834132
2025-01-18 23:41:31,772 - root - INFO - Accuracy after epoch 4: 66.39784946236558%
2025-01-18 23:41:31,774 - root - INFO - Confusion Matrix:
2025-01-18 23:41:31,774 - root - INFO - 
[[60 30 34]
 [13 97 14]
 [22 12 90]]
2025-01-18 23:41:31,775 - root - INFO - Current learning rate: 0.001
